[ 2014-11-08T09:45:47+08:00 ] 127.0.0.1 /
INFO: [ app_begin ] --START--
INFO: ReadHtmlCache Behavior ::run [ RunTime:0.000919s ]
INFO: [ app_begin ] --END-- [ RunTime:0.001086s ]
SQL: SHOW COLUMNS FROM `vii_cate` [ RunTime:0.002860s ]
ERR: 1146:Table 'vii_zone.vii_cate' doesn't exist
 [ SQL语句 ] : SHOW COLUMNS FROM `vii_cate`
SQL: SHOW COLUMNS FROM `vii_set` [ RunTime:0.002689s ]
ERR: 1146:Table 'vii_zone.vii_set' doesn't exist
 [ SQL语句 ] : SHOW COLUMNS FROM `vii_set`
NOTIC: [8] unserialize(): Error at offset 0 of 74 bytes D:\wamp\www\viiz\ThinkPHP\Lib\Driver\Cache\CacheFile.class.php 第 107 行.
SQL: SELECT * FROM `vii_cate` WHERE ( `pid` = 0 ) ORDER BY sort DESC  [ RunTime:0.000344s ]
ERR: 1146:Table 'vii_zone.vii_cate' doesn't exist
 [ SQL语句 ] : SELECT * FROM `vii_cate` WHERE ( `pid` = 0 ) ORDER BY sort DESC 
NOTIC: [8] unserialize(): Error at offset 0 of 43 bytes D:\wamp\www\viiz\ThinkPHP\Lib\Driver\Cache\CacheFile.class.php 第 107 行.
SQL: SELECT * FROM `vii_set` LIMIT 1   [ RunTime:0.000409s ]
ERR: 1146:Table 'vii_zone.vii_set' doesn't exist
 [ SQL语句 ] : SELECT * FROM `vii_set` LIMIT 1  
SQL: SHOW COLUMNS FROM `vii_spcate` [ RunTime:0.002812s ]
ERR: 1146:Table 'vii_zone.vii_spcate' doesn't exist
 [ SQL语句 ] : SHOW COLUMNS FROM `vii_spcate`
SQL: SHOW COLUMNS FROM `vii_spread` [ RunTime:0.002945s ]
ERR: 1146:Table 'vii_zone.vii_spread' doesn't exist
 [ SQL语句 ] : SHOW COLUMNS FROM `vii_spread`
SQL: SHOW COLUMNS FROM `vii_weixin` [ RunTime:0.002612s ]
ERR: 1146:Table 'vii_zone.vii_weixin' doesn't exist
 [ SQL语句 ] : SHOW COLUMNS FROM `vii_weixin`
SQL: SHOW COLUMNS FROM `vii_ad` [ RunTime:0.002626s ]
ERR: 1146:Table 'vii_zone.vii_ad' doesn't exist
 [ SQL语句 ] : SHOW COLUMNS FROM `vii_ad`
NOTIC: [8] unserialize(): Error at offset 0 of 56 bytes D:\wamp\www\viiz\ThinkPHP\Lib\Driver\Cache\CacheFile.class.php 第 107 行.
SQL: SELECT * FROM `vii_ad` WHERE ( `status` = 1 )  [ RunTime:0.000276s ]
ERR: 1146:Table 'vii_zone.vii_ad' doesn't exist
 [ SQL语句 ] : SELECT * FROM `vii_ad` WHERE ( `status` = 1 ) 
NOTIC: [8] unserialize(): Error at offset 0 of 81 bytes D:\wamp\www\viiz\ThinkPHP\Lib\Driver\Cache\CacheFile.class.php 第 107 行.
SQL: SELECT `cat_id` FROM `vii_spcate` WHERE ( `title` = 'Index' ) LIMIT 1   [ RunTime:0.000242s ]
ERR: 1146:Table 'vii_zone.vii_spcate' doesn't exist
 [ SQL语句 ] : SELECT `cat_id` FROM `vii_spcate` WHERE ( `title` = 'Index' ) LIMIT 1  
SQL: SHOW COLUMNS FROM `vii_spread` [ RunTime:0.002647s ]
ERR: 1146:Table 'vii_zone.vii_spread' doesn't exist
 [ SQL语句 ] : SHOW COLUMNS FROM `vii_spread`
SQL: SELECT * FROM `vii_spread` WHERE ( `cid` = null ) AND ( `status` = 1 ) AND ( `end` > 1415411147 ) ORDER BY price DESC LIMIT 0,1   [ RunTime:0.000436s ]
ERR: 1146:Table 'vii_zone.vii_spread' doesn't exist
 [ SQL语句 ] : SELECT * FROM `vii_spread` WHERE ( `cid` = null ) AND ( `status` = 1 ) AND ( `end` > 1415411147 ) ORDER BY price DESC LIMIT 0,1  
NOTIC: [8] unserialize(): Error at offset 0 of 89 bytes D:\wamp\www\viiz\ThinkPHP\Lib\Driver\Cache\CacheFile.class.php 第 107 行.
SQL: SELECT `cat_id` FROM `vii_spcate` WHERE ( `title` = 'Index_tuijian' ) LIMIT 1   [ RunTime:0.000275s ]
ERR: 1146:Table 'vii_zone.vii_spcate' doesn't exist
 [ SQL语句 ] : SELECT `cat_id` FROM `vii_spcate` WHERE ( `title` = 'Index_tuijian' ) LIMIT 1  
SQL: SELECT * FROM `vii_spread` WHERE ( `cid` = null ) AND ( `status` = 1 ) AND ( `end` > 1415411147 ) ORDER BY price DESC LIMIT 0,15   [ RunTime:0.000391s ]
ERR: 1146:Table 'vii_zone.vii_spread' doesn't exist
 [ SQL语句 ] : SELECT * FROM `vii_spread` WHERE ( `cid` = null ) AND ( `status` = 1 ) AND ( `end` > 1415411147 ) ORDER BY price DESC LIMIT 0,15  
NOTIC: [8] unserialize(): Error at offset 0 of 135 bytes D:\wamp\www\viiz\ThinkPHP\Lib\Driver\Cache\CacheFile.class.php 第 107 行.
NOTIC: [2] Invalid argument supplied for foreach() D:\wamp\www\viiz\ThinkPHP\Lib\Core\Db.class.php 第 424 行.
SQL: SELECT id as weixin_id,name as weixin_name,`logo`,`code`,`clicks`,`like` FROM `vii_weixin` ORDER BY clicks DESC LIMIT 0,14   [ RunTime:0.000338s ]
ERR: 1146:Table 'vii_zone.vii_weixin' doesn't exist
 [ SQL语句 ] : SELECT id as weixin_id,name as weixin_name,`logo`,`code`,`clicks`,`like` FROM `vii_weixin` ORDER BY clicks DESC LIMIT 0,14  
NOTIC: [8] unserialize(): Error at offset 0 of 85 bytes D:\wamp\www\viiz\ThinkPHP\Lib\Driver\Cache\CacheFile.class.php 第 107 行.
SQL: SELECT `cat_id` FROM `vii_spcate` WHERE ( `title` = 'Hot_month' ) LIMIT 1   [ RunTime:0.000251s ]
ERR: 1146:Table 'vii_zone.vii_spcate' doesn't exist
 [ SQL语句 ] : SELECT `cat_id` FROM `vii_spcate` WHERE ( `title` = 'Hot_month' ) LIMIT 1  
SQL: SELECT * FROM `vii_spread` WHERE ( `cid` = null ) AND ( `status` = 1 ) AND ( `end` > 1415411147 ) ORDER BY price DESC LIMIT 0,8   [ RunTime:0.000272s ]
ERR: 1146:Table 'vii_zone.vii_spread' doesn't exist
 [ SQL语句 ] : SELECT * FROM `vii_spread` WHERE ( `cid` = null ) AND ( `status` = 1 ) AND ( `end` > 1415411147 ) ORDER BY price DESC LIMIT 0,8  
NOTIC: [8] unserialize(): Error at offset 0 of 134 bytes D:\wamp\www\viiz\ThinkPHP\Lib\Driver\Cache\CacheFile.class.php 第 107 行.
NOTIC: [2] Invalid argument supplied for foreach() D:\wamp\www\viiz\ThinkPHP\Lib\Core\Db.class.php 第 424 行.
SQL: SELECT id as weixin_id,name as weixin_name,`logo`,`code`,`clicks`,`like` FROM `vii_weixin` ORDER BY clicks DESC LIMIT 0,7   [ RunTime:0.000256s ]
ERR: 1146:Table 'vii_zone.vii_weixin' doesn't exist
 [ SQL语句 ] : SELECT id as weixin_id,name as weixin_name,`logo`,`code`,`clicks`,`like` FROM `vii_weixin` ORDER BY clicks DESC LIMIT 0,7  
NOTIC: [8] unserialize(): Error at offset 0 of 84 bytes D:\wamp\www\viiz\ThinkPHP\Lib\Driver\Cache\CacheFile.class.php 第 107 行.
SQL: SELECT `cat_id` FROM `vii_spcate` WHERE ( `title` = 'Hot_week' ) LIMIT 1   [ RunTime:0.000248s ]
ERR: 1146:Table 'vii_zone.vii_spcate' doesn't exist
 [ SQL语句 ] : SELECT `cat_id` FROM `vii_spcate` WHERE ( `title` = 'Hot_week' ) LIMIT 1  
SQL: SELECT * FROM `vii_spread` WHERE ( `cid` = null ) AND ( `status` = 1 ) AND ( `end` > 1415411147 ) ORDER BY price DESC LIMIT 0,8   [ RunTime:0.000244s ]
ERR: 1146:Table 'vii_zone.vii_spread' doesn't exist
 [ SQL语句 ] : SELECT * FROM `vii_spread` WHERE ( `cid` = null ) AND ( `status` = 1 ) AND ( `end` > 1415411147 ) ORDER BY price DESC LIMIT 0,8  
SQL: SELECT id as weixin_id,name as weixin_name,`logo`,`code`,`clicks`,`like` FROM `vii_weixin` ORDER BY clicks DESC LIMIT 0,7   [ RunTime:0.000235s ]
ERR: 1146:Table 'vii_zone.vii_weixin' doesn't exist
 [ SQL语句 ] : SELECT id as weixin_id,name as weixin_name,`logo`,`code`,`clicks`,`like` FROM `vii_weixin` ORDER BY clicks DESC LIMIT 0,7  
NOTIC: [8] unserialize(): Error at offset 0 of 87 bytes D:\wamp\www\viiz\ThinkPHP\Lib\Driver\Cache\CacheFile.class.php 第 107 行.
SQL: SELECT `cat_id` FROM `vii_spcate` WHERE ( `title` = 'Hot_history' ) LIMIT 1   [ RunTime:0.000237s ]
ERR: 1146:Table 'vii_zone.vii_spcate' doesn't exist
 [ SQL语句 ] : SELECT `cat_id` FROM `vii_spcate` WHERE ( `title` = 'Hot_history' ) LIMIT 1  
SQL: SELECT * FROM `vii_spread` WHERE ( `cid` = null ) AND ( `status` = 1 ) AND ( `end` > 1415411147 ) ORDER BY price DESC LIMIT 0,8   [ RunTime:0.000231s ]
ERR: 1146:Table 'vii_zone.vii_spread' doesn't exist
 [ SQL语句 ] : SELECT * FROM `vii_spread` WHERE ( `cid` = null ) AND ( `status` = 1 ) AND ( `end` > 1415411147 ) ORDER BY price DESC LIMIT 0,8  
SQL: SELECT id as weixin_id,name as weixin_name,`logo`,`code`,`clicks`,`like` FROM `vii_weixin` ORDER BY clicks DESC LIMIT 0,7   [ RunTime:0.000217s ]
ERR: 1146:Table 'vii_zone.vii_weixin' doesn't exist
 [ SQL语句 ] : SELECT id as weixin_id,name as weixin_name,`logo`,`code`,`clicks`,`like` FROM `vii_weixin` ORDER BY clicks DESC LIMIT 0,7  
SQL: SELECT * FROM `vii_cate` WHERE ( `pid` = 0 ) ORDER BY sort DESC  [ RunTime:0.000222s ]
ERR: 1146:Table 'vii_zone.vii_cate' doesn't exist
 [ SQL语句 ] : SELECT * FROM `vii_cate` WHERE ( `pid` = 0 ) ORDER BY sort DESC 
NOTIC: [8] unserialize(): Error at offset 0 of 86 bytes D:\wamp\www\viiz\ThinkPHP\Lib\Driver\Cache\CacheFile.class.php 第 107 行.
SQL: SELECT `cat_id` FROM `vii_spcate` WHERE ( `title` = 'Index_cate' ) LIMIT 1   [ RunTime:0.000294s ]
ERR: 1146:Table 'vii_zone.vii_spcate' doesn't exist
 [ SQL语句 ] : SELECT `cat_id` FROM `vii_spcate` WHERE ( `title` = 'Index_cate' ) LIMIT 1  
SQL: SELECT * FROM `vii_spread` WHERE ( `title` = 'Index_cate' ) AND ( `cid` = null ) AND ( `status` = 1 ) AND ( `end` > 1415411147 ) ORDER BY price DESC  [ RunTime:0.000320s ]
ERR: 1146:Table 'vii_zone.vii_spread' doesn't exist
 [ SQL语句 ] : SELECT * FROM `vii_spread` WHERE ( `title` = 'Index_cate' ) AND ( `cid` = null ) AND ( `status` = 1 ) AND ( `end` > 1415411147 ) ORDER BY price DESC 
NOTIC: [2] Invalid argument supplied for foreach() D:\wamp\www\viiz\viizone\Lib\Action\Home\IndexAction.class.php 第 158 行.
NOTIC: [8] Undefined variable: cates D:\wamp\www\viiz\viizone\Lib\Action\Home\IndexAction.class.php 第 269 行.
INFO: [ view_parse ] --START--
INFO: ParseTemplate Behavior ::run [ RunTime:0.014411s ]
INFO: [ view_parse ] --END-- [ RunTime:0.014580s ]
INFO: [ view_filter ] --START--
INFO: ContentReplace Behavior ::run [ RunTime:0.000832s ]
INFO: TokenBuild Behavior ::run [ RunTime:0.000680s ]
INFO: WriteHtmlCache Behavior ::run [ RunTime:0.000514s ]
INFO: ShowRuntime Behavior ::run [ RunTime:0.000791s ]
INFO: [ view_filter ] --END-- [ RunTime:0.003108s ]
INFO: [ view_end ] --START--
INFO: ShowPageTrace Behavior ::run [ RunTime:0.000976s ]
INFO: [ view_end ] --END-- [ RunTime:0.001088s ]

[ 2014-11-08T09:45:59+08:00 ] 127.0.0.1 /Zoneadmin
INFO: [ route_check ] --START--
INFO: CheckRoute Behavior ::run [ RunTime:0.001575s ]
INFO: [ route_check ] --END-- [ RunTime:0.001762s ]
INFO: [ app_begin ] --START--
INFO: ReadHtmlCache Behavior ::run [ RunTime:0.001050s ]
INFO: [ app_begin ] --END-- [ RunTime:0.001186s ]

[ 2014-11-08T09:45:59+08:00 ] 127.0.0.1 /Zoneadmin/Enter/login.html
INFO: [ route_check ] --START--
INFO: CheckRoute Behavior ::run [ RunTime:0.000901s ]
INFO: [ route_check ] --END-- [ RunTime:0.001031s ]
INFO: [ app_begin ] --START--
INFO: ReadHtmlCache Behavior ::run [ RunTime:0.000738s ]
INFO: [ app_begin ] --END-- [ RunTime:0.000874s ]
INFO: [ view_parse ] --START--
INFO: ParseTemplate Behavior ::run [ RunTime:0.008679s ]
INFO: [ view_parse ] --END-- [ RunTime:0.008837s ]
INFO: [ view_filter ] --START--
INFO: ContentReplace Behavior ::run [ RunTime:0.000656s ]
INFO: TokenBuild Behavior ::run [ RunTime:0.000646s ]
INFO: WriteHtmlCache Behavior ::run [ RunTime:0.000497s ]
INFO: ShowRuntime Behavior ::run [ RunTime:0.000750s ]
INFO: [ view_filter ] --END-- [ RunTime:0.002841s ]
INFO: [ view_end ] --START--
INFO: ShowPageTrace Behavior ::run [ RunTime:0.000837s ]
INFO: [ view_end ] --END-- [ RunTime:0.000946s ]

[ 2014-11-08T09:46:09+08:00 ] 127.0.0.1 /Zoneadmin/Enter/login_act
INFO: [ route_check ] --START--
INFO: CheckRoute Behavior ::run [ RunTime:0.001367s ]
INFO: [ route_check ] --END-- [ RunTime:0.001522s ]
INFO: [ app_begin ] --START--
INFO: ReadHtmlCache Behavior ::run [ RunTime:0.000960s ]
INFO: [ app_begin ] --END-- [ RunTime:0.001079s ]
SQL: SHOW COLUMNS FROM `vii_admin` [ RunTime:0.003871s ]
NOTIC: [8] unserialize(): Error at offset 0 of 97 bytes D:\wamp\www\viiz\ThinkPHP\Lib\Driver\Cache\CacheFile.class.php 第 107 行.
SQL: SELECT * FROM `vii_admin` WHERE ( `admin_name` = 'super' ) AND ( `lock` = 0 ) LIMIT 1   [ RunTime:0.000498s ]

[ 2014-11-08T09:46:09+08:00 ] 127.0.0.1 /Zoneadmin/Index/index.html
INFO: [ route_check ] --START--
INFO: CheckRoute Behavior ::run [ RunTime:0.001328s ]
INFO: [ route_check ] --END-- [ RunTime:0.001521s ]
INFO: [ app_begin ] --START--
INFO: ReadHtmlCache Behavior ::run [ RunTime:0.001185s ]
INFO: [ app_begin ] --END-- [ RunTime:0.001372s ]
INFO: [ view_parse ] --START--
NOTIC: [8] Use of undefined constant index - assumed 'index' D:\wamp\www\viiz\viizone\Runtime\Cache\Zoneadmin\255d260018ad53235ecd1299478919f2.php 第 64 行.
NOTIC: [8] Undefined variable: position D:\wamp\www\viiz\viizone\Runtime\Cache\Zoneadmin\255d260018ad53235ecd1299478919f2.php 第 64 行.
NOTIC: [8] Use of undefined constant admin - assumed 'admin' D:\wamp\www\viiz\viizone\Runtime\Cache\Zoneadmin\255d260018ad53235ecd1299478919f2.php 第 67 行.
NOTIC: [8] Undefined variable: position D:\wamp\www\viiz\viizone\Runtime\Cache\Zoneadmin\255d260018ad53235ecd1299478919f2.php 第 67 行.
NOTIC: [8] Use of undefined constant member - assumed 'member' D:\wamp\www\viiz\viizone\Runtime\Cache\Zoneadmin\255d260018ad53235ecd1299478919f2.php 第 73 行.
NOTIC: [8] Undefined variable: position D:\wamp\www\viiz\viizone\Runtime\Cache\Zoneadmin\255d260018ad53235ecd1299478919f2.php 第 73 行.
NOTIC: [8] Use of undefined constant zone - assumed 'zone' D:\wamp\www\viiz\viizone\Runtime\Cache\Zoneadmin\255d260018ad53235ecd1299478919f2.php 第 79 行.
NOTIC: [8] Undefined variable: position D:\wamp\www\viiz\viizone\Runtime\Cache\Zoneadmin\255d260018ad53235ecd1299478919f2.php 第 79 行.
INFO: ParseTemplate Behavior ::run [ RunTime:0.141217s ]
INFO: [ view_parse ] --END-- [ RunTime:0.141423s ]
INFO: [ view_filter ] --START--
INFO: ContentReplace Behavior ::run [ RunTime:0.001949s ]
INFO: TokenBuild Behavior ::run [ RunTime:0.001525s ]
INFO: WriteHtmlCache Behavior ::run [ RunTime:0.001105s ]
INFO: ShowRuntime Behavior ::run [ RunTime:0.001677s ]
INFO: [ view_filter ] --END-- [ RunTime:0.006896s ]
INFO: [ view_end ] --START--
INFO: ShowPageTrace Behavior ::run [ RunTime:0.001746s ]
INFO: [ view_end ] --END-- [ RunTime:0.001950s ]

[ 2014-11-08T09:46:15+08:00 ] 127.0.0.1 /Zoneadmin/Zone/articleLists
INFO: [ route_check ] --START--
INFO: CheckRoute Behavior ::run [ RunTime:0.000917s ]
INFO: [ route_check ] --END-- [ RunTime:0.001048s ]
INFO: [ app_begin ] --START--
INFO: ReadHtmlCache Behavior ::run [ RunTime:0.000740s ]
INFO: [ app_begin ] --END-- [ RunTime:0.000846s ]
SQL: SHOW COLUMNS FROM `vii_article` [ RunTime:0.003812s ]
SQL: SHOW COLUMNS FROM `vii_share` [ RunTime:0.003948s ]
SQL: SHOW COLUMNS FROM `vii_users` [ RunTime:0.004123s ]
NOTIC: [8] Undefined variable: where D:\wamp\www\viiz\viizone\Lib\Action\Zoneadmin\ZoneAction.class.php 第 271 行.
NOTIC: [8] unserialize(): Error at offset 0 of 66 bytes D:\wamp\www\viiz\ThinkPHP\Lib\Driver\Cache\CacheFile.class.php 第 107 行.
SQL: SELECT COUNT(*) AS tp_count FROM `vii_article` LIMIT 1   [ RunTime:0.000319s ]
NOTIC: [8] Undefined variable: where D:\wamp\www\viiz\viizone\Lib\Action\Zoneadmin\ZoneAction.class.php 第 275 行.
NOTIC: [8] unserialize(): Error at offset 0 of 67 bytes D:\wamp\www\viiz\ThinkPHP\Lib\Driver\Cache\CacheFile.class.php 第 107 行.
SQL: SELECT * FROM `vii_article` ORDER BY id DESC LIMIT 0,20   [ RunTime:0.000405s ]
NOTIC: [8] unserialize(): Error at offset 0 of 70 bytes D:\wamp\www\viiz\ThinkPHP\Lib\Driver\Cache\CacheFile.class.php 第 107 行.
SQL: SELECT `title` FROM `vii_share` WHERE ( `id` = 3 ) LIMIT 1   [ RunTime:0.000290s ]
NOTIC: [8] unserialize(): Error at offset 0 of 73 bytes D:\wamp\www\viiz\ThinkPHP\Lib\Driver\Cache\CacheFile.class.php 第 107 行.
SQL: SELECT `nickname` FROM `vii_users` WHERE ( `id` = 0 ) LIMIT 1   [ RunTime:0.000208s ]
NOTIC: [8] unserialize(): Error at offset 0 of 70 bytes D:\wamp\www\viiz\ThinkPHP\Lib\Driver\Cache\CacheFile.class.php 第 107 行.
SQL: SELECT `title` FROM `vii_share` WHERE ( `id` = 2 ) LIMIT 1   [ RunTime:0.000282s ]
SQL: SELECT `nickname` FROM `vii_users` WHERE ( `id` = 0 ) LIMIT 1   [ RunTime:0.000198s ]
NOTIC: [8] unserialize(): Error at offset 0 of 70 bytes D:\wamp\www\viiz\ThinkPHP\Lib\Driver\Cache\CacheFile.class.php 第 107 行.
SQL: SELECT `title` FROM `vii_share` WHERE ( `id` = 1 ) LIMIT 1   [ RunTime:0.000239s ]
SQL: SELECT `nickname` FROM `vii_users` WHERE ( `id` = 0 ) LIMIT 1   [ RunTime:0.000199s ]
INFO: [ view_parse ] --START--
NOTIC: [8] Use of undefined constant index - assumed 'index' D:\wamp\www\viiz\viizone\Runtime\Cache\Zoneadmin\b7db3f053f331638b4ee20ad62697079.php 第 71 行.
NOTIC: [8] Use of undefined constant admin - assumed 'admin' D:\wamp\www\viiz\viizone\Runtime\Cache\Zoneadmin\b7db3f053f331638b4ee20ad62697079.php 第 74 行.
NOTIC: [8] Use of undefined constant member - assumed 'member' D:\wamp\www\viiz\viizone\Runtime\Cache\Zoneadmin\b7db3f053f331638b4ee20ad62697079.php 第 80 行.
NOTIC: [8] Use of undefined constant zone - assumed 'zone' D:\wamp\www\viiz\viizone\Runtime\Cache\Zoneadmin\b7db3f053f331638b4ee20ad62697079.php 第 86 行.
INFO: ParseTemplate Behavior ::run [ RunTime:0.022220s ]
INFO: [ view_parse ] --END-- [ RunTime:0.022349s ]
INFO: [ view_filter ] --START--
INFO: ContentReplace Behavior ::run [ RunTime:0.000773s ]
INFO: TokenBuild Behavior ::run [ RunTime:0.000589s ]
INFO: WriteHtmlCache Behavior ::run [ RunTime:0.000560s ]
INFO: ShowRuntime Behavior ::run [ RunTime:0.000843s ]
INFO: [ view_filter ] --END-- [ RunTime:0.003055s ]
INFO: [ view_end ] --START--
INFO: ShowPageTrace Behavior ::run [ RunTime:0.000906s ]
INFO: [ view_end ] --END-- [ RunTime:0.001010s ]

[ 2014-11-08T09:46:50+08:00 ] 127.0.0.1 /Zoneadmin/Zone/editArticle/id/15
INFO: [ route_check ] --START--
INFO: CheckRoute Behavior ::run [ RunTime:0.001791s ]
INFO: [ route_check ] --END-- [ RunTime:0.002052s ]
INFO: [ app_begin ] --START--
INFO: ReadHtmlCache Behavior ::run [ RunTime:0.001418s ]
INFO: [ app_begin ] --END-- [ RunTime:0.001658s ]
SQL: SHOW COLUMNS FROM `vii_article` [ RunTime:0.003804s ]
SQL: SELECT * FROM `vii_article` WHERE ( `id` = 15 ) LIMIT 1   [ RunTime:0.000626s ]
SQL: SHOW COLUMNS FROM `vii_share` [ RunTime:0.005627s ]
NOTIC: [8] unserialize(): Error at offset 0 of 47 bytes D:\wamp\www\viiz\ThinkPHP\Lib\Driver\Cache\CacheFile.class.php 第 107 行.
SQL: SELECT `id`,`title` FROM `vii_share`  [ RunTime:0.000496s ]
INFO: [ view_parse ] --START--
NOTIC: [8] Undefined variable: position D:\wamp\www\viiz\viizone\Runtime\Cache\Zoneadmin\76e4e4b7fe865d11b9a1086d4dbb7260.php 第 117 行.
INFO: ParseTemplate Behavior ::run [ RunTime:0.019932s ]
INFO: [ view_parse ] --END-- [ RunTime:0.020138s ]
INFO: [ view_filter ] --START--
INFO: ContentReplace Behavior ::run [ RunTime:0.001338s ]
INFO: TokenBuild Behavior ::run [ RunTime:0.001260s ]
INFO: WriteHtmlCache Behavior ::run [ RunTime:0.001017s ]
INFO: ShowRuntime Behavior ::run [ RunTime:0.001615s ]
INFO: [ view_filter ] --END-- [ RunTime:0.005886s ]
INFO: [ view_end ] --START--
INFO: ShowPageTrace Behavior ::run [ RunTime:0.001401s ]
INFO: [ view_end ] --END-- [ RunTime:0.001590s ]

[ 2014-11-08T10:02:45+08:00 ] 127.0.0.1 /Zoneadmin/Zone/article_delall
INFO: [ route_check ] --START--
INFO: CheckRoute Behavior ::run [ RunTime:0.001345s ]
INFO: [ route_check ] --END-- [ RunTime:0.001523s ]
INFO: [ app_begin ] --START--
INFO: ReadHtmlCache Behavior ::run [ RunTime:0.001043s ]
INFO: [ app_begin ] --END-- [ RunTime:0.001200s ]
SQL: SHOW COLUMNS FROM `vii_article` [ RunTime:0.004188s ]
NOTIC: [8] Undefined index: ids D:\wamp\www\viiz\viizone\Lib\Action\Zoneadmin\ZoneAction.class.php 第 435 行.
NOTIC: [2] implode(): Invalid arguments passed D:\wamp\www\viiz\viizone\Lib\Action\Zoneadmin\ZoneAction.class.php 第 435 行.
SQL: SELECT * FROM `vii_article` WHERE ( id in () )  [ RunTime:0.000321s ]
ERR: 1064:You have an error in your SQL syntax; check the manual that corresponds to your MySQL server version for the right syntax to use near ') )' at line 1
 [ SQL语句 ] : SELECT * FROM `vii_article` WHERE ( id in () ) 
SQL: DELETE FROM `vii_article` WHERE ( id in () ) [ RunTime:0.000275s ]
ERR: 1064:You have an error in your SQL syntax; check the manual that corresponds to your MySQL server version for the right syntax to use near ') )' at line 1
 [ SQL语句 ] : DELETE FROM `vii_article` WHERE ( id in () )
INFO: [ view_parse ] --START--
INFO: ParseTemplate Behavior ::run [ RunTime:0.013705s ]
INFO: [ view_parse ] --END-- [ RunTime:0.013893s ]
INFO: [ view_filter ] --START--
INFO: ContentReplace Behavior ::run [ RunTime:0.000702s ]
INFO: TokenBuild Behavior ::run [ RunTime:0.001233s ]
INFO: WriteHtmlCache Behavior ::run [ RunTime:0.001047s ]
INFO: ShowRuntime Behavior ::run [ RunTime:0.001110s ]
INFO: [ view_filter ] --END-- [ RunTime:0.004654s ]
INFO: [ view_end ] --START--
INFO: ShowPageTrace Behavior ::run [ RunTime:0.002217s ]
INFO: [ view_end ] --END-- [ RunTime:0.002419s ]

[ 2014-11-08T10:23:52+08:00 ] 127.0.0.1 /Zoneadmin/Zone/articleLists
INFO: [ route_check ] --START--
INFO: CheckRoute Behavior ::run [ RunTime:0.001608s ]
INFO: [ route_check ] --END-- [ RunTime:0.001833s ]
INFO: [ app_begin ] --START--
INFO: ReadHtmlCache Behavior ::run [ RunTime:0.000901s ]
INFO: [ app_begin ] --END-- [ RunTime:0.001020s ]
SQL: SHOW COLUMNS FROM `vii_article` [ RunTime:0.004233s ]
SQL: SHOW COLUMNS FROM `vii_share` [ RunTime:0.003778s ]
SQL: SHOW COLUMNS FROM `vii_users` [ RunTime:0.003669s ]
NOTIC: [8] Undefined variable: where D:\wamp\www\viiz\viizone\Lib\Action\Zoneadmin\ZoneAction.class.php 第 271 行.
SQL: SELECT COUNT(*) AS tp_count FROM `vii_article` LIMIT 1   [ RunTime:0.000452s ]
NOTIC: [8] Undefined variable: where D:\wamp\www\viiz\viizone\Lib\Action\Zoneadmin\ZoneAction.class.php 第 275 行.
SQL: SELECT * FROM `vii_article` ORDER BY id DESC LIMIT 0,20   [ RunTime:0.000550s ]
SQL: SELECT `title` FROM `vii_share` WHERE ( `id` = 3 ) LIMIT 1   [ RunTime:0.000377s ]
SQL: SELECT `nickname` FROM `vii_users` WHERE ( `id` = 0 ) LIMIT 1   [ RunTime:0.000300s ]
SQL: SELECT `title` FROM `vii_share` WHERE ( `id` = 2 ) LIMIT 1   [ RunTime:0.000315s ]
SQL: SELECT `nickname` FROM `vii_users` WHERE ( `id` = 0 ) LIMIT 1   [ RunTime:0.000330s ]
SQL: SELECT `title` FROM `vii_share` WHERE ( `id` = 1 ) LIMIT 1   [ RunTime:0.000360s ]
SQL: SELECT `nickname` FROM `vii_users` WHERE ( `id` = 0 ) LIMIT 1   [ RunTime:0.000286s ]
INFO: [ view_parse ] --START--
NOTIC: [8] Use of undefined constant index - assumed 'index' D:\wamp\www\viiz\viizone\Runtime\Cache\Zoneadmin\b7db3f053f331638b4ee20ad62697079.php 第 71 行.
NOTIC: [8] Use of undefined constant admin - assumed 'admin' D:\wamp\www\viiz\viizone\Runtime\Cache\Zoneadmin\b7db3f053f331638b4ee20ad62697079.php 第 74 行.
NOTIC: [8] Use of undefined constant member - assumed 'member' D:\wamp\www\viiz\viizone\Runtime\Cache\Zoneadmin\b7db3f053f331638b4ee20ad62697079.php 第 80 行.
NOTIC: [8] Use of undefined constant zone - assumed 'zone' D:\wamp\www\viiz\viizone\Runtime\Cache\Zoneadmin\b7db3f053f331638b4ee20ad62697079.php 第 86 行.
INFO: ParseTemplate Behavior ::run [ RunTime:0.130892s ]
INFO: [ view_parse ] --END-- [ RunTime:0.131091s ]
INFO: [ view_filter ] --START--
INFO: ContentReplace Behavior ::run [ RunTime:0.001479s ]
INFO: TokenBuild Behavior ::run [ RunTime:0.001853s ]
INFO: WriteHtmlCache Behavior ::run [ RunTime:0.001574s ]
INFO: ShowRuntime Behavior ::run [ RunTime:0.001295s ]
INFO: [ view_filter ] --END-- [ RunTime:0.006766s ]
INFO: [ view_end ] --START--
INFO: ShowPageTrace Behavior ::run [ RunTime:0.001430s ]
INFO: [ view_end ] --END-- [ RunTime:0.001599s ]

[ 2014-11-08T10:23:54+08:00 ] 127.0.0.1 /Zoneadmin/Zone/shareLists
INFO: [ route_check ] --START--
INFO: CheckRoute Behavior ::run [ RunTime:0.001086s ]
INFO: [ route_check ] --END-- [ RunTime:0.001221s ]
INFO: [ app_begin ] --START--
INFO: ReadHtmlCache Behavior ::run [ RunTime:0.000777s ]
INFO: [ app_begin ] --END-- [ RunTime:0.000886s ]
SQL: SHOW COLUMNS FROM `vii_share` [ RunTime:0.004630s ]
SQL: SHOW COLUMNS FROM `vii_users` [ RunTime:0.003679s ]
NOTIC: [8] Undefined variable: where D:\wamp\www\viiz\viizone\Lib\Action\Zoneadmin\ZoneAction.class.php 第 45 行.
NOTIC: [8] unserialize(): Error at offset 0 of 64 bytes D:\wamp\www\viiz\ThinkPHP\Lib\Driver\Cache\CacheFile.class.php 第 107 行.
SQL: SELECT COUNT(*) AS tp_count FROM `vii_share` LIMIT 1   [ RunTime:0.000330s ]
NOTIC: [8] Undefined variable: where D:\wamp\www\viiz\viizone\Lib\Action\Zoneadmin\ZoneAction.class.php 第 49 行.
NOTIC: [8] unserialize(): Error at offset 0 of 65 bytes D:\wamp\www\viiz\ThinkPHP\Lib\Driver\Cache\CacheFile.class.php 第 107 行.
SQL: SELECT * FROM `vii_share` ORDER BY id DESC LIMIT 0,20   [ RunTime:0.000479s ]
SQL: SELECT `nickname` FROM `vii_users` WHERE ( `id` = 0 ) LIMIT 1   [ RunTime:0.000248s ]
SQL: SELECT `nickname` FROM `vii_users` WHERE ( `id` = 0 ) LIMIT 1   [ RunTime:0.000225s ]
SQL: SELECT `nickname` FROM `vii_users` WHERE ( `id` = 0 ) LIMIT 1   [ RunTime:0.000212s ]
SQL: SELECT `nickname` FROM `vii_users` WHERE ( `id` = 0 ) LIMIT 1   [ RunTime:0.000190s ]
SQL: SELECT `nickname` FROM `vii_users` WHERE ( `id` = 0 ) LIMIT 1   [ RunTime:0.000232s ]
NOTIC: [8] unserialize(): Error at offset 0 of 73 bytes D:\wamp\www\viiz\ThinkPHP\Lib\Driver\Cache\CacheFile.class.php 第 107 行.
SQL: SELECT `nickname` FROM `vii_users` WHERE ( `id` = 1 ) LIMIT 1   [ RunTime:0.000264s ]
SQL: SELECT `nickname` FROM `vii_users` WHERE ( `id` = 0 ) LIMIT 1   [ RunTime:0.000246s ]
SQL: SELECT `nickname` FROM `vii_users` WHERE ( `id` = 0 ) LIMIT 1   [ RunTime:0.000218s ]
INFO: [ view_parse ] --START--
NOTIC: [8] Use of undefined constant index - assumed 'index' D:\wamp\www\viiz\viizone\Runtime\Cache\Zoneadmin\85bb3e2cc0e88d2614fe515448a85372.php 第 68 行.
NOTIC: [8] Use of undefined constant admin - assumed 'admin' D:\wamp\www\viiz\viizone\Runtime\Cache\Zoneadmin\85bb3e2cc0e88d2614fe515448a85372.php 第 71 行.
NOTIC: [8] Use of undefined constant member - assumed 'member' D:\wamp\www\viiz\viizone\Runtime\Cache\Zoneadmin\85bb3e2cc0e88d2614fe515448a85372.php 第 77 行.
NOTIC: [8] Use of undefined constant zone - assumed 'zone' D:\wamp\www\viiz\viizone\Runtime\Cache\Zoneadmin\85bb3e2cc0e88d2614fe515448a85372.php 第 83 行.
NOTIC: [8] Undefined variable: admins D:\wamp\www\viiz\viizone\Runtime\Cache\Zoneadmin\85bb3e2cc0e88d2614fe515448a85372.php 第 187 行.
NOTIC: [8] Undefined variable: admins D:\wamp\www\viiz\viizone\Runtime\Cache\Zoneadmin\85bb3e2cc0e88d2614fe515448a85372.php 第 187 行.
NOTIC: [8] Undefined variable: admins D:\wamp\www\viiz\viizone\Runtime\Cache\Zoneadmin\85bb3e2cc0e88d2614fe515448a85372.php 第 187 行.
NOTIC: [8] Undefined variable: admins D:\wamp\www\viiz\viizone\Runtime\Cache\Zoneadmin\85bb3e2cc0e88d2614fe515448a85372.php 第 187 行.
NOTIC: [8] Undefined variable: admins D:\wamp\www\viiz\viizone\Runtime\Cache\Zoneadmin\85bb3e2cc0e88d2614fe515448a85372.php 第 187 行.
NOTIC: [8] Undefined variable: admins D:\wamp\www\viiz\viizone\Runtime\Cache\Zoneadmin\85bb3e2cc0e88d2614fe515448a85372.php 第 187 行.
NOTIC: [8] Undefined variable: admins D:\wamp\www\viiz\viizone\Runtime\Cache\Zoneadmin\85bb3e2cc0e88d2614fe515448a85372.php 第 187 行.
NOTIC: [8] Undefined variable: admins D:\wamp\www\viiz\viizone\Runtime\Cache\Zoneadmin\85bb3e2cc0e88d2614fe515448a85372.php 第 187 行.
INFO: ParseTemplate Behavior ::run [ RunTime:0.025222s ]
INFO: [ view_parse ] --END-- [ RunTime:0.025343s ]
INFO: [ view_filter ] --START--
INFO: ContentReplace Behavior ::run [ RunTime:0.001189s ]
INFO: TokenBuild Behavior ::run [ RunTime:0.000786s ]
INFO: WriteHtmlCache Behavior ::run [ RunTime:0.000542s ]
INFO: ShowRuntime Behavior ::run [ RunTime:0.000860s ]
INFO: [ view_filter ] --END-- [ RunTime:0.003696s ]
INFO: [ view_end ] --START--
INFO: ShowPageTrace Behavior ::run [ RunTime:0.000906s ]
INFO: [ view_end ] --END-- [ RunTime:0.001016s ]

[ 2014-11-08T10:24:07+08:00 ] 127.0.0.1 /Zoneadmin/Zone/addshare
INFO: [ route_check ] --START--
INFO: CheckRoute Behavior ::run [ RunTime:0.001176s ]
INFO: [ route_check ] --END-- [ RunTime:0.001319s ]
INFO: [ app_begin ] --START--
INFO: ReadHtmlCache Behavior ::run [ RunTime:0.000849s ]
INFO: [ app_begin ] --END-- [ RunTime:0.000965s ]
INFO: [ view_parse ] --START--
NOTIC: [8] Use of undefined constant index - assumed 'index' D:\wamp\www\viiz\viizone\Runtime\Cache\Zoneadmin\83b623f6a0707ce6fe849645bcceef65.php 第 71 行.
NOTIC: [8] Use of undefined constant admin - assumed 'admin' D:\wamp\www\viiz\viizone\Runtime\Cache\Zoneadmin\83b623f6a0707ce6fe849645bcceef65.php 第 74 行.
NOTIC: [8] Use of undefined constant member - assumed 'member' D:\wamp\www\viiz\viizone\Runtime\Cache\Zoneadmin\83b623f6a0707ce6fe849645bcceef65.php 第 80 行.
NOTIC: [8] Use of undefined constant zone - assumed 'zone' D:\wamp\www\viiz\viizone\Runtime\Cache\Zoneadmin\83b623f6a0707ce6fe849645bcceef65.php 第 86 行.
INFO: ParseTemplate Behavior ::run [ RunTime:0.017130s ]
INFO: [ view_parse ] --END-- [ RunTime:0.017272s ]
INFO: [ view_filter ] --START--
INFO: ContentReplace Behavior ::run [ RunTime:0.000907s ]
INFO: TokenBuild Behavior ::run [ RunTime:0.000666s ]
INFO: WriteHtmlCache Behavior ::run [ RunTime:0.000634s ]
INFO: ShowRuntime Behavior ::run [ RunTime:0.000895s ]
INFO: [ view_filter ] --END-- [ RunTime:0.003444s ]
INFO: [ view_end ] --START--
INFO: ShowPageTrace Behavior ::run [ RunTime:0.000852s ]
INFO: [ view_end ] --END-- [ RunTime:0.000973s ]

[ 2014-11-08T10:24:13+08:00 ] 127.0.0.1 /Zoneadmin/Zone/articleLists
INFO: [ route_check ] --START--
INFO: CheckRoute Behavior ::run [ RunTime:0.001286s ]
INFO: [ route_check ] --END-- [ RunTime:0.001446s ]
INFO: [ app_begin ] --START--
INFO: ReadHtmlCache Behavior ::run [ RunTime:0.001113s ]
INFO: [ app_begin ] --END-- [ RunTime:0.001267s ]
SQL: SHOW COLUMNS FROM `vii_article` [ RunTime:0.003531s ]
SQL: SHOW COLUMNS FROM `vii_share` [ RunTime:0.004306s ]
SQL: SHOW COLUMNS FROM `vii_users` [ RunTime:0.003310s ]
NOTIC: [8] Undefined variable: where D:\wamp\www\viiz\viizone\Lib\Action\Zoneadmin\ZoneAction.class.php 第 271 行.
SQL: SELECT COUNT(*) AS tp_count FROM `vii_article` LIMIT 1   [ RunTime:0.000266s ]
NOTIC: [8] Undefined variable: where D:\wamp\www\viiz\viizone\Lib\Action\Zoneadmin\ZoneAction.class.php 第 275 行.
SQL: SELECT * FROM `vii_article` ORDER BY id DESC LIMIT 0,20   [ RunTime:0.000351s ]
SQL: SELECT `title` FROM `vii_share` WHERE ( `id` = 3 ) LIMIT 1   [ RunTime:0.000225s ]
SQL: SELECT `nickname` FROM `vii_users` WHERE ( `id` = 0 ) LIMIT 1   [ RunTime:0.000266s ]
SQL: SELECT `title` FROM `vii_share` WHERE ( `id` = 2 ) LIMIT 1   [ RunTime:0.000330s ]
SQL: SELECT `nickname` FROM `vii_users` WHERE ( `id` = 0 ) LIMIT 1   [ RunTime:0.000201s ]
SQL: SELECT `title` FROM `vii_share` WHERE ( `id` = 1 ) LIMIT 1   [ RunTime:0.000233s ]
SQL: SELECT `nickname` FROM `vii_users` WHERE ( `id` = 0 ) LIMIT 1   [ RunTime:0.000183s ]
INFO: [ view_parse ] --START--
NOTIC: [8] Use of undefined constant index - assumed 'index' D:\wamp\www\viiz\viizone\Runtime\Cache\Zoneadmin\b7db3f053f331638b4ee20ad62697079.php 第 71 行.
NOTIC: [8] Use of undefined constant admin - assumed 'admin' D:\wamp\www\viiz\viizone\Runtime\Cache\Zoneadmin\b7db3f053f331638b4ee20ad62697079.php 第 74 行.
NOTIC: [8] Use of undefined constant member - assumed 'member' D:\wamp\www\viiz\viizone\Runtime\Cache\Zoneadmin\b7db3f053f331638b4ee20ad62697079.php 第 80 行.
NOTIC: [8] Use of undefined constant zone - assumed 'zone' D:\wamp\www\viiz\viizone\Runtime\Cache\Zoneadmin\b7db3f053f331638b4ee20ad62697079.php 第 86 行.
INFO: ParseTemplate Behavior ::run [ RunTime:0.022904s ]
INFO: [ view_parse ] --END-- [ RunTime:0.023030s ]
INFO: [ view_filter ] --START--
INFO: ContentReplace Behavior ::run [ RunTime:0.000836s ]
INFO: TokenBuild Behavior ::run [ RunTime:0.000632s ]
INFO: WriteHtmlCache Behavior ::run [ RunTime:0.000598s ]
INFO: ShowRuntime Behavior ::run [ RunTime:0.001491s ]
INFO: [ view_filter ] --END-- [ RunTime:0.003935s ]
INFO: [ view_end ] --START--
INFO: ShowPageTrace Behavior ::run [ RunTime:0.001006s ]
INFO: [ view_end ] --END-- [ RunTime:0.001125s ]

[ 2014-11-08T11:28:44+08:00 ] 127.0.0.1 /Zoneadmin/Zone/articleLists
INFO: [ route_check ] --START--
INFO: CheckRoute Behavior ::run [ RunTime:0.001223s ]
INFO: [ route_check ] --END-- [ RunTime:0.001383s ]
INFO: [ app_begin ] --START--
INFO: ReadHtmlCache Behavior ::run [ RunTime:0.000896s ]
INFO: [ app_begin ] --END-- [ RunTime:0.001023s ]
SQL: SHOW COLUMNS FROM `vii_article` [ RunTime:0.003899s ]
SQL: SHOW COLUMNS FROM `vii_share` [ RunTime:0.003507s ]
SQL: SHOW COLUMNS FROM `vii_users` [ RunTime:0.003328s ]
NOTIC: [8] Undefined variable: where D:\wamp\www\viiz\viizone\Lib\Action\Zoneadmin\ZoneAction.class.php 第 271 行.
SQL: SELECT COUNT(*) AS tp_count FROM `vii_article` LIMIT 1   [ RunTime:0.000274s ]
NOTIC: [8] Undefined variable: where D:\wamp\www\viiz\viizone\Lib\Action\Zoneadmin\ZoneAction.class.php 第 275 行.
SQL: SELECT * FROM `vii_article` ORDER BY id DESC LIMIT 0,20   [ RunTime:0.000368s ]
SQL: SELECT `title` FROM `vii_share` WHERE ( `id` = 3 ) LIMIT 1   [ RunTime:0.000332s ]
SQL: SELECT `nickname` FROM `vii_users` WHERE ( `id` = 0 ) LIMIT 1   [ RunTime:0.000306s ]
SQL: SELECT `title` FROM `vii_share` WHERE ( `id` = 2 ) LIMIT 1   [ RunTime:0.000278s ]
SQL: SELECT `nickname` FROM `vii_users` WHERE ( `id` = 0 ) LIMIT 1   [ RunTime:0.000195s ]
SQL: SELECT `title` FROM `vii_share` WHERE ( `id` = 1 ) LIMIT 1   [ RunTime:0.000212s ]
SQL: SELECT `nickname` FROM `vii_users` WHERE ( `id` = 0 ) LIMIT 1   [ RunTime:0.000208s ]
INFO: [ view_parse ] --START--
NOTIC: [8] Use of undefined constant index - assumed 'index' D:\wamp\www\viiz\viizone\Runtime\Cache\Zoneadmin\b7db3f053f331638b4ee20ad62697079.php 第 71 行.
NOTIC: [8] Use of undefined constant admin - assumed 'admin' D:\wamp\www\viiz\viizone\Runtime\Cache\Zoneadmin\b7db3f053f331638b4ee20ad62697079.php 第 74 行.
NOTIC: [8] Use of undefined constant member - assumed 'member' D:\wamp\www\viiz\viizone\Runtime\Cache\Zoneadmin\b7db3f053f331638b4ee20ad62697079.php 第 80 行.
NOTIC: [8] Use of undefined constant zone - assumed 'zone' D:\wamp\www\viiz\viizone\Runtime\Cache\Zoneadmin\b7db3f053f331638b4ee20ad62697079.php 第 86 行.
INFO: ParseTemplate Behavior ::run [ RunTime:0.022933s ]
INFO: [ view_parse ] --END-- [ RunTime:0.023053s ]
INFO: [ view_filter ] --START--
INFO: ContentReplace Behavior ::run [ RunTime:0.000872s ]
INFO: TokenBuild Behavior ::run [ RunTime:0.000677s ]
INFO: WriteHtmlCache Behavior ::run [ RunTime:0.000570s ]
INFO: ShowRuntime Behavior ::run [ RunTime:0.000803s ]
INFO: [ view_filter ] --END-- [ RunTime:0.003215s ]
INFO: [ view_end ] --START--
INFO: ShowPageTrace Behavior ::run [ RunTime:0.001148s ]
INFO: [ view_end ] --END-- [ RunTime:0.001310s ]

[ 2014-11-08T11:28:47+08:00 ] 127.0.0.1 /Zoneadmin/Zone/article_ajax.html
INFO: [ route_check ] --START--
INFO: CheckRoute Behavior ::run [ RunTime:0.001420s ]
INFO: [ route_check ] --END-- [ RunTime:0.001586s ]
INFO: [ app_begin ] --START--
INFO: ReadHtmlCache Behavior ::run [ RunTime:0.001049s ]
INFO: [ app_begin ] --END-- [ RunTime:0.001172s ]
SQL: SHOW COLUMNS FROM `vii_article` [ RunTime:0.003380s ]
SQL: UPDATE `vii_article` SET `is_hot`=1 WHERE ( `id` = 13 ) [ RunTime:0.166634s ]

[ 2014-11-08T11:28:49+08:00 ] 127.0.0.1 /Zoneadmin/Zone/articleLists
INFO: [ route_check ] --START--
INFO: CheckRoute Behavior ::run [ RunTime:0.001052s ]
INFO: [ route_check ] --END-- [ RunTime:0.001225s ]
INFO: [ app_begin ] --START--
INFO: ReadHtmlCache Behavior ::run [ RunTime:0.000793s ]
INFO: [ app_begin ] --END-- [ RunTime:0.000903s ]
SQL: SHOW COLUMNS FROM `vii_article` [ RunTime:0.003379s ]
SQL: SHOW COLUMNS FROM `vii_share` [ RunTime:0.003498s ]
SQL: SHOW COLUMNS FROM `vii_users` [ RunTime:0.003326s ]
NOTIC: [8] Undefined variable: where D:\wamp\www\viiz\viizone\Lib\Action\Zoneadmin\ZoneAction.class.php 第 271 行.
SQL: SELECT COUNT(*) AS tp_count FROM `vii_article` LIMIT 1   [ RunTime:0.000339s ]
NOTIC: [8] Undefined variable: where D:\wamp\www\viiz\viizone\Lib\Action\Zoneadmin\ZoneAction.class.php 第 275 行.
SQL: SELECT * FROM `vii_article` ORDER BY id DESC LIMIT 0,20   [ RunTime:0.000390s ]
SQL: SELECT `title` FROM `vii_share` WHERE ( `id` = 3 ) LIMIT 1   [ RunTime:0.000275s ]
SQL: SELECT `nickname` FROM `vii_users` WHERE ( `id` = 0 ) LIMIT 1   [ RunTime:0.000231s ]
SQL: SELECT `title` FROM `vii_share` WHERE ( `id` = 2 ) LIMIT 1   [ RunTime:0.000248s ]
SQL: SELECT `nickname` FROM `vii_users` WHERE ( `id` = 0 ) LIMIT 1   [ RunTime:0.000214s ]
SQL: SELECT `title` FROM `vii_share` WHERE ( `id` = 1 ) LIMIT 1   [ RunTime:0.000246s ]
SQL: SELECT `nickname` FROM `vii_users` WHERE ( `id` = 0 ) LIMIT 1   [ RunTime:0.000251s ]
INFO: [ view_parse ] --START--
NOTIC: [8] Use of undefined constant index - assumed 'index' D:\wamp\www\viiz\viizone\Runtime\Cache\Zoneadmin\b7db3f053f331638b4ee20ad62697079.php 第 71 行.
NOTIC: [8] Use of undefined constant admin - assumed 'admin' D:\wamp\www\viiz\viizone\Runtime\Cache\Zoneadmin\b7db3f053f331638b4ee20ad62697079.php 第 74 行.
NOTIC: [8] Use of undefined constant member - assumed 'member' D:\wamp\www\viiz\viizone\Runtime\Cache\Zoneadmin\b7db3f053f331638b4ee20ad62697079.php 第 80 行.
NOTIC: [8] Use of undefined constant zone - assumed 'zone' D:\wamp\www\viiz\viizone\Runtime\Cache\Zoneadmin\b7db3f053f331638b4ee20ad62697079.php 第 86 行.
INFO: ParseTemplate Behavior ::run [ RunTime:0.022606s ]
INFO: [ view_parse ] --END-- [ RunTime:0.022731s ]
INFO: [ view_filter ] --START--
INFO: ContentReplace Behavior ::run [ RunTime:0.000956s ]
INFO: TokenBuild Behavior ::run [ RunTime:0.000777s ]
INFO: WriteHtmlCache Behavior ::run [ RunTime:0.000651s ]
INFO: ShowRuntime Behavior ::run [ RunTime:0.000924s ]
INFO: [ view_filter ] --END-- [ RunTime:0.003650s ]
INFO: [ view_end ] --START--
INFO: ShowPageTrace Behavior ::run [ RunTime:0.001012s ]
INFO: [ view_end ] --END-- [ RunTime:0.001125s ]

[ 2014-11-08T11:28:50+08:00 ] 127.0.0.1 /Zoneadmin/Zone/article_ajax.html
INFO: [ route_check ] --START--
INFO: CheckRoute Behavior ::run [ RunTime:0.001278s ]
INFO: [ route_check ] --END-- [ RunTime:0.001430s ]
INFO: [ app_begin ] --START--
INFO: ReadHtmlCache Behavior ::run [ RunTime:0.000943s ]
INFO: [ app_begin ] --END-- [ RunTime:0.001054s ]
SQL: SHOW COLUMNS FROM `vii_article` [ RunTime:0.003941s ]
SQL: UPDATE `vii_article` SET `is_top`=0 WHERE ( `id` = 15 ) [ RunTime:0.000431s ]

[ 2014-11-08T11:28:52+08:00 ] 127.0.0.1 /Zoneadmin/Zone/articleLists
INFO: [ route_check ] --START--
INFO: CheckRoute Behavior ::run [ RunTime:0.001345s ]
INFO: [ route_check ] --END-- [ RunTime:0.001554s ]
INFO: [ app_begin ] --START--
INFO: ReadHtmlCache Behavior ::run [ RunTime:0.001098s ]
INFO: [ app_begin ] --END-- [ RunTime:0.001270s ]
SQL: SHOW COLUMNS FROM `vii_article` [ RunTime:0.004065s ]
SQL: SHOW COLUMNS FROM `vii_share` [ RunTime:0.003504s ]
SQL: SHOW COLUMNS FROM `vii_users` [ RunTime:0.003259s ]
NOTIC: [8] Undefined variable: where D:\wamp\www\viiz\viizone\Lib\Action\Zoneadmin\ZoneAction.class.php 第 271 行.
SQL: SELECT COUNT(*) AS tp_count FROM `vii_article` LIMIT 1   [ RunTime:0.000340s ]
NOTIC: [8] Undefined variable: where D:\wamp\www\viiz\viizone\Lib\Action\Zoneadmin\ZoneAction.class.php 第 275 行.
SQL: SELECT * FROM `vii_article` ORDER BY id DESC LIMIT 0,20   [ RunTime:0.000515s ]
SQL: SELECT `title` FROM `vii_share` WHERE ( `id` = 3 ) LIMIT 1   [ RunTime:0.000343s ]
SQL: SELECT `nickname` FROM `vii_users` WHERE ( `id` = 0 ) LIMIT 1   [ RunTime:0.000264s ]
SQL: SELECT `title` FROM `vii_share` WHERE ( `id` = 2 ) LIMIT 1   [ RunTime:0.000287s ]
SQL: SELECT `nickname` FROM `vii_users` WHERE ( `id` = 0 ) LIMIT 1   [ RunTime:0.000214s ]
SQL: SELECT `title` FROM `vii_share` WHERE ( `id` = 1 ) LIMIT 1   [ RunTime:0.000245s ]
SQL: SELECT `nickname` FROM `vii_users` WHERE ( `id` = 0 ) LIMIT 1   [ RunTime:0.000194s ]
INFO: [ view_parse ] --START--
NOTIC: [8] Use of undefined constant index - assumed 'index' D:\wamp\www\viiz\viizone\Runtime\Cache\Zoneadmin\b7db3f053f331638b4ee20ad62697079.php 第 71 行.
NOTIC: [8] Use of undefined constant admin - assumed 'admin' D:\wamp\www\viiz\viizone\Runtime\Cache\Zoneadmin\b7db3f053f331638b4ee20ad62697079.php 第 74 行.
NOTIC: [8] Use of undefined constant member - assumed 'member' D:\wamp\www\viiz\viizone\Runtime\Cache\Zoneadmin\b7db3f053f331638b4ee20ad62697079.php 第 80 行.
NOTIC: [8] Use of undefined constant zone - assumed 'zone' D:\wamp\www\viiz\viizone\Runtime\Cache\Zoneadmin\b7db3f053f331638b4ee20ad62697079.php 第 86 行.
INFO: ParseTemplate Behavior ::run [ RunTime:0.022442s ]
INFO: [ view_parse ] --END-- [ RunTime:0.022562s ]
INFO: [ view_filter ] --START--
INFO: ContentReplace Behavior ::run [ RunTime:0.000854s ]
INFO: TokenBuild Behavior ::run [ RunTime:0.000654s ]
INFO: WriteHtmlCache Behavior ::run [ RunTime:0.000480s ]
INFO: ShowRuntime Behavior ::run [ RunTime:0.000754s ]
INFO: [ view_filter ] --END-- [ RunTime:0.003031s ]
INFO: [ view_end ] --START--
INFO: ShowPageTrace Behavior ::run [ RunTime:0.000864s ]
INFO: [ view_end ] --END-- [ RunTime:0.000979s ]

[ 2014-11-08T11:28:54+08:00 ] 127.0.0.1 /Zoneadmin/Zone/article_ajax.html
INFO: [ route_check ] --START--
INFO: CheckRoute Behavior ::run [ RunTime:0.001095s ]
INFO: [ route_check ] --END-- [ RunTime:0.001246s ]
INFO: [ app_begin ] --START--
INFO: ReadHtmlCache Behavior ::run [ RunTime:0.000875s ]
INFO: [ app_begin ] --END-- [ RunTime:0.000984s ]
SQL: SHOW COLUMNS FROM `vii_article` [ RunTime:0.003532s ]
SQL: UPDATE `vii_article` SET `is_top`=0 WHERE ( `id` = 14 ) [ RunTime:0.000334s ]

[ 2014-11-08T11:28:56+08:00 ] 127.0.0.1 /Zoneadmin/Zone/articleLists
INFO: [ route_check ] --START--
INFO: CheckRoute Behavior ::run [ RunTime:0.001546s ]
INFO: [ route_check ] --END-- [ RunTime:0.001771s ]
INFO: [ app_begin ] --START--
INFO: ReadHtmlCache Behavior ::run [ RunTime:0.001296s ]
INFO: [ app_begin ] --END-- [ RunTime:0.001482s ]
SQL: SHOW COLUMNS FROM `vii_article` [ RunTime:0.003482s ]
SQL: SHOW COLUMNS FROM `vii_share` [ RunTime:0.003511s ]
SQL: SHOW COLUMNS FROM `vii_users` [ RunTime:0.003470s ]
NOTIC: [8] Undefined variable: where D:\wamp\www\viiz\viizone\Lib\Action\Zoneadmin\ZoneAction.class.php 第 271 行.
SQL: SELECT COUNT(*) AS tp_count FROM `vii_article` LIMIT 1   [ RunTime:0.000358s ]
NOTIC: [8] Undefined variable: where D:\wamp\www\viiz\viizone\Lib\Action\Zoneadmin\ZoneAction.class.php 第 275 行.
SQL: SELECT * FROM `vii_article` ORDER BY id DESC LIMIT 0,20   [ RunTime:0.000434s ]
SQL: SELECT `title` FROM `vii_share` WHERE ( `id` = 3 ) LIMIT 1   [ RunTime:0.000273s ]
SQL: SELECT `nickname` FROM `vii_users` WHERE ( `id` = 0 ) LIMIT 1   [ RunTime:0.000266s ]
SQL: SELECT `title` FROM `vii_share` WHERE ( `id` = 2 ) LIMIT 1   [ RunTime:0.000290s ]
SQL: SELECT `nickname` FROM `vii_users` WHERE ( `id` = 0 ) LIMIT 1   [ RunTime:0.000235s ]
SQL: SELECT `title` FROM `vii_share` WHERE ( `id` = 1 ) LIMIT 1   [ RunTime:0.000248s ]
SQL: SELECT `nickname` FROM `vii_users` WHERE ( `id` = 0 ) LIMIT 1   [ RunTime:0.000200s ]
INFO: [ view_parse ] --START--
NOTIC: [8] Use of undefined constant index - assumed 'index' D:\wamp\www\viiz\viizone\Runtime\Cache\Zoneadmin\b7db3f053f331638b4ee20ad62697079.php 第 71 行.
NOTIC: [8] Use of undefined constant admin - assumed 'admin' D:\wamp\www\viiz\viizone\Runtime\Cache\Zoneadmin\b7db3f053f331638b4ee20ad62697079.php 第 74 行.
NOTIC: [8] Use of undefined constant member - assumed 'member' D:\wamp\www\viiz\viizone\Runtime\Cache\Zoneadmin\b7db3f053f331638b4ee20ad62697079.php 第 80 行.
NOTIC: [8] Use of undefined constant zone - assumed 'zone' D:\wamp\www\viiz\viizone\Runtime\Cache\Zoneadmin\b7db3f053f331638b4ee20ad62697079.php 第 86 行.
INFO: ParseTemplate Behavior ::run [ RunTime:0.026105s ]
INFO: [ view_parse ] --END-- [ RunTime:0.026232s ]
INFO: [ view_filter ] --START--
INFO: ContentReplace Behavior ::run [ RunTime:0.000896s ]
INFO: TokenBuild Behavior ::run [ RunTime:0.000728s ]
INFO: WriteHtmlCache Behavior ::run [ RunTime:0.000527s ]
INFO: ShowRuntime Behavior ::run [ RunTime:0.000770s ]
INFO: [ view_filter ] --END-- [ RunTime:0.003206s ]
INFO: [ view_end ] --START--
INFO: ShowPageTrace Behavior ::run [ RunTime:0.000864s ]
INFO: [ view_end ] --END-- [ RunTime:0.000970s ]

