[ 2014-11-24T23:34:31+08:00 ] 127.0.0.1 /
INFO: [ app_begin ] --START--
INFO: ReadHtmlCache Behavior ::run [ RunTime:0.002744s ]
INFO: [ app_begin ] --END-- [ RunTime:0.003139s ]
SQL: SHOW COLUMNS FROM `vii_visit` [ RunTime:0.004104s ]
SQL: SHOW COLUMNS FROM `vii_share` [ RunTime:0.004251s ]
SQL: SELECT `counts` FROM `vii_visit` WHERE ( `title` = 'visit' ) LIMIT 1   [ RunTime:0.000475s ]
SQL: SELECT * FROM `vii_share` ORDER BY is_tj DESC,click DESC LIMIT 0,4   [ RunTime:0.000512s ]
SQL: SELECT COUNT(*) AS tp_count FROM `vii_share` LIMIT 1   [ RunTime:0.000320s ]
SQL: UPDATE `vii_visit` SET `counts`=3066 WHERE ( `title` = 'visit' ) [ RunTime:0.000368s ]
SQL: SHOW COLUMNS FROM `vii_article` [ RunTime:0.004549s ]
SQL: SHOW COLUMNS FROM `vii_comment` [ RunTime:0.004797s ]
SQL: SHOW COLUMNS FROM `vii_user_share` [ RunTime:0.004211s ]
SQL: SELECT COUNT(*) AS tp_count FROM `vii_share` LIMIT 1   [ RunTime:0.000357s ]
SQL: SELECT * FROM `vii_share` ORDER BY is_top DESC,click DESC LIMIT 0,30   [ RunTime:0.000708s ]
SQL: SELECT COUNT(*) AS tp_count FROM `vii_comment` WHERE ( `sid` = 19 ) LIMIT 1   [ RunTime:0.000454s ]
SQL: SELECT COUNT(*) AS tp_count FROM `vii_article` WHERE ( `sid` = 19 ) LIMIT 1   [ RunTime:0.000387s ]
SQL: SELECT COUNT(*) AS tp_count FROM `vii_user_share` WHERE ( `sid` = 19 ) LIMIT 1   [ RunTime:0.000358s ]
SQL: SHOW COLUMNS FROM `vii_users` [ RunTime:0.003946s ]
SQL: SELECT `nickname`,`pic`,`lev` FROM `vii_users` WHERE ( `id` = 52 ) LIMIT 1   [ RunTime:0.000404s ]
SQL: SELECT COUNT(*) AS tp_count FROM `vii_comment` WHERE ( `sid` = 20 ) LIMIT 1   [ RunTime:0.000343s ]
SQL: SELECT COUNT(*) AS tp_count FROM `vii_article` WHERE ( `sid` = 20 ) LIMIT 1   [ RunTime:0.000285s ]
SQL: SELECT COUNT(*) AS tp_count FROM `vii_user_share` WHERE ( `sid` = 20 ) LIMIT 1   [ RunTime:0.000269s ]
SQL: SELECT `nickname`,`pic`,`lev` FROM `vii_users` WHERE ( `id` = 55 ) LIMIT 1   [ RunTime:0.000482s ]
SQL: SELECT COUNT(*) AS tp_count FROM `vii_comment` WHERE ( `sid` = 28 ) LIMIT 1   [ RunTime:0.000486s ]
SQL: SELECT COUNT(*) AS tp_count FROM `vii_article` WHERE ( `sid` = 28 ) LIMIT 1   [ RunTime:0.000396s ]
SQL: SELECT COUNT(*) AS tp_count FROM `vii_user_share` WHERE ( `sid` = 28 ) LIMIT 1   [ RunTime:0.000367s ]
SQL: SELECT `nickname`,`pic`,`lev` FROM `vii_users` WHERE ( `id` = 55 ) LIMIT 1   [ RunTime:0.000345s ]
SQL: SELECT COUNT(*) AS tp_count FROM `vii_comment` WHERE ( `sid` = 29 ) LIMIT 1   [ RunTime:0.000330s ]
SQL: SELECT COUNT(*) AS tp_count FROM `vii_article` WHERE ( `sid` = 29 ) LIMIT 1   [ RunTime:0.000356s ]
SQL: SELECT COUNT(*) AS tp_count FROM `vii_user_share` WHERE ( `sid` = 29 ) LIMIT 1   [ RunTime:0.000327s ]
SQL: SELECT `nickname`,`pic`,`lev` FROM `vii_users` WHERE ( `id` = 56 ) LIMIT 1   [ RunTime:0.000487s ]
INFO: [ view_parse ] --START--
INFO: ParseTemplate Behavior ::run [ RunTime:0.024540s ]
INFO: [ view_parse ] --END-- [ RunTime:0.024691s ]
INFO: [ view_filter ] --START--
INFO: ContentReplace Behavior ::run [ RunTime:0.001035s ]
INFO: TokenBuild Behavior ::run [ RunTime:0.000760s ]
INFO: WriteHtmlCache Behavior ::run [ RunTime:0.000670s ]
INFO: ShowRuntime Behavior ::run [ RunTime:0.001021s ]
INFO: [ view_filter ] --END-- [ RunTime:0.003844s ]
INFO: [ view_end ] --START--
INFO: ShowPageTrace Behavior ::run [ RunTime:0.001400s ]
INFO: [ view_end ] --END-- [ RunTime:0.001532s ]

[ 2014-11-24T23:34:34+08:00 ] 127.0.0.1 /Users/inShares.html
INFO: [ route_check ] --START--
INFO: CheckRoute Behavior ::run [ RunTime:0.001215s ]
INFO: [ route_check ] --END-- [ RunTime:0.001371s ]
INFO: [ app_begin ] --START--
INFO: ReadHtmlCache Behavior ::run [ RunTime:0.000802s ]
INFO: [ app_begin ] --END-- [ RunTime:0.000920s ]
SQL: SHOW COLUMNS FROM `vii_visit` [ RunTime:0.003197s ]
SQL: SHOW COLUMNS FROM `vii_share` [ RunTime:0.003472s ]
SQL: SELECT `counts` FROM `vii_visit` WHERE ( `title` = 'visit' ) LIMIT 1   [ RunTime:0.000425s ]
SQL: SELECT COUNT(*) AS tp_count FROM `vii_share` LIMIT 1   [ RunTime:0.000237s ]
SQL: UPDATE `vii_visit` SET `counts`=3067 WHERE ( `title` = 'visit' ) [ RunTime:0.000277s ]
SQL: SHOW COLUMNS FROM `vii_user_share` [ RunTime:0.003142s ]
SQL: SHOW COLUMNS FROM `vii_comment` [ RunTime:0.003827s ]
SQL: SELECT `sid` FROM `vii_user_share` WHERE ( `uid` = 56 )  [ RunTime:0.000343s ]
SQL: SELECT * FROM `vii_share` WHERE ( `uid` = 56 ) ORDER BY id DESC  [ RunTime:0.000532s ]
SQL: SELECT COUNT(*) AS tp_count FROM `vii_comment` WHERE ( `sid` = 29 ) LIMIT 1   [ RunTime:0.000323s ]
INFO: [ view_parse ] --START--
INFO: ParseTemplate Behavior ::run [ RunTime:0.015922s ]
INFO: [ view_parse ] --END-- [ RunTime:0.016066s ]
INFO: [ view_filter ] --START--
INFO: ContentReplace Behavior ::run [ RunTime:0.000706s ]
INFO: TokenBuild Behavior ::run [ RunTime:0.000642s ]
INFO: WriteHtmlCache Behavior ::run [ RunTime:0.000514s ]
INFO: ShowRuntime Behavior ::run [ RunTime:0.000863s ]
INFO: [ view_filter ] --END-- [ RunTime:0.003067s ]
INFO: [ view_end ] --START--
INFO: ShowPageTrace Behavior ::run [ RunTime:0.001023s ]
INFO: [ view_end ] --END-- [ RunTime:0.001129s ]

[ 2014-11-24T23:34:36+08:00 ] 127.0.0.1 /Users/inShares.html
INFO: [ route_check ] --START--
INFO: CheckRoute Behavior ::run [ RunTime:0.001150s ]
INFO: [ route_check ] --END-- [ RunTime:0.001303s ]
INFO: [ app_begin ] --START--
INFO: ReadHtmlCache Behavior ::run [ RunTime:0.000914s ]
INFO: [ app_begin ] --END-- [ RunTime:0.001050s ]
SQL: SHOW COLUMNS FROM `vii_visit` [ RunTime:0.003725s ]
SQL: SHOW COLUMNS FROM `vii_share` [ RunTime:0.003815s ]
SQL: SELECT `counts` FROM `vii_visit` WHERE ( `title` = 'visit' ) LIMIT 1   [ RunTime:0.000351s ]
SQL: SELECT COUNT(*) AS tp_count FROM `vii_share` LIMIT 1   [ RunTime:0.000221s ]
SQL: UPDATE `vii_visit` SET `counts`=3068 WHERE ( `title` = 'visit' ) [ RunTime:0.000287s ]
SQL: SHOW COLUMNS FROM `vii_user_share` [ RunTime:0.003515s ]
SQL: SHOW COLUMNS FROM `vii_comment` [ RunTime:0.003696s ]
SQL: SELECT `sid` FROM `vii_user_share` WHERE ( `uid` = 56 )  [ RunTime:0.000364s ]
SQL: SELECT * FROM `vii_share` WHERE ( `uid` = 56 ) ORDER BY id DESC  [ RunTime:0.000487s ]
SQL: SELECT COUNT(*) AS tp_count FROM `vii_comment` WHERE ( `sid` = 29 ) LIMIT 1   [ RunTime:0.000267s ]
INFO: [ view_parse ] --START--
INFO: ParseTemplate Behavior ::run [ RunTime:0.015345s ]
INFO: [ view_parse ] --END-- [ RunTime:0.015488s ]
INFO: [ view_filter ] --START--
INFO: ContentReplace Behavior ::run [ RunTime:0.000698s ]
INFO: TokenBuild Behavior ::run [ RunTime:0.000573s ]
INFO: WriteHtmlCache Behavior ::run [ RunTime:0.000486s ]
INFO: ShowRuntime Behavior ::run [ RunTime:0.000831s ]
INFO: [ view_filter ] --END-- [ RunTime:0.002882s ]
INFO: [ view_end ] --START--
INFO: ShowPageTrace Behavior ::run [ RunTime:0.000895s ]
INFO: [ view_end ] --END-- [ RunTime:0.001001s ]

[ 2014-11-24T23:35:04+08:00 ] 127.0.0.1 /Users/inShares.html
INFO: [ route_check ] --START--
INFO: CheckRoute Behavior ::run [ RunTime:0.001163s ]
INFO: [ route_check ] --END-- [ RunTime:0.001306s ]
INFO: [ app_begin ] --START--
INFO: ReadHtmlCache Behavior ::run [ RunTime:0.000966s ]
INFO: [ app_begin ] --END-- [ RunTime:0.001091s ]
SQL: SHOW COLUMNS FROM `vii_visit` [ RunTime:0.003299s ]
SQL: SHOW COLUMNS FROM `vii_share` [ RunTime:0.003314s ]
SQL: SELECT `counts` FROM `vii_visit` WHERE ( `title` = 'visit' ) LIMIT 1   [ RunTime:0.000405s ]
SQL: SELECT COUNT(*) AS tp_count FROM `vii_share` LIMIT 1   [ RunTime:0.000250s ]
SQL: UPDATE `vii_visit` SET `counts`=3069 WHERE ( `title` = 'visit' ) [ RunTime:0.000304s ]
SQL: SHOW COLUMNS FROM `vii_user_share` [ RunTime:0.003204s ]
SQL: SHOW COLUMNS FROM `vii_comment` [ RunTime:0.003410s ]
SQL: SELECT `sid` FROM `vii_user_share` WHERE ( `uid` = 56 )  [ RunTime:0.000328s ]

[ 2014-11-24T23:35:15+08:00 ] 127.0.0.1 /Users/inShares.html
INFO: [ route_check ] --START--
INFO: CheckRoute Behavior ::run [ RunTime:0.000948s ]
INFO: [ route_check ] --END-- [ RunTime:0.001083s ]
INFO: [ app_begin ] --START--
INFO: ReadHtmlCache Behavior ::run [ RunTime:0.000718s ]
INFO: [ app_begin ] --END-- [ RunTime:0.000833s ]
SQL: SHOW COLUMNS FROM `vii_visit` [ RunTime:0.003207s ]
SQL: SHOW COLUMNS FROM `vii_share` [ RunTime:0.003558s ]
SQL: SELECT `counts` FROM `vii_visit` WHERE ( `title` = 'visit' ) LIMIT 1   [ RunTime:0.000329s ]
SQL: SELECT COUNT(*) AS tp_count FROM `vii_share` LIMIT 1   [ RunTime:0.000194s ]
SQL: UPDATE `vii_visit` SET `counts`=3070 WHERE ( `title` = 'visit' ) [ RunTime:0.000261s ]
SQL: SHOW COLUMNS FROM `vii_user_share` [ RunTime:0.003082s ]
SQL: SHOW COLUMNS FROM `vii_comment` [ RunTime:0.003518s ]
SQL: SELECT `sid` FROM `vii_user_share` WHERE ( `uid` = 56 )  [ RunTime:0.000650s ]

[ 2014-11-24T23:36:04+08:00 ] 127.0.0.1 /Uenter/logout.html
INFO: [ route_check ] --START--
INFO: CheckRoute Behavior ::run [ RunTime:0.001145s ]
INFO: [ route_check ] --END-- [ RunTime:0.001297s ]
INFO: [ app_begin ] --START--
INFO: ReadHtmlCache Behavior ::run [ RunTime:0.000850s ]
INFO: [ app_begin ] --END-- [ RunTime:0.000973s ]
SQL: SHOW COLUMNS FROM `vii_visit` [ RunTime:0.003160s ]
SQL: SHOW COLUMNS FROM `vii_share` [ RunTime:0.003182s ]
SQL: SELECT `counts` FROM `vii_visit` WHERE ( `title` = 'visit' ) LIMIT 1   [ RunTime:0.000316s ]
SQL: SELECT * FROM `vii_share` ORDER BY is_tj DESC,click DESC LIMIT 0,4   [ RunTime:0.000400s ]
SQL: SELECT COUNT(*) AS tp_count FROM `vii_share` LIMIT 1   [ RunTime:0.000246s ]
SQL: UPDATE `vii_visit` SET `counts`=3071 WHERE ( `title` = 'visit' ) [ RunTime:0.000319s ]

[ 2014-11-24T23:36:04+08:00 ] 127.0.0.1 /Index/index.html
INFO: [ route_check ] --START--
INFO: CheckRoute Behavior ::run [ RunTime:0.000952s ]
INFO: [ route_check ] --END-- [ RunTime:0.001095s ]
INFO: [ app_begin ] --START--
INFO: ReadHtmlCache Behavior ::run [ RunTime:0.000788s ]
INFO: [ app_begin ] --END-- [ RunTime:0.000909s ]
SQL: SHOW COLUMNS FROM `vii_visit` [ RunTime:0.003332s ]
SQL: SHOW COLUMNS FROM `vii_share` [ RunTime:0.003796s ]
SQL: SELECT `counts` FROM `vii_visit` WHERE ( `title` = 'visit' ) LIMIT 1   [ RunTime:0.000321s ]
SQL: SELECT * FROM `vii_share` ORDER BY is_tj DESC,click DESC LIMIT 0,4   [ RunTime:0.000373s ]
SQL: SELECT COUNT(*) AS tp_count FROM `vii_share` LIMIT 1   [ RunTime:0.000294s ]
SQL: UPDATE `vii_visit` SET `counts`=3072 WHERE ( `title` = 'visit' ) [ RunTime:0.000344s ]
SQL: SHOW COLUMNS FROM `vii_article` [ RunTime:0.003610s ]
SQL: SHOW COLUMNS FROM `vii_comment` [ RunTime:0.003593s ]
SQL: SHOW COLUMNS FROM `vii_user_share` [ RunTime:0.003462s ]
SQL: SELECT COUNT(*) AS tp_count FROM `vii_share` LIMIT 1   [ RunTime:0.000292s ]
SQL: SELECT * FROM `vii_share` ORDER BY is_top DESC,click DESC LIMIT 0,30   [ RunTime:0.000339s ]
SQL: SELECT COUNT(*) AS tp_count FROM `vii_comment` WHERE ( `sid` = 19 ) LIMIT 1   [ RunTime:0.000226s ]
SQL: SELECT COUNT(*) AS tp_count FROM `vii_article` WHERE ( `sid` = 19 ) LIMIT 1   [ RunTime:0.000228s ]
SQL: SELECT COUNT(*) AS tp_count FROM `vii_user_share` WHERE ( `sid` = 19 ) LIMIT 1   [ RunTime:0.000186s ]
SQL: SHOW COLUMNS FROM `vii_users` [ RunTime:0.003476s ]
SQL: SELECT `nickname`,`pic`,`lev` FROM `vii_users` WHERE ( `id` = 52 ) LIMIT 1   [ RunTime:0.001112s ]
SQL: SELECT COUNT(*) AS tp_count FROM `vii_comment` WHERE ( `sid` = 20 ) LIMIT 1   [ RunTime:0.000396s ]
SQL: SELECT COUNT(*) AS tp_count FROM `vii_article` WHERE ( `sid` = 20 ) LIMIT 1   [ RunTime:0.000332s ]
SQL: SELECT COUNT(*) AS tp_count FROM `vii_user_share` WHERE ( `sid` = 20 ) LIMIT 1   [ RunTime:0.000326s ]
SQL: SELECT `nickname`,`pic`,`lev` FROM `vii_users` WHERE ( `id` = 55 ) LIMIT 1   [ RunTime:0.000420s ]
SQL: SELECT COUNT(*) AS tp_count FROM `vii_comment` WHERE ( `sid` = 28 ) LIMIT 1   [ RunTime:0.000279s ]
SQL: SELECT COUNT(*) AS tp_count FROM `vii_article` WHERE ( `sid` = 28 ) LIMIT 1   [ RunTime:0.000238s ]
SQL: SELECT COUNT(*) AS tp_count FROM `vii_user_share` WHERE ( `sid` = 28 ) LIMIT 1   [ RunTime:0.000210s ]
SQL: SELECT `nickname`,`pic`,`lev` FROM `vii_users` WHERE ( `id` = 55 ) LIMIT 1   [ RunTime:0.000228s ]
SQL: SELECT COUNT(*) AS tp_count FROM `vii_comment` WHERE ( `sid` = 29 ) LIMIT 1   [ RunTime:0.000214s ]
SQL: SELECT COUNT(*) AS tp_count FROM `vii_article` WHERE ( `sid` = 29 ) LIMIT 1   [ RunTime:0.000296s ]
SQL: SELECT COUNT(*) AS tp_count FROM `vii_user_share` WHERE ( `sid` = 29 ) LIMIT 1   [ RunTime:0.000364s ]
SQL: SELECT `nickname`,`pic`,`lev` FROM `vii_users` WHERE ( `id` = 56 ) LIMIT 1   [ RunTime:0.000314s ]
INFO: [ view_parse ] --START--
NOTIC: [8] Undefined index: users_pic D:\wamp\www\viiz\viizone\Runtime\Cache\Home\2b16bc0b8666b35ab6874c3acd09d7db.php 第 113 行.
NOTIC: [8] Undefined index: users_id D:\wamp\www\viiz\viizone\Runtime\Cache\Home\2b16bc0b8666b35ab6874c3acd09d7db.php 第 127 行.
INFO: ParseTemplate Behavior ::run [ RunTime:0.022359s ]
INFO: [ view_parse ] --END-- [ RunTime:0.022504s ]
INFO: [ view_filter ] --START--
INFO: ContentReplace Behavior ::run [ RunTime:0.000850s ]
INFO: TokenBuild Behavior ::run [ RunTime:0.000667s ]
INFO: WriteHtmlCache Behavior ::run [ RunTime:0.000499s ]
INFO: ShowRuntime Behavior ::run [ RunTime:0.000860s ]
INFO: [ view_filter ] --END-- [ RunTime:0.003232s ]
INFO: [ view_end ] --START--
INFO: ShowPageTrace Behavior ::run [ RunTime:0.000973s ]
INFO: [ view_end ] --END-- [ RunTime:0.001155s ]

[ 2014-11-24T23:36:08+08:00 ] 127.0.0.1 /Uenter/login.html
INFO: [ route_check ] --START--
INFO: CheckRoute Behavior ::run [ RunTime:0.001017s ]
INFO: [ route_check ] --END-- [ RunTime:0.001164s ]
INFO: [ app_begin ] --START--
INFO: ReadHtmlCache Behavior ::run [ RunTime:0.000784s ]
INFO: [ app_begin ] --END-- [ RunTime:0.000902s ]
SQL: SHOW COLUMNS FROM `vii_visit` [ RunTime:0.003289s ]
SQL: SHOW COLUMNS FROM `vii_share` [ RunTime:0.003681s ]
SQL: SELECT `counts` FROM `vii_visit` WHERE ( `title` = 'visit' ) LIMIT 1   [ RunTime:0.000338s ]
SQL: SELECT * FROM `vii_share` ORDER BY is_tj DESC,click DESC LIMIT 0,4   [ RunTime:0.000390s ]
SQL: SELECT COUNT(*) AS tp_count FROM `vii_share` LIMIT 1   [ RunTime:0.000210s ]
SQL: UPDATE `vii_visit` SET `counts`=3073 WHERE ( `title` = 'visit' ) [ RunTime:0.000327s ]
INFO: [ view_parse ] --START--
INFO: ParseTemplate Behavior ::run [ RunTime:0.009620s ]
INFO: [ view_parse ] --END-- [ RunTime:0.009821s ]
INFO: [ view_filter ] --START--
INFO: ContentReplace Behavior ::run [ RunTime:0.000597s ]
INFO: TokenBuild Behavior ::run [ RunTime:0.000676s ]
INFO: WriteHtmlCache Behavior ::run [ RunTime:0.000505s ]
INFO: ShowRuntime Behavior ::run [ RunTime:0.000837s ]
INFO: [ view_filter ] --END-- [ RunTime:0.002965s ]
INFO: [ view_end ] --START--
INFO: ShowPageTrace Behavior ::run [ RunTime:0.000919s ]
INFO: [ view_end ] --END-- [ RunTime:0.001029s ]

[ 2014-11-24T23:36:20+08:00 ] 127.0.0.1 /Uenter/loginAction
INFO: [ route_check ] --START--
INFO: CheckRoute Behavior ::run [ RunTime:0.000922s ]
INFO: [ route_check ] --END-- [ RunTime:0.001064s ]
INFO: [ app_begin ] --START--
INFO: ReadHtmlCache Behavior ::run [ RunTime:0.000720s ]
INFO: [ app_begin ] --END-- [ RunTime:0.000821s ]
SQL: SHOW COLUMNS FROM `vii_visit` [ RunTime:0.003343s ]
SQL: SHOW COLUMNS FROM `vii_share` [ RunTime:0.003538s ]
SQL: SELECT `counts` FROM `vii_visit` WHERE ( `title` = 'visit' ) LIMIT 1   [ RunTime:0.000316s ]
SQL: SELECT * FROM `vii_share` ORDER BY is_tj DESC,click DESC LIMIT 0,4   [ RunTime:0.000384s ]
SQL: SELECT COUNT(*) AS tp_count FROM `vii_share` LIMIT 1   [ RunTime:0.000214s ]
SQL: UPDATE `vii_visit` SET `counts`=3074 WHERE ( `title` = 'visit' ) [ RunTime:0.000277s ]
SQL: SHOW COLUMNS FROM `vii_users` [ RunTime:0.003681s ]
SQL: SELECT * FROM `vii_users` WHERE ( `nickname` = '美女战野兽' ) AND ( `lock` = 0 ) LIMIT 1   [ RunTime:0.000399s ]

[ 2014-11-24T23:36:22+08:00 ] 127.0.0.1 /Users/index
INFO: [ route_check ] --START--
INFO: CheckRoute Behavior ::run [ RunTime:0.001676s ]
INFO: [ route_check ] --END-- [ RunTime:0.001991s ]
INFO: [ app_begin ] --START--
INFO: ReadHtmlCache Behavior ::run [ RunTime:0.001417s ]
INFO: [ app_begin ] --END-- [ RunTime:0.001654s ]
SQL: SHOW COLUMNS FROM `vii_visit` [ RunTime:0.004652s ]
SQL: SHOW COLUMNS FROM `vii_share` [ RunTime:0.003922s ]
SQL: SELECT `counts` FROM `vii_visit` WHERE ( `title` = 'visit' ) LIMIT 1   [ RunTime:0.000388s ]
SQL: SELECT COUNT(*) AS tp_count FROM `vii_share` LIMIT 1   [ RunTime:0.000231s ]
SQL: UPDATE `vii_visit` SET `counts`=3075 WHERE ( `title` = 'visit' ) [ RunTime:0.000297s ]
SQL: SHOW COLUMNS FROM `vii_member` [ RunTime:0.003082s ]
ERR: 1146:Table 'vii_zone.vii_member' doesn't exist
 [ SQL语句 ] : SHOW COLUMNS FROM `vii_member`
NOTIC: [8] Undefined index: member_id D:\wamp\www\viiz\viizone\Lib\Action\Home\UsersAction.class.php 第 24 行.
SQL: SELECT * FROM `vii_member` WHERE ( `id` = null ) LIMIT 1   [ RunTime:0.000489s ]
ERR: 1146:Table 'vii_zone.vii_member' doesn't exist
 [ SQL语句 ] : SELECT * FROM `vii_member` WHERE ( `id` = null ) LIMIT 1  
INFO: [ view_parse ] --START--
INFO: ParseTemplate Behavior ::run [ RunTime:0.011681s ]
INFO: [ view_parse ] --END-- [ RunTime:0.011859s ]
INFO: [ view_filter ] --START--
INFO: ContentReplace Behavior ::run [ RunTime:0.000664s ]
INFO: TokenBuild Behavior ::run [ RunTime:0.000639s ]
INFO: WriteHtmlCache Behavior ::run [ RunTime:0.000655s ]
INFO: ShowRuntime Behavior ::run [ RunTime:0.001455s ]
INFO: [ view_filter ] --END-- [ RunTime:0.003854s ]
INFO: [ view_end ] --START--
INFO: ShowPageTrace Behavior ::run [ RunTime:0.001238s ]
INFO: [ view_end ] --END-- [ RunTime:0.001401s ]

[ 2014-11-24T23:36:25+08:00 ] 127.0.0.1 /Users/inShares.html
INFO: [ route_check ] --START--
INFO: CheckRoute Behavior ::run [ RunTime:0.000936s ]
INFO: [ route_check ] --END-- [ RunTime:0.001081s ]
INFO: [ app_begin ] --START--
INFO: ReadHtmlCache Behavior ::run [ RunTime:0.000761s ]
INFO: [ app_begin ] --END-- [ RunTime:0.000906s ]
SQL: SHOW COLUMNS FROM `vii_visit` [ RunTime:0.003395s ]
SQL: SHOW COLUMNS FROM `vii_share` [ RunTime:0.004063s ]
SQL: SELECT `counts` FROM `vii_visit` WHERE ( `title` = 'visit' ) LIMIT 1   [ RunTime:0.000333s ]
SQL: SELECT COUNT(*) AS tp_count FROM `vii_share` LIMIT 1   [ RunTime:0.000236s ]
SQL: UPDATE `vii_visit` SET `counts`=3076 WHERE ( `title` = 'visit' ) [ RunTime:0.000263s ]
SQL: SHOW COLUMNS FROM `vii_user_share` [ RunTime:0.004011s ]
SQL: SHOW COLUMNS FROM `vii_comment` [ RunTime:0.003608s ]
SQL: SELECT `sid` FROM `vii_user_share` WHERE ( `uid` = 56 )  [ RunTime:0.000332s ]
SQL: SELECT * FROM `vii_share` WHERE ( `uid` = 56 ) ORDER BY id DESC  [ RunTime:0.000358s ]
SQL: SELECT COUNT(*) AS tp_count FROM `vii_comment` WHERE ( `sid` = 29 ) LIMIT 1   [ RunTime:0.000253s ]
INFO: [ view_parse ] --START--
INFO: ParseTemplate Behavior ::run [ RunTime:0.015139s ]
INFO: [ view_parse ] --END-- [ RunTime:0.015283s ]
INFO: [ view_filter ] --START--
INFO: ContentReplace Behavior ::run [ RunTime:0.000712s ]
INFO: TokenBuild Behavior ::run [ RunTime:0.000647s ]
INFO: WriteHtmlCache Behavior ::run [ RunTime:0.000457s ]
INFO: ShowRuntime Behavior ::run [ RunTime:0.000884s ]
INFO: [ view_filter ] --END-- [ RunTime:0.002996s ]
INFO: [ view_end ] --START--
INFO: ShowPageTrace Behavior ::run [ RunTime:0.000902s ]
INFO: [ view_end ] --END-- [ RunTime:0.001011s ]

[ 2014-11-24T23:36:28+08:00 ] 127.0.0.1 /Users/inShares.html
INFO: [ route_check ] --START--
INFO: CheckRoute Behavior ::run [ RunTime:0.001281s ]
INFO: [ route_check ] --END-- [ RunTime:0.001493s ]
INFO: [ app_begin ] --START--
INFO: ReadHtmlCache Behavior ::run [ RunTime:0.000969s ]
INFO: [ app_begin ] --END-- [ RunTime:0.001117s ]
SQL: SHOW COLUMNS FROM `vii_visit` [ RunTime:0.003328s ]
SQL: SHOW COLUMNS FROM `vii_share` [ RunTime:0.004101s ]
SQL: SELECT `counts` FROM `vii_visit` WHERE ( `title` = 'visit' ) LIMIT 1   [ RunTime:0.000382s ]
SQL: SELECT COUNT(*) AS tp_count FROM `vii_share` LIMIT 1   [ RunTime:0.000234s ]
SQL: UPDATE `vii_visit` SET `counts`=3077 WHERE ( `title` = 'visit' ) [ RunTime:0.000286s ]
SQL: SHOW COLUMNS FROM `vii_user_share` [ RunTime:0.003161s ]
SQL: SHOW COLUMNS FROM `vii_comment` [ RunTime:0.003334s ]
SQL: SELECT `sid` FROM `vii_user_share` WHERE ( `uid` = 56 )  [ RunTime:0.000377s ]
SQL: SELECT * FROM `vii_share` WHERE ( `uid` = 56 ) ORDER BY id DESC  [ RunTime:0.000383s ]
SQL: SELECT COUNT(*) AS tp_count FROM `vii_comment` WHERE ( `sid` = 29 ) LIMIT 1   [ RunTime:0.000276s ]
INFO: [ view_parse ] --START--
INFO: ParseTemplate Behavior ::run [ RunTime:0.014894s ]
INFO: [ view_parse ] --END-- [ RunTime:0.015106s ]
INFO: [ view_filter ] --START--
INFO: ContentReplace Behavior ::run [ RunTime:0.000918s ]
INFO: TokenBuild Behavior ::run [ RunTime:0.000806s ]
INFO: WriteHtmlCache Behavior ::run [ RunTime:0.000507s ]
INFO: ShowRuntime Behavior ::run [ RunTime:0.000923s ]
INFO: [ view_filter ] --END-- [ RunTime:0.003506s ]
INFO: [ view_end ] --START--
INFO: ShowPageTrace Behavior ::run [ RunTime:0.001055s ]
INFO: [ view_end ] --END-- [ RunTime:0.001163s ]

[ 2014-11-24T23:36:32+08:00 ] 127.0.0.1 /Users/out
INFO: [ route_check ] --START--
INFO: CheckRoute Behavior ::run [ RunTime:0.001295s ]
INFO: [ route_check ] --END-- [ RunTime:0.001468s ]
INFO: [ app_begin ] --START--
INFO: ReadHtmlCache Behavior ::run [ RunTime:0.000935s ]
INFO: [ app_begin ] --END-- [ RunTime:0.001058s ]
SQL: SHOW COLUMNS FROM `vii_visit` [ RunTime:0.003306s ]
SQL: SHOW COLUMNS FROM `vii_share` [ RunTime:0.003632s ]
SQL: SELECT `counts` FROM `vii_visit` WHERE ( `title` = 'visit' ) LIMIT 1   [ RunTime:0.000366s ]
SQL: SELECT COUNT(*) AS tp_count FROM `vii_share` LIMIT 1   [ RunTime:0.000277s ]
SQL: UPDATE `vii_visit` SET `counts`=3078 WHERE ( `title` = 'visit' ) [ RunTime:0.000270s ]
SQL: SHOW COLUMNS FROM `vii_user_share` [ RunTime:0.003215s ]
SQL: SELECT * FROM `vii_share` WHERE ( `id` = 29 ) AND ( `uid` = 56 ) LIMIT 1   [ RunTime:0.000522s ]

[ 2014-11-24T23:36:39+08:00 ] 127.0.0.1 /Users/inShares.html
INFO: [ route_check ] --START--
INFO: CheckRoute Behavior ::run [ RunTime:0.001195s ]
INFO: [ route_check ] --END-- [ RunTime:0.001347s ]
INFO: [ app_begin ] --START--
INFO: ReadHtmlCache Behavior ::run [ RunTime:0.000892s ]
INFO: [ app_begin ] --END-- [ RunTime:0.001059s ]
SQL: SHOW COLUMNS FROM `vii_visit` [ RunTime:0.003423s ]
SQL: SHOW COLUMNS FROM `vii_share` [ RunTime:0.003451s ]
SQL: SELECT `counts` FROM `vii_visit` WHERE ( `title` = 'visit' ) LIMIT 1   [ RunTime:0.000332s ]
SQL: SELECT COUNT(*) AS tp_count FROM `vii_share` LIMIT 1   [ RunTime:0.000228s ]
SQL: UPDATE `vii_visit` SET `counts`=3079 WHERE ( `title` = 'visit' ) [ RunTime:0.000276s ]
SQL: SHOW COLUMNS FROM `vii_user_share` [ RunTime:0.003493s ]
SQL: SHOW COLUMNS FROM `vii_comment` [ RunTime:0.003625s ]
SQL: SELECT `sid` FROM `vii_user_share` WHERE ( `uid` = 56 )  [ RunTime:0.000328s ]
SQL: SELECT * FROM `vii_share` WHERE ( `uid` = 56 ) ORDER BY id DESC  [ RunTime:0.000388s ]
SQL: SELECT COUNT(*) AS tp_count FROM `vii_comment` WHERE ( `sid` = 29 ) LIMIT 1   [ RunTime:0.000272s ]
INFO: [ view_parse ] --START--
INFO: ParseTemplate Behavior ::run [ RunTime:0.016850s ]
INFO: [ view_parse ] --END-- [ RunTime:0.017064s ]
INFO: [ view_filter ] --START--
INFO: ContentReplace Behavior ::run [ RunTime:0.000966s ]
INFO: TokenBuild Behavior ::run [ RunTime:0.000859s ]
INFO: WriteHtmlCache Behavior ::run [ RunTime:0.000544s ]
INFO: ShowRuntime Behavior ::run [ RunTime:0.000859s ]
INFO: [ view_filter ] --END-- [ RunTime:0.003646s ]
INFO: [ view_end ] --START--
INFO: ShowPageTrace Behavior ::run [ RunTime:0.000934s ]
INFO: [ view_end ] --END-- [ RunTime:0.001042s ]

[ 2014-11-24T23:39:55+08:00 ] 127.0.0.1 /Users/inShares.html
INFO: [ route_check ] --START--
INFO: CheckRoute Behavior ::run [ RunTime:0.001681s ]
INFO: [ route_check ] --END-- [ RunTime:0.002087s ]
INFO: [ app_begin ] --START--
INFO: ReadHtmlCache Behavior ::run [ RunTime:0.002750s ]
INFO: [ app_begin ] --END-- [ RunTime:0.003153s ]
SQL: SHOW COLUMNS FROM `vii_visit` [ RunTime:0.005132s ]
SQL: SHOW COLUMNS FROM `vii_share` [ RunTime:0.005134s ]
SQL: SELECT `counts` FROM `vii_visit` WHERE ( `title` = 'visit' ) LIMIT 1   [ RunTime:0.000479s ]
SQL: SELECT COUNT(*) AS tp_count FROM `vii_share` LIMIT 1   [ RunTime:0.000285s ]
SQL: UPDATE `vii_visit` SET `counts`=3080 WHERE ( `title` = 'visit' ) [ RunTime:0.000358s ]
SQL: SHOW COLUMNS FROM `vii_user_share` [ RunTime:0.005259s ]
SQL: SHOW COLUMNS FROM `vii_comment` [ RunTime:0.005345s ]
SQL: SELECT `sid` FROM `vii_user_share` WHERE ( `uid` = 56 )  [ RunTime:0.000423s ]

[ 2014-11-24T23:40:28+08:00 ] 127.0.0.1 /Users/inShares.html
INFO: [ route_check ] --START--
INFO: CheckRoute Behavior ::run [ RunTime:0.001416s ]
INFO: [ route_check ] --END-- [ RunTime:0.001582s ]
INFO: [ app_begin ] --START--
INFO: ReadHtmlCache Behavior ::run [ RunTime:0.000936s ]
INFO: [ app_begin ] --END-- [ RunTime:0.001077s ]
SQL: SHOW COLUMNS FROM `vii_visit` [ RunTime:0.004465s ]
SQL: SHOW COLUMNS FROM `vii_share` [ RunTime:0.003832s ]
SQL: SELECT `counts` FROM `vii_visit` WHERE ( `title` = 'visit' ) LIMIT 1   [ RunTime:0.000458s ]
SQL: SELECT COUNT(*) AS tp_count FROM `vii_share` LIMIT 1   [ RunTime:0.000341s ]
SQL: UPDATE `vii_visit` SET `counts`=3081 WHERE ( `title` = 'visit' ) [ RunTime:0.000393s ]
SQL: SHOW COLUMNS FROM `vii_user_share` [ RunTime:0.003488s ]
SQL: SHOW COLUMNS FROM `vii_comment` [ RunTime:0.004911s ]
SQL: SELECT `sid` FROM `vii_user_share` WHERE ( `uid` = 56 )  [ RunTime:0.000448s ]
SQL: SELECT * FROM `vii_share` WHERE ( `uid` = 56 ) ORDER BY id DESC  [ RunTime:0.000527s ]
SQL: SELECT COUNT(*) AS tp_count FROM `vii_comment` WHERE ( `sid` = 29 ) LIMIT 1   [ RunTime:0.000513s ]

[ 2014-11-24T23:40:31+08:00 ] 127.0.0.1 /Users/inShares.html
INFO: [ route_check ] --START--
INFO: CheckRoute Behavior ::run [ RunTime:0.001039s ]
INFO: [ route_check ] --END-- [ RunTime:0.001194s ]
INFO: [ app_begin ] --START--
INFO: ReadHtmlCache Behavior ::run [ RunTime:0.000989s ]
INFO: [ app_begin ] --END-- [ RunTime:0.001134s ]
SQL: SHOW COLUMNS FROM `vii_visit` [ RunTime:0.004625s ]
SQL: SHOW COLUMNS FROM `vii_share` [ RunTime:0.004293s ]
SQL: SELECT `counts` FROM `vii_visit` WHERE ( `title` = 'visit' ) LIMIT 1   [ RunTime:0.000430s ]
SQL: SELECT COUNT(*) AS tp_count FROM `vii_share` LIMIT 1   [ RunTime:0.000301s ]
SQL: UPDATE `vii_visit` SET `counts`=3082 WHERE ( `title` = 'visit' ) [ RunTime:0.000317s ]
SQL: SHOW COLUMNS FROM `vii_user_share` [ RunTime:0.004912s ]
SQL: SHOW COLUMNS FROM `vii_comment` [ RunTime:0.006358s ]
SQL: SELECT `sid` FROM `vii_user_share` WHERE ( `uid` = 56 )  [ RunTime:0.000415s ]
SQL: SELECT * FROM `vii_share` WHERE ( `uid` = 56 ) ORDER BY id DESC  [ RunTime:0.000482s ]
SQL: SELECT COUNT(*) AS tp_count FROM `vii_comment` WHERE ( `sid` = 29 ) LIMIT 1   [ RunTime:0.000327s ]

[ 2014-11-24T23:40:34+08:00 ] 127.0.0.1 /Users/inShares.html
INFO: [ route_check ] --START--
INFO: CheckRoute Behavior ::run [ RunTime:0.000958s ]
INFO: [ route_check ] --END-- [ RunTime:0.001100s ]
INFO: [ app_begin ] --START--
INFO: ReadHtmlCache Behavior ::run [ RunTime:0.000808s ]
INFO: [ app_begin ] --END-- [ RunTime:0.000937s ]
SQL: SHOW COLUMNS FROM `vii_visit` [ RunTime:0.003550s ]
SQL: SHOW COLUMNS FROM `vii_share` [ RunTime:0.006359s ]
SQL: SELECT `counts` FROM `vii_visit` WHERE ( `title` = 'visit' ) LIMIT 1   [ RunTime:0.000508s ]
SQL: SELECT COUNT(*) AS tp_count FROM `vii_share` LIMIT 1   [ RunTime:0.000316s ]
SQL: UPDATE `vii_visit` SET `counts`=3083 WHERE ( `title` = 'visit' ) [ RunTime:0.000585s ]
SQL: SHOW COLUMNS FROM `vii_user_share` [ RunTime:0.003367s ]
SQL: SHOW COLUMNS FROM `vii_comment` [ RunTime:0.005918s ]
SQL: SELECT `sid` FROM `vii_user_share` WHERE ( `uid` = 56 )  [ RunTime:0.000519s ]
SQL: SELECT * FROM `vii_share` WHERE ( `uid` = 56 ) ORDER BY id DESC  [ RunTime:0.000553s ]
SQL: SELECT COUNT(*) AS tp_count FROM `vii_comment` WHERE ( `sid` = 29 ) LIMIT 1   [ RunTime:0.001443s ]

[ 2014-11-24T23:40:47+08:00 ] 127.0.0.1 /Users/inShares.html
INFO: [ route_check ] --START--
INFO: CheckRoute Behavior ::run [ RunTime:0.001135s ]
INFO: [ route_check ] --END-- [ RunTime:0.001285s ]
INFO: [ app_begin ] --START--
INFO: ReadHtmlCache Behavior ::run [ RunTime:0.001222s ]
INFO: [ app_begin ] --END-- [ RunTime:0.001446s ]
SQL: SHOW COLUMNS FROM `vii_visit` [ RunTime:0.004360s ]
SQL: SHOW COLUMNS FROM `vii_share` [ RunTime:0.004798s ]
SQL: SELECT `counts` FROM `vii_visit` WHERE ( `title` = 'visit' ) LIMIT 1   [ RunTime:0.000404s ]
SQL: SELECT COUNT(*) AS tp_count FROM `vii_share` LIMIT 1   [ RunTime:0.000236s ]
SQL: UPDATE `vii_visit` SET `counts`=3084 WHERE ( `title` = 'visit' ) [ RunTime:0.000630s ]
SQL: SHOW COLUMNS FROM `vii_user_share` [ RunTime:0.005345s ]
SQL: SHOW COLUMNS FROM `vii_comment` [ RunTime:0.005076s ]
SQL: SELECT `sid` FROM `vii_user_share` WHERE ( `uid` = 56 )  [ RunTime:0.000459s ]
SQL: SELECT * FROM `vii_share` WHERE ( `uid` = 56 ) ORDER BY id DESC  [ RunTime:0.000513s ]
SQL: SELECT COUNT(*) AS tp_count FROM `vii_comment` WHERE ( `sid` = 29 ) LIMIT 1   [ RunTime:0.000601s ]

[ 2014-11-24T23:41:08+08:00 ] 127.0.0.1 /Users/inShares.html
INFO: [ route_check ] --START--
INFO: CheckRoute Behavior ::run [ RunTime:0.001533s ]
INFO: [ route_check ] --END-- [ RunTime:0.001745s ]
INFO: [ app_begin ] --START--
INFO: ReadHtmlCache Behavior ::run [ RunTime:0.001310s ]
INFO: [ app_begin ] --END-- [ RunTime:0.001562s ]
SQL: SHOW COLUMNS FROM `vii_visit` [ RunTime:0.004878s ]
SQL: SHOW COLUMNS FROM `vii_share` [ RunTime:0.005541s ]
SQL: SELECT `counts` FROM `vii_visit` WHERE ( `title` = 'visit' ) LIMIT 1   [ RunTime:0.000449s ]
SQL: SELECT COUNT(*) AS tp_count FROM `vii_share` LIMIT 1   [ RunTime:0.000444s ]
SQL: UPDATE `vii_visit` SET `counts`=3085 WHERE ( `title` = 'visit' ) [ RunTime:0.000438s ]
SQL: SHOW COLUMNS FROM `vii_user_share` [ RunTime:0.005104s ]
SQL: SHOW COLUMNS FROM `vii_comment` [ RunTime:0.006155s ]
SQL: SELECT `sid` FROM `vii_user_share` WHERE ( `uid` = 56 )  [ RunTime:0.000471s ]
SQL: SELECT * FROM `vii_share` WHERE ( `uid` = 56 ) ORDER BY id DESC  [ RunTime:0.000738s ]
SQL: SELECT COUNT(*) AS tp_count FROM `vii_comment` WHERE ( `sid` = 29 ) LIMIT 1   [ RunTime:0.000465s ]
INFO: [ view_parse ] --START--
INFO: ParseTemplate Behavior ::run [ RunTime:0.041546s ]
INFO: [ view_parse ] --END-- [ RunTime:0.041744s ]
INFO: [ view_filter ] --START--
INFO: ContentReplace Behavior ::run [ RunTime:0.000862s ]
INFO: TokenBuild Behavior ::run [ RunTime:0.000647s ]
INFO: WriteHtmlCache Behavior ::run [ RunTime:0.000470s ]
INFO: ShowRuntime Behavior ::run [ RunTime:0.000785s ]
INFO: [ view_filter ] --END-- [ RunTime:0.003101s ]
INFO: [ view_end ] --START--
INFO: ShowPageTrace Behavior ::run [ RunTime:0.001260s ]
INFO: [ view_end ] --END-- [ RunTime:0.001388s ]

[ 2014-11-24T23:41:10+08:00 ] 127.0.0.1 /Users/inShares.html
INFO: [ route_check ] --START--
INFO: CheckRoute Behavior ::run [ RunTime:0.002113s ]
INFO: [ route_check ] --END-- [ RunTime:0.002370s ]
INFO: [ app_begin ] --START--
INFO: ReadHtmlCache Behavior ::run [ RunTime:0.001387s ]
INFO: [ app_begin ] --END-- [ RunTime:0.001713s ]
SQL: SHOW COLUMNS FROM `vii_visit` [ RunTime:0.004800s ]
SQL: SHOW COLUMNS FROM `vii_share` [ RunTime:0.004035s ]
SQL: SELECT `counts` FROM `vii_visit` WHERE ( `title` = 'visit' ) LIMIT 1   [ RunTime:0.000480s ]
SQL: SELECT COUNT(*) AS tp_count FROM `vii_share` LIMIT 1   [ RunTime:0.000337s ]
SQL: UPDATE `vii_visit` SET `counts`=3086 WHERE ( `title` = 'visit' ) [ RunTime:0.000450s ]
SQL: SHOW COLUMNS FROM `vii_user_share` [ RunTime:0.005924s ]
SQL: SHOW COLUMNS FROM `vii_comment` [ RunTime:0.005013s ]
SQL: SELECT `sid` FROM `vii_user_share` WHERE ( `uid` = 56 )  [ RunTime:0.000493s ]
SQL: SELECT * FROM `vii_share` WHERE ( `uid` = 56 ) ORDER BY id DESC  [ RunTime:0.000597s ]
SQL: SELECT COUNT(*) AS tp_count FROM `vii_comment` WHERE ( `sid` = 29 ) LIMIT 1   [ RunTime:0.000475s ]
INFO: [ view_parse ] --START--
INFO: ParseTemplate Behavior ::run [ RunTime:0.026921s ]
INFO: [ view_parse ] --END-- [ RunTime:0.027445s ]
INFO: [ view_filter ] --START--
INFO: ContentReplace Behavior ::run [ RunTime:0.001844s ]
INFO: TokenBuild Behavior ::run [ RunTime:0.001120s ]
INFO: WriteHtmlCache Behavior ::run [ RunTime:0.001210s ]
INFO: ShowRuntime Behavior ::run [ RunTime:0.001764s ]
INFO: [ view_filter ] --END-- [ RunTime:0.006963s ]
INFO: [ view_end ] --START--
INFO: ShowPageTrace Behavior ::run [ RunTime:0.001454s ]
INFO: [ view_end ] --END-- [ RunTime:0.001693s ]

