[ 2014-11-05T08:49:39+08:00 ] 127.0.0.1 /Zoneadmin/Zone/add_action
INFO: [ route_check ] --START--
INFO: CheckRoute Behavior ::run [ RunTime:0.001319s ]
INFO: [ route_check ] --END-- [ RunTime:0.001488s ]
INFO: [ app_begin ] --START--
INFO: ReadHtmlCache Behavior ::run [ RunTime:0.000863s ]
INFO: [ app_begin ] --END-- [ RunTime:0.000976s ]

[ 2014-11-05T08:49:39+08:00 ] 127.0.0.1 /Zoneadmin/Enter/login.html
INFO: [ route_check ] --START--
INFO: CheckRoute Behavior ::run [ RunTime:0.000876s ]
INFO: [ route_check ] --END-- [ RunTime:0.001005s ]
INFO: [ app_begin ] --START--
INFO: ReadHtmlCache Behavior ::run [ RunTime:0.000693s ]
INFO: [ app_begin ] --END-- [ RunTime:0.000803s ]
INFO: [ view_parse ] --START--
INFO: ParseTemplate Behavior ::run [ RunTime:0.009020s ]
INFO: [ view_parse ] --END-- [ RunTime:0.009169s ]
INFO: [ view_filter ] --START--
INFO: ContentReplace Behavior ::run [ RunTime:0.000727s ]
INFO: TokenBuild Behavior ::run [ RunTime:0.000762s ]
INFO: WriteHtmlCache Behavior ::run [ RunTime:0.000614s ]
INFO: ShowRuntime Behavior ::run [ RunTime:0.000862s ]
INFO: [ view_filter ] --END-- [ RunTime:0.003263s ]
INFO: [ view_end ] --START--
INFO: ShowPageTrace Behavior ::run [ RunTime:0.000928s ]
INFO: [ view_end ] --END-- [ RunTime:0.001036s ]

[ 2014-11-05T08:49:42+08:00 ] 127.0.0.1 /Zoneadmin/Enter/login_act
INFO: [ route_check ] --START--
INFO: CheckRoute Behavior ::run [ RunTime:0.001302s ]
INFO: [ route_check ] --END-- [ RunTime:0.001490s ]
INFO: [ app_begin ] --START--
INFO: ReadHtmlCache Behavior ::run [ RunTime:0.001074s ]
INFO: [ app_begin ] --END-- [ RunTime:0.001233s ]
SQL: SHOW COLUMNS FROM `vii_admin` [ RunTime:0.055202s ]
SQL: SELECT * FROM `vii_admin` WHERE ( `admin_name` = 'super' ) AND ( `lock` = 0 ) LIMIT 1   [ RunTime:0.000862s ]

[ 2014-11-05T08:49:42+08:00 ] 127.0.0.1 /Zoneadmin/Index/index.html
INFO: [ route_check ] --START--
INFO: CheckRoute Behavior ::run [ RunTime:0.001071s ]
INFO: [ route_check ] --END-- [ RunTime:0.001223s ]
INFO: [ app_begin ] --START--
INFO: ReadHtmlCache Behavior ::run [ RunTime:0.000917s ]
INFO: [ app_begin ] --END-- [ RunTime:0.001049s ]
INFO: [ view_parse ] --START--
NOTIC: [8] Use of undefined constant index - assumed 'index' D:\wamp\www\viiz\viizone\Runtime\Cache\Zoneadmin\255d260018ad53235ecd1299478919f2.php 第 64 行.
NOTIC: [8] Undefined variable: position D:\wamp\www\viiz\viizone\Runtime\Cache\Zoneadmin\255d260018ad53235ecd1299478919f2.php 第 64 行.
NOTIC: [8] Use of undefined constant admin - assumed 'admin' D:\wamp\www\viiz\viizone\Runtime\Cache\Zoneadmin\255d260018ad53235ecd1299478919f2.php 第 67 行.
NOTIC: [8] Undefined variable: position D:\wamp\www\viiz\viizone\Runtime\Cache\Zoneadmin\255d260018ad53235ecd1299478919f2.php 第 67 行.
NOTIC: [8] Use of undefined constant member - assumed 'member' D:\wamp\www\viiz\viizone\Runtime\Cache\Zoneadmin\255d260018ad53235ecd1299478919f2.php 第 73 行.
NOTIC: [8] Undefined variable: position D:\wamp\www\viiz\viizone\Runtime\Cache\Zoneadmin\255d260018ad53235ecd1299478919f2.php 第 73 行.
NOTIC: [8] Use of undefined constant zone - assumed 'zone' D:\wamp\www\viiz\viizone\Runtime\Cache\Zoneadmin\255d260018ad53235ecd1299478919f2.php 第 79 行.
NOTIC: [8] Undefined variable: position D:\wamp\www\viiz\viizone\Runtime\Cache\Zoneadmin\255d260018ad53235ecd1299478919f2.php 第 79 行.
INFO: ParseTemplate Behavior ::run [ RunTime:0.162063s ]
INFO: [ view_parse ] --END-- [ RunTime:0.162218s ]
INFO: [ view_filter ] --START--
INFO: ContentReplace Behavior ::run [ RunTime:0.001297s ]
INFO: TokenBuild Behavior ::run [ RunTime:0.000786s ]
INFO: WriteHtmlCache Behavior ::run [ RunTime:0.000585s ]
INFO: ShowRuntime Behavior ::run [ RunTime:0.000878s ]
INFO: [ view_filter ] --END-- [ RunTime:0.003914s ]
INFO: [ view_end ] --START--
INFO: ShowPageTrace Behavior ::run [ RunTime:0.000900s ]
INFO: [ view_end ] --END-- [ RunTime:0.001028s ]

[ 2014-11-05T08:49:50+08:00 ] 127.0.0.1 /Zoneadmin/Zone/articleLists
INFO: [ route_check ] --START--
INFO: CheckRoute Behavior ::run [ RunTime:0.001454s ]
INFO: [ route_check ] --END-- [ RunTime:0.001622s ]
INFO: [ app_begin ] --START--
INFO: ReadHtmlCache Behavior ::run [ RunTime:0.001044s ]
INFO: [ app_begin ] --END-- [ RunTime:0.001178s ]
SQL: SHOW COLUMNS FROM `vii_share` [ RunTime:0.004155s ]
SQL: SHOW COLUMNS FROM `vii_users` [ RunTime:0.038800s ]
NOTIC: [8] Undefined variable: where D:\wamp\www\viiz\viizone\Lib\Action\Zoneadmin\ZoneAction.class.php 第 270 行.
SQL: SELECT COUNT(*) AS tp_count FROM `vii_share` LIMIT 1   [ RunTime:0.000309s ]
NOTIC: [8] Undefined variable: where D:\wamp\www\viiz\viizone\Lib\Action\Zoneadmin\ZoneAction.class.php 第 274 行.
SQL: SELECT * FROM `vii_share` ORDER BY id DESC LIMIT 0,20   [ RunTime:0.000427s ]
SQL: SELECT `nickname` FROM `vii_users` WHERE ( `id` = 0 ) LIMIT 1   [ RunTime:0.000193s ]
SQL: SELECT `nickname` FROM `vii_users` WHERE ( `id` = 0 ) LIMIT 1   [ RunTime:0.000158s ]
SQL: SELECT `nickname` FROM `vii_users` WHERE ( `id` = 0 ) LIMIT 1   [ RunTime:0.000146s ]
SQL: SELECT `nickname` FROM `vii_users` WHERE ( `id` = 0 ) LIMIT 1   [ RunTime:0.000147s ]
SQL: SELECT `nickname` FROM `vii_users` WHERE ( `id` = 0 ) LIMIT 1   [ RunTime:0.000150s ]
SQL: SELECT `nickname` FROM `vii_users` WHERE ( `id` = 1 ) LIMIT 1   [ RunTime:0.000199s ]
SQL: SELECT `nickname` FROM `vii_users` WHERE ( `id` = 0 ) LIMIT 1   [ RunTime:0.000154s ]
SQL: SELECT `nickname` FROM `vii_users` WHERE ( `id` = 0 ) LIMIT 1   [ RunTime:0.000193s ]
INFO: [ view_parse ] --START--
NOTIC: [8] Use of undefined constant index - assumed 'index' D:\wamp\www\viiz\viizone\Runtime\Cache\Zoneadmin\b7db3f053f331638b4ee20ad62697079.php 第 71 行.
NOTIC: [8] Use of undefined constant admin - assumed 'admin' D:\wamp\www\viiz\viizone\Runtime\Cache\Zoneadmin\b7db3f053f331638b4ee20ad62697079.php 第 74 行.
NOTIC: [8] Use of undefined constant member - assumed 'member' D:\wamp\www\viiz\viizone\Runtime\Cache\Zoneadmin\b7db3f053f331638b4ee20ad62697079.php 第 80 行.
NOTIC: [8] Use of undefined constant zone - assumed 'zone' D:\wamp\www\viiz\viizone\Runtime\Cache\Zoneadmin\b7db3f053f331638b4ee20ad62697079.php 第 86 行.
NOTIC: [8] Undefined variable: admins D:\wamp\www\viiz\viizone\Runtime\Cache\Zoneadmin\b7db3f053f331638b4ee20ad62697079.php 第 190 行.
NOTIC: [8] Undefined variable: admins D:\wamp\www\viiz\viizone\Runtime\Cache\Zoneadmin\b7db3f053f331638b4ee20ad62697079.php 第 190 行.
NOTIC: [8] Undefined variable: admins D:\wamp\www\viiz\viizone\Runtime\Cache\Zoneadmin\b7db3f053f331638b4ee20ad62697079.php 第 190 行.
NOTIC: [8] Undefined variable: admins D:\wamp\www\viiz\viizone\Runtime\Cache\Zoneadmin\b7db3f053f331638b4ee20ad62697079.php 第 190 行.
NOTIC: [8] Undefined variable: admins D:\wamp\www\viiz\viizone\Runtime\Cache\Zoneadmin\b7db3f053f331638b4ee20ad62697079.php 第 190 行.
NOTIC: [8] Undefined variable: admins D:\wamp\www\viiz\viizone\Runtime\Cache\Zoneadmin\b7db3f053f331638b4ee20ad62697079.php 第 190 行.
NOTIC: [8] Undefined variable: admins D:\wamp\www\viiz\viizone\Runtime\Cache\Zoneadmin\b7db3f053f331638b4ee20ad62697079.php 第 190 行.
NOTIC: [8] Undefined variable: admins D:\wamp\www\viiz\viizone\Runtime\Cache\Zoneadmin\b7db3f053f331638b4ee20ad62697079.php 第 190 行.
INFO: ParseTemplate Behavior ::run [ RunTime:0.020972s ]
INFO: [ view_parse ] --END-- [ RunTime:0.021094s ]
INFO: [ view_filter ] --START--
INFO: ContentReplace Behavior ::run [ RunTime:0.000870s ]
INFO: TokenBuild Behavior ::run [ RunTime:0.000709s ]
INFO: WriteHtmlCache Behavior ::run [ RunTime:0.000555s ]
INFO: ShowRuntime Behavior ::run [ RunTime:0.000811s ]
INFO: [ view_filter ] --END-- [ RunTime:0.003230s ]
INFO: [ view_end ] --START--
INFO: ShowPageTrace Behavior ::run [ RunTime:0.000828s ]
INFO: [ view_end ] --END-- [ RunTime:0.000937s ]

[ 2014-11-05T08:49:53+08:00 ] 127.0.0.1 /Zoneadmin/Zone/shareLists
INFO: [ route_check ] --START--
INFO: CheckRoute Behavior ::run [ RunTime:0.001077s ]
INFO: [ route_check ] --END-- [ RunTime:0.001204s ]
INFO: [ app_begin ] --START--
INFO: ReadHtmlCache Behavior ::run [ RunTime:0.000777s ]
INFO: [ app_begin ] --END-- [ RunTime:0.000881s ]
SQL: SHOW COLUMNS FROM `vii_share` [ RunTime:0.003490s ]
SQL: SHOW COLUMNS FROM `vii_users` [ RunTime:0.002992s ]
NOTIC: [8] Undefined variable: where D:\wamp\www\viiz\viizone\Lib\Action\Zoneadmin\ZoneAction.class.php 第 45 行.
SQL: SELECT COUNT(*) AS tp_count FROM `vii_share` LIMIT 1   [ RunTime:0.000239s ]
NOTIC: [8] Undefined variable: where D:\wamp\www\viiz\viizone\Lib\Action\Zoneadmin\ZoneAction.class.php 第 49 行.
SQL: SELECT * FROM `vii_share` ORDER BY id DESC LIMIT 0,20   [ RunTime:0.000379s ]
SQL: SELECT `nickname` FROM `vii_users` WHERE ( `id` = 0 ) LIMIT 1   [ RunTime:0.000169s ]
SQL: SELECT `nickname` FROM `vii_users` WHERE ( `id` = 0 ) LIMIT 1   [ RunTime:0.000150s ]
SQL: SELECT `nickname` FROM `vii_users` WHERE ( `id` = 0 ) LIMIT 1   [ RunTime:0.000145s ]
SQL: SELECT `nickname` FROM `vii_users` WHERE ( `id` = 0 ) LIMIT 1   [ RunTime:0.000142s ]
SQL: SELECT `nickname` FROM `vii_users` WHERE ( `id` = 0 ) LIMIT 1   [ RunTime:0.000144s ]
SQL: SELECT `nickname` FROM `vii_users` WHERE ( `id` = 1 ) LIMIT 1   [ RunTime:0.000172s ]
SQL: SELECT `nickname` FROM `vii_users` WHERE ( `id` = 0 ) LIMIT 1   [ RunTime:0.000149s ]
SQL: SELECT `nickname` FROM `vii_users` WHERE ( `id` = 0 ) LIMIT 1   [ RunTime:0.000148s ]
INFO: [ view_parse ] --START--
NOTIC: [8] Use of undefined constant index - assumed 'index' D:\wamp\www\viiz\viizone\Runtime\Cache\Zoneadmin\85bb3e2cc0e88d2614fe515448a85372.php 第 68 行.
NOTIC: [8] Use of undefined constant admin - assumed 'admin' D:\wamp\www\viiz\viizone\Runtime\Cache\Zoneadmin\85bb3e2cc0e88d2614fe515448a85372.php 第 71 行.
NOTIC: [8] Use of undefined constant member - assumed 'member' D:\wamp\www\viiz\viizone\Runtime\Cache\Zoneadmin\85bb3e2cc0e88d2614fe515448a85372.php 第 77 行.
NOTIC: [8] Use of undefined constant zone - assumed 'zone' D:\wamp\www\viiz\viizone\Runtime\Cache\Zoneadmin\85bb3e2cc0e88d2614fe515448a85372.php 第 83 行.
NOTIC: [8] Undefined variable: admins D:\wamp\www\viiz\viizone\Runtime\Cache\Zoneadmin\85bb3e2cc0e88d2614fe515448a85372.php 第 187 行.
NOTIC: [8] Undefined variable: admins D:\wamp\www\viiz\viizone\Runtime\Cache\Zoneadmin\85bb3e2cc0e88d2614fe515448a85372.php 第 187 行.
NOTIC: [8] Undefined variable: admins D:\wamp\www\viiz\viizone\Runtime\Cache\Zoneadmin\85bb3e2cc0e88d2614fe515448a85372.php 第 187 行.
NOTIC: [8] Undefined variable: admins D:\wamp\www\viiz\viizone\Runtime\Cache\Zoneadmin\85bb3e2cc0e88d2614fe515448a85372.php 第 187 行.
NOTIC: [8] Undefined variable: admins D:\wamp\www\viiz\viizone\Runtime\Cache\Zoneadmin\85bb3e2cc0e88d2614fe515448a85372.php 第 187 行.
NOTIC: [8] Undefined variable: admins D:\wamp\www\viiz\viizone\Runtime\Cache\Zoneadmin\85bb3e2cc0e88d2614fe515448a85372.php 第 187 行.
NOTIC: [8] Undefined variable: admins D:\wamp\www\viiz\viizone\Runtime\Cache\Zoneadmin\85bb3e2cc0e88d2614fe515448a85372.php 第 187 行.
NOTIC: [8] Undefined variable: admins D:\wamp\www\viiz\viizone\Runtime\Cache\Zoneadmin\85bb3e2cc0e88d2614fe515448a85372.php 第 187 行.
INFO: ParseTemplate Behavior ::run [ RunTime:0.020753s ]
INFO: [ view_parse ] --END-- [ RunTime:0.020870s ]
INFO: [ view_filter ] --START--
INFO: ContentReplace Behavior ::run [ RunTime:0.001251s ]
INFO: TokenBuild Behavior ::run [ RunTime:0.000995s ]
INFO: WriteHtmlCache Behavior ::run [ RunTime:0.000763s ]
INFO: ShowRuntime Behavior ::run [ RunTime:0.001138s ]
INFO: [ view_filter ] --END-- [ RunTime:0.004581s ]
INFO: [ view_end ] --START--
INFO: ShowPageTrace Behavior ::run [ RunTime:0.001171s ]
INFO: [ view_end ] --END-- [ RunTime:0.001331s ]

[ 2014-11-05T08:49:56+08:00 ] 127.0.0.1 /Zoneadmin/Zone/addshare
INFO: [ route_check ] --START--
INFO: CheckRoute Behavior ::run [ RunTime:0.000955s ]
INFO: [ route_check ] --END-- [ RunTime:0.001082s ]
INFO: [ app_begin ] --START--
INFO: ReadHtmlCache Behavior ::run [ RunTime:0.000680s ]
INFO: [ app_begin ] --END-- [ RunTime:0.000781s ]
INFO: [ view_parse ] --START--
NOTIC: [8] Use of undefined constant index - assumed 'index' D:\wamp\www\viiz\viizone\Runtime\Cache\Zoneadmin\83b623f6a0707ce6fe849645bcceef65.php 第 71 行.
NOTIC: [8] Use of undefined constant admin - assumed 'admin' D:\wamp\www\viiz\viizone\Runtime\Cache\Zoneadmin\83b623f6a0707ce6fe849645bcceef65.php 第 74 行.
NOTIC: [8] Use of undefined constant member - assumed 'member' D:\wamp\www\viiz\viizone\Runtime\Cache\Zoneadmin\83b623f6a0707ce6fe849645bcceef65.php 第 80 行.
NOTIC: [8] Use of undefined constant zone - assumed 'zone' D:\wamp\www\viiz\viizone\Runtime\Cache\Zoneadmin\83b623f6a0707ce6fe849645bcceef65.php 第 86 行.
INFO: ParseTemplate Behavior ::run [ RunTime:0.011587s ]
INFO: [ view_parse ] --END-- [ RunTime:0.011711s ]
INFO: [ view_filter ] --START--
INFO: ContentReplace Behavior ::run [ RunTime:0.000624s ]
INFO: TokenBuild Behavior ::run [ RunTime:0.000583s ]
INFO: WriteHtmlCache Behavior ::run [ RunTime:0.000454s ]
INFO: ShowRuntime Behavior ::run [ RunTime:0.000677s ]
INFO: [ view_filter ] --END-- [ RunTime:0.002610s ]
INFO: [ view_end ] --START--
INFO: ShowPageTrace Behavior ::run [ RunTime:0.000701s ]
INFO: [ view_end ] --END-- [ RunTime:0.000801s ]

[ 2014-11-05T08:55:06+08:00 ] 127.0.0.1 /Zoneadmin/Zone/shareLists
INFO: [ route_check ] --START--
INFO: CheckRoute Behavior ::run [ RunTime:0.001136s ]
INFO: [ route_check ] --END-- [ RunTime:0.001271s ]
INFO: [ app_begin ] --START--
INFO: ReadHtmlCache Behavior ::run [ RunTime:0.000887s ]
INFO: [ app_begin ] --END-- [ RunTime:0.001011s ]
SQL: SHOW COLUMNS FROM `vii_share` [ RunTime:0.003564s ]
SQL: SHOW COLUMNS FROM `vii_users` [ RunTime:0.002974s ]
NOTIC: [8] Undefined variable: where D:\wamp\www\viiz\viizone\Lib\Action\Zoneadmin\ZoneAction.class.php 第 45 行.
SQL: SELECT COUNT(*) AS tp_count FROM `vii_share` LIMIT 1   [ RunTime:0.000252s ]
NOTIC: [8] Undefined variable: where D:\wamp\www\viiz\viizone\Lib\Action\Zoneadmin\ZoneAction.class.php 第 49 行.
SQL: SELECT * FROM `vii_share` ORDER BY id DESC LIMIT 0,20   [ RunTime:0.000388s ]
SQL: SELECT `nickname` FROM `vii_users` WHERE ( `id` = 0 ) LIMIT 1   [ RunTime:0.000176s ]
SQL: SELECT `nickname` FROM `vii_users` WHERE ( `id` = 0 ) LIMIT 1   [ RunTime:0.000144s ]
SQL: SELECT `nickname` FROM `vii_users` WHERE ( `id` = 0 ) LIMIT 1   [ RunTime:0.000144s ]
SQL: SELECT `nickname` FROM `vii_users` WHERE ( `id` = 0 ) LIMIT 1   [ RunTime:0.000143s ]
SQL: SELECT `nickname` FROM `vii_users` WHERE ( `id` = 0 ) LIMIT 1   [ RunTime:0.000145s ]
SQL: SELECT `nickname` FROM `vii_users` WHERE ( `id` = 1 ) LIMIT 1   [ RunTime:0.000168s ]
SQL: SELECT `nickname` FROM `vii_users` WHERE ( `id` = 0 ) LIMIT 1   [ RunTime:0.000151s ]
SQL: SELECT `nickname` FROM `vii_users` WHERE ( `id` = 0 ) LIMIT 1   [ RunTime:0.000143s ]
INFO: [ view_parse ] --START--
NOTIC: [8] Use of undefined constant index - assumed 'index' D:\wamp\www\viiz\viizone\Runtime\Cache\Zoneadmin\85bb3e2cc0e88d2614fe515448a85372.php 第 68 行.
NOTIC: [8] Use of undefined constant admin - assumed 'admin' D:\wamp\www\viiz\viizone\Runtime\Cache\Zoneadmin\85bb3e2cc0e88d2614fe515448a85372.php 第 71 行.
NOTIC: [8] Use of undefined constant member - assumed 'member' D:\wamp\www\viiz\viizone\Runtime\Cache\Zoneadmin\85bb3e2cc0e88d2614fe515448a85372.php 第 77 行.
NOTIC: [8] Use of undefined constant zone - assumed 'zone' D:\wamp\www\viiz\viizone\Runtime\Cache\Zoneadmin\85bb3e2cc0e88d2614fe515448a85372.php 第 83 行.
NOTIC: [8] Undefined variable: admins D:\wamp\www\viiz\viizone\Runtime\Cache\Zoneadmin\85bb3e2cc0e88d2614fe515448a85372.php 第 187 行.
NOTIC: [8] Undefined variable: admins D:\wamp\www\viiz\viizone\Runtime\Cache\Zoneadmin\85bb3e2cc0e88d2614fe515448a85372.php 第 187 行.
NOTIC: [8] Undefined variable: admins D:\wamp\www\viiz\viizone\Runtime\Cache\Zoneadmin\85bb3e2cc0e88d2614fe515448a85372.php 第 187 行.
NOTIC: [8] Undefined variable: admins D:\wamp\www\viiz\viizone\Runtime\Cache\Zoneadmin\85bb3e2cc0e88d2614fe515448a85372.php 第 187 行.
NOTIC: [8] Undefined variable: admins D:\wamp\www\viiz\viizone\Runtime\Cache\Zoneadmin\85bb3e2cc0e88d2614fe515448a85372.php 第 187 行.
NOTIC: [8] Undefined variable: admins D:\wamp\www\viiz\viizone\Runtime\Cache\Zoneadmin\85bb3e2cc0e88d2614fe515448a85372.php 第 187 行.
NOTIC: [8] Undefined variable: admins D:\wamp\www\viiz\viizone\Runtime\Cache\Zoneadmin\85bb3e2cc0e88d2614fe515448a85372.php 第 187 行.
NOTIC: [8] Undefined variable: admins D:\wamp\www\viiz\viizone\Runtime\Cache\Zoneadmin\85bb3e2cc0e88d2614fe515448a85372.php 第 187 行.
INFO: ParseTemplate Behavior ::run [ RunTime:0.020553s ]
INFO: [ view_parse ] --END-- [ RunTime:0.020672s ]
INFO: [ view_filter ] --START--
INFO: ContentReplace Behavior ::run [ RunTime:0.000864s ]
INFO: TokenBuild Behavior ::run [ RunTime:0.000705s ]
INFO: WriteHtmlCache Behavior ::run [ RunTime:0.000555s ]
INFO: ShowRuntime Behavior ::run [ RunTime:0.000791s ]
INFO: [ view_filter ] --END-- [ RunTime:0.003199s ]
INFO: [ view_end ] --START--
INFO: ShowPageTrace Behavior ::run [ RunTime:0.000802s ]
INFO: [ view_end ] --END-- [ RunTime:0.000905s ]

[ 2014-11-05T08:55:43+08:00 ] 127.0.0.1 /Zoneadmin/Zone/ajax.html
INFO: [ route_check ] --START--
INFO: CheckRoute Behavior ::run [ RunTime:0.001134s ]
INFO: [ route_check ] --END-- [ RunTime:0.001331s ]
INFO: [ app_begin ] --START--
INFO: ReadHtmlCache Behavior ::run [ RunTime:0.001118s ]
INFO: [ app_begin ] --END-- [ RunTime:0.001285s ]
SQL: SHOW COLUMNS FROM `vii_share` [ RunTime:0.005917s ]
SQL: UPDATE `vii_share` SET `lock`=1 WHERE ( `id` = 13 ) [ RunTime:0.001069s ]

[ 2014-11-05T08:55:45+08:00 ] 127.0.0.1 /Zoneadmin/Zone/shareLists
INFO: [ route_check ] --START--
INFO: CheckRoute Behavior ::run [ RunTime:0.001611s ]
INFO: [ route_check ] --END-- [ RunTime:0.001843s ]
INFO: [ app_begin ] --START--
INFO: ReadHtmlCache Behavior ::run [ RunTime:0.001084s ]
INFO: [ app_begin ] --END-- [ RunTime:0.001233s ]
SQL: SHOW COLUMNS FROM `vii_share` [ RunTime:0.003484s ]
SQL: SHOW COLUMNS FROM `vii_users` [ RunTime:0.003569s ]
NOTIC: [8] Undefined variable: where D:\wamp\www\viiz\viizone\Lib\Action\Zoneadmin\ZoneAction.class.php 第 45 行.
SQL: SELECT COUNT(*) AS tp_count FROM `vii_share` LIMIT 1   [ RunTime:0.000383s ]
NOTIC: [8] Undefined variable: where D:\wamp\www\viiz\viizone\Lib\Action\Zoneadmin\ZoneAction.class.php 第 49 行.
SQL: SELECT * FROM `vii_share` ORDER BY id DESC LIMIT 0,20   [ RunTime:0.000392s ]
SQL: SELECT `nickname` FROM `vii_users` WHERE ( `id` = 0 ) LIMIT 1   [ RunTime:0.000172s ]
SQL: SELECT `nickname` FROM `vii_users` WHERE ( `id` = 0 ) LIMIT 1   [ RunTime:0.000145s ]
SQL: SELECT `nickname` FROM `vii_users` WHERE ( `id` = 0 ) LIMIT 1   [ RunTime:0.000144s ]
SQL: SELECT `nickname` FROM `vii_users` WHERE ( `id` = 0 ) LIMIT 1   [ RunTime:0.000144s ]
SQL: SELECT `nickname` FROM `vii_users` WHERE ( `id` = 0 ) LIMIT 1   [ RunTime:0.000144s ]
SQL: SELECT `nickname` FROM `vii_users` WHERE ( `id` = 1 ) LIMIT 1   [ RunTime:0.000168s ]
SQL: SELECT `nickname` FROM `vii_users` WHERE ( `id` = 0 ) LIMIT 1   [ RunTime:0.000191s ]
SQL: SELECT `nickname` FROM `vii_users` WHERE ( `id` = 0 ) LIMIT 1   [ RunTime:0.000211s ]
INFO: [ view_parse ] --START--
NOTIC: [8] Use of undefined constant index - assumed 'index' D:\wamp\www\viiz\viizone\Runtime\Cache\Zoneadmin\85bb3e2cc0e88d2614fe515448a85372.php 第 68 行.
NOTIC: [8] Use of undefined constant admin - assumed 'admin' D:\wamp\www\viiz\viizone\Runtime\Cache\Zoneadmin\85bb3e2cc0e88d2614fe515448a85372.php 第 71 行.
NOTIC: [8] Use of undefined constant member - assumed 'member' D:\wamp\www\viiz\viizone\Runtime\Cache\Zoneadmin\85bb3e2cc0e88d2614fe515448a85372.php 第 77 行.
NOTIC: [8] Use of undefined constant zone - assumed 'zone' D:\wamp\www\viiz\viizone\Runtime\Cache\Zoneadmin\85bb3e2cc0e88d2614fe515448a85372.php 第 83 行.
NOTIC: [8] Undefined variable: admins D:\wamp\www\viiz\viizone\Runtime\Cache\Zoneadmin\85bb3e2cc0e88d2614fe515448a85372.php 第 187 行.
NOTIC: [8] Undefined variable: admins D:\wamp\www\viiz\viizone\Runtime\Cache\Zoneadmin\85bb3e2cc0e88d2614fe515448a85372.php 第 187 行.
NOTIC: [8] Undefined variable: admins D:\wamp\www\viiz\viizone\Runtime\Cache\Zoneadmin\85bb3e2cc0e88d2614fe515448a85372.php 第 187 行.
NOTIC: [8] Undefined variable: admins D:\wamp\www\viiz\viizone\Runtime\Cache\Zoneadmin\85bb3e2cc0e88d2614fe515448a85372.php 第 187 行.
NOTIC: [8] Undefined variable: admins D:\wamp\www\viiz\viizone\Runtime\Cache\Zoneadmin\85bb3e2cc0e88d2614fe515448a85372.php 第 187 行.
NOTIC: [8] Undefined variable: admins D:\wamp\www\viiz\viizone\Runtime\Cache\Zoneadmin\85bb3e2cc0e88d2614fe515448a85372.php 第 187 行.
NOTIC: [8] Undefined variable: admins D:\wamp\www\viiz\viizone\Runtime\Cache\Zoneadmin\85bb3e2cc0e88d2614fe515448a85372.php 第 187 行.
NOTIC: [8] Undefined variable: admins D:\wamp\www\viiz\viizone\Runtime\Cache\Zoneadmin\85bb3e2cc0e88d2614fe515448a85372.php 第 187 行.
INFO: ParseTemplate Behavior ::run [ RunTime:0.020485s ]
INFO: [ view_parse ] --END-- [ RunTime:0.020614s ]
INFO: [ view_filter ] --START--
INFO: ContentReplace Behavior ::run [ RunTime:0.000857s ]
INFO: TokenBuild Behavior ::run [ RunTime:0.000614s ]
INFO: WriteHtmlCache Behavior ::run [ RunTime:0.000456s ]
INFO: ShowRuntime Behavior ::run [ RunTime:0.000714s ]
INFO: [ view_filter ] --END-- [ RunTime:0.002924s ]
INFO: [ view_end ] --START--
INFO: ShowPageTrace Behavior ::run [ RunTime:0.000824s ]
INFO: [ view_end ] --END-- [ RunTime:0.000932s ]

[ 2014-11-05T08:55:48+08:00 ] 127.0.0.1 /Zoneadmin/Zone/ajax.html
INFO: [ route_check ] --START--
INFO: CheckRoute Behavior ::run [ RunTime:0.002262s ]
INFO: [ route_check ] --END-- [ RunTime:0.002544s ]
INFO: [ app_begin ] --START--
INFO: ReadHtmlCache Behavior ::run [ RunTime:0.001535s ]
INFO: [ app_begin ] --END-- [ RunTime:0.001780s ]
SQL: SHOW COLUMNS FROM `vii_share` [ RunTime:0.007127s ]
SQL: UPDATE `vii_share` SET `lock`=0 WHERE ( `id` = 13 ) [ RunTime:0.001158s ]

[ 2014-11-05T08:55:50+08:00 ] 127.0.0.1 /Zoneadmin/Zone/shareLists
INFO: [ route_check ] --START--
INFO: CheckRoute Behavior ::run [ RunTime:0.001171s ]
INFO: [ route_check ] --END-- [ RunTime:0.001365s ]
INFO: [ app_begin ] --START--
INFO: ReadHtmlCache Behavior ::run [ RunTime:0.000770s ]
INFO: [ app_begin ] --END-- [ RunTime:0.000885s ]
SQL: SHOW COLUMNS FROM `vii_share` [ RunTime:0.003898s ]
SQL: SHOW COLUMNS FROM `vii_users` [ RunTime:0.004360s ]
NOTIC: [8] Undefined variable: where D:\wamp\www\viiz\viizone\Lib\Action\Zoneadmin\ZoneAction.class.php 第 45 行.
SQL: SELECT COUNT(*) AS tp_count FROM `vii_share` LIMIT 1   [ RunTime:0.000427s ]
NOTIC: [8] Undefined variable: where D:\wamp\www\viiz\viizone\Lib\Action\Zoneadmin\ZoneAction.class.php 第 49 行.
SQL: SELECT * FROM `vii_share` ORDER BY id DESC LIMIT 0,20   [ RunTime:0.000432s ]
SQL: SELECT `nickname` FROM `vii_users` WHERE ( `id` = 0 ) LIMIT 1   [ RunTime:0.000181s ]
SQL: SELECT `nickname` FROM `vii_users` WHERE ( `id` = 0 ) LIMIT 1   [ RunTime:0.000147s ]
SQL: SELECT `nickname` FROM `vii_users` WHERE ( `id` = 0 ) LIMIT 1   [ RunTime:0.000159s ]
SQL: SELECT `nickname` FROM `vii_users` WHERE ( `id` = 0 ) LIMIT 1   [ RunTime:0.000181s ]
SQL: SELECT `nickname` FROM `vii_users` WHERE ( `id` = 0 ) LIMIT 1   [ RunTime:0.000183s ]
SQL: SELECT `nickname` FROM `vii_users` WHERE ( `id` = 1 ) LIMIT 1   [ RunTime:0.000180s ]
SQL: SELECT `nickname` FROM `vii_users` WHERE ( `id` = 0 ) LIMIT 1   [ RunTime:0.000156s ]
SQL: SELECT `nickname` FROM `vii_users` WHERE ( `id` = 0 ) LIMIT 1   [ RunTime:0.000143s ]
INFO: [ view_parse ] --START--
NOTIC: [8] Use of undefined constant index - assumed 'index' D:\wamp\www\viiz\viizone\Runtime\Cache\Zoneadmin\85bb3e2cc0e88d2614fe515448a85372.php 第 68 行.
NOTIC: [8] Use of undefined constant admin - assumed 'admin' D:\wamp\www\viiz\viizone\Runtime\Cache\Zoneadmin\85bb3e2cc0e88d2614fe515448a85372.php 第 71 行.
NOTIC: [8] Use of undefined constant member - assumed 'member' D:\wamp\www\viiz\viizone\Runtime\Cache\Zoneadmin\85bb3e2cc0e88d2614fe515448a85372.php 第 77 行.
NOTIC: [8] Use of undefined constant zone - assumed 'zone' D:\wamp\www\viiz\viizone\Runtime\Cache\Zoneadmin\85bb3e2cc0e88d2614fe515448a85372.php 第 83 行.
NOTIC: [8] Undefined variable: admins D:\wamp\www\viiz\viizone\Runtime\Cache\Zoneadmin\85bb3e2cc0e88d2614fe515448a85372.php 第 187 行.
NOTIC: [8] Undefined variable: admins D:\wamp\www\viiz\viizone\Runtime\Cache\Zoneadmin\85bb3e2cc0e88d2614fe515448a85372.php 第 187 行.
NOTIC: [8] Undefined variable: admins D:\wamp\www\viiz\viizone\Runtime\Cache\Zoneadmin\85bb3e2cc0e88d2614fe515448a85372.php 第 187 行.
NOTIC: [8] Undefined variable: admins D:\wamp\www\viiz\viizone\Runtime\Cache\Zoneadmin\85bb3e2cc0e88d2614fe515448a85372.php 第 187 行.
NOTIC: [8] Undefined variable: admins D:\wamp\www\viiz\viizone\Runtime\Cache\Zoneadmin\85bb3e2cc0e88d2614fe515448a85372.php 第 187 行.
NOTIC: [8] Undefined variable: admins D:\wamp\www\viiz\viizone\Runtime\Cache\Zoneadmin\85bb3e2cc0e88d2614fe515448a85372.php 第 187 行.
NOTIC: [8] Undefined variable: admins D:\wamp\www\viiz\viizone\Runtime\Cache\Zoneadmin\85bb3e2cc0e88d2614fe515448a85372.php 第 187 行.
NOTIC: [8] Undefined variable: admins D:\wamp\www\viiz\viizone\Runtime\Cache\Zoneadmin\85bb3e2cc0e88d2614fe515448a85372.php 第 187 行.
INFO: ParseTemplate Behavior ::run [ RunTime:0.023679s ]
INFO: [ view_parse ] --END-- [ RunTime:0.023814s ]
INFO: [ view_filter ] --START--
INFO: ContentReplace Behavior ::run [ RunTime:0.001063s ]
INFO: TokenBuild Behavior ::run [ RunTime:0.000778s ]
INFO: WriteHtmlCache Behavior ::run [ RunTime:0.000564s ]
INFO: ShowRuntime Behavior ::run [ RunTime:0.000797s ]
INFO: [ view_filter ] --END-- [ RunTime:0.003523s ]
INFO: [ view_end ] --START--
INFO: ShowPageTrace Behavior ::run [ RunTime:0.000825s ]
INFO: [ view_end ] --END-- [ RunTime:0.000927s ]

[ 2014-11-05T08:56:02+08:00 ] 127.0.0.1 /Zoneadmin/Zone/ajax.html
INFO: [ route_check ] --START--
INFO: CheckRoute Behavior ::run [ RunTime:0.002742s ]
INFO: [ route_check ] --END-- [ RunTime:0.003143s ]
INFO: [ app_begin ] --START--
INFO: ReadHtmlCache Behavior ::run [ RunTime:0.002165s ]
INFO: [ app_begin ] --END-- [ RunTime:0.002469s ]
SQL: SHOW COLUMNS FROM `vii_share` [ RunTime:0.006251s ]
SQL: UPDATE `vii_share` SET `is_check`=1,`status`=1 WHERE ( `id` = 3 ) [ RunTime:0.000920s ]

[ 2014-11-05T08:56:03+08:00 ] 127.0.0.1 /Zoneadmin/Zone/shareLists
INFO: [ route_check ] --START--
INFO: CheckRoute Behavior ::run [ RunTime:0.000979s ]
INFO: [ route_check ] --END-- [ RunTime:0.001126s ]
INFO: [ app_begin ] --START--
INFO: ReadHtmlCache Behavior ::run [ RunTime:0.000848s ]
INFO: [ app_begin ] --END-- [ RunTime:0.000975s ]
SQL: SHOW COLUMNS FROM `vii_share` [ RunTime:0.003768s ]
SQL: SHOW COLUMNS FROM `vii_users` [ RunTime:0.003494s ]
NOTIC: [8] Undefined variable: where D:\wamp\www\viiz\viizone\Lib\Action\Zoneadmin\ZoneAction.class.php 第 45 行.
SQL: SELECT COUNT(*) AS tp_count FROM `vii_share` LIMIT 1   [ RunTime:0.000294s ]
NOTIC: [8] Undefined variable: where D:\wamp\www\viiz\viizone\Lib\Action\Zoneadmin\ZoneAction.class.php 第 49 行.
SQL: SELECT * FROM `vii_share` ORDER BY id DESC LIMIT 0,20   [ RunTime:0.000433s ]
SQL: SELECT `nickname` FROM `vii_users` WHERE ( `id` = 0 ) LIMIT 1   [ RunTime:0.000269s ]
SQL: SELECT `nickname` FROM `vii_users` WHERE ( `id` = 0 ) LIMIT 1   [ RunTime:0.000168s ]
SQL: SELECT `nickname` FROM `vii_users` WHERE ( `id` = 0 ) LIMIT 1   [ RunTime:0.000145s ]
SQL: SELECT `nickname` FROM `vii_users` WHERE ( `id` = 0 ) LIMIT 1   [ RunTime:0.000144s ]
SQL: SELECT `nickname` FROM `vii_users` WHERE ( `id` = 0 ) LIMIT 1   [ RunTime:0.000202s ]
SQL: SELECT `nickname` FROM `vii_users` WHERE ( `id` = 1 ) LIMIT 1   [ RunTime:0.000239s ]
SQL: SELECT `nickname` FROM `vii_users` WHERE ( `id` = 0 ) LIMIT 1   [ RunTime:0.000208s ]
SQL: SELECT `nickname` FROM `vii_users` WHERE ( `id` = 0 ) LIMIT 1   [ RunTime:0.000197s ]
INFO: [ view_parse ] --START--
NOTIC: [8] Use of undefined constant index - assumed 'index' D:\wamp\www\viiz\viizone\Runtime\Cache\Zoneadmin\85bb3e2cc0e88d2614fe515448a85372.php 第 68 行.
NOTIC: [8] Use of undefined constant admin - assumed 'admin' D:\wamp\www\viiz\viizone\Runtime\Cache\Zoneadmin\85bb3e2cc0e88d2614fe515448a85372.php 第 71 行.
NOTIC: [8] Use of undefined constant member - assumed 'member' D:\wamp\www\viiz\viizone\Runtime\Cache\Zoneadmin\85bb3e2cc0e88d2614fe515448a85372.php 第 77 行.
NOTIC: [8] Use of undefined constant zone - assumed 'zone' D:\wamp\www\viiz\viizone\Runtime\Cache\Zoneadmin\85bb3e2cc0e88d2614fe515448a85372.php 第 83 行.
NOTIC: [8] Undefined variable: admins D:\wamp\www\viiz\viizone\Runtime\Cache\Zoneadmin\85bb3e2cc0e88d2614fe515448a85372.php 第 187 行.
NOTIC: [8] Undefined variable: admins D:\wamp\www\viiz\viizone\Runtime\Cache\Zoneadmin\85bb3e2cc0e88d2614fe515448a85372.php 第 187 行.
NOTIC: [8] Undefined variable: admins D:\wamp\www\viiz\viizone\Runtime\Cache\Zoneadmin\85bb3e2cc0e88d2614fe515448a85372.php 第 187 行.
NOTIC: [8] Undefined variable: admins D:\wamp\www\viiz\viizone\Runtime\Cache\Zoneadmin\85bb3e2cc0e88d2614fe515448a85372.php 第 187 行.
NOTIC: [8] Undefined variable: admins D:\wamp\www\viiz\viizone\Runtime\Cache\Zoneadmin\85bb3e2cc0e88d2614fe515448a85372.php 第 187 行.
NOTIC: [8] Undefined variable: admins D:\wamp\www\viiz\viizone\Runtime\Cache\Zoneadmin\85bb3e2cc0e88d2614fe515448a85372.php 第 187 行.
NOTIC: [8] Undefined variable: admins D:\wamp\www\viiz\viizone\Runtime\Cache\Zoneadmin\85bb3e2cc0e88d2614fe515448a85372.php 第 187 行.
NOTIC: [8] Undefined variable: admins D:\wamp\www\viiz\viizone\Runtime\Cache\Zoneadmin\85bb3e2cc0e88d2614fe515448a85372.php 第 187 行.
INFO: ParseTemplate Behavior ::run [ RunTime:0.021032s ]
INFO: [ view_parse ] --END-- [ RunTime:0.021159s ]
INFO: [ view_filter ] --START--
INFO: ContentReplace Behavior ::run [ RunTime:0.000988s ]
INFO: TokenBuild Behavior ::run [ RunTime:0.000709s ]
INFO: WriteHtmlCache Behavior ::run [ RunTime:0.000556s ]
INFO: ShowRuntime Behavior ::run [ RunTime:0.000793s ]
INFO: [ view_filter ] --END-- [ RunTime:0.003330s ]
INFO: [ view_end ] --START--
INFO: ShowPageTrace Behavior ::run [ RunTime:0.000815s ]
INFO: [ view_end ] --END-- [ RunTime:0.000921s ]

[ 2014-11-05T08:56:06+08:00 ] 127.0.0.1 /Zoneadmin/Zone/ajax.html
INFO: [ route_check ] --START--
INFO: CheckRoute Behavior ::run [ RunTime:0.001146s ]
INFO: [ route_check ] --END-- [ RunTime:0.001319s ]
INFO: [ app_begin ] --START--
INFO: ReadHtmlCache Behavior ::run [ RunTime:0.000896s ]
INFO: [ app_begin ] --END-- [ RunTime:0.001009s ]
SQL: SHOW COLUMNS FROM `vii_share` [ RunTime:0.008892s ]
SQL: UPDATE `vii_share` SET `is_check`=1,`status`=1 WHERE ( `id` = 3 ) [ RunTime:0.000865s ]

[ 2014-11-05T08:56:09+08:00 ] 127.0.0.1 /Zoneadmin/Zone/ajax.html
INFO: [ route_check ] --START--
INFO: CheckRoute Behavior ::run [ RunTime:0.001122s ]
INFO: [ route_check ] --END-- [ RunTime:0.001273s ]
INFO: [ app_begin ] --START--
INFO: ReadHtmlCache Behavior ::run [ RunTime:0.000986s ]
INFO: [ app_begin ] --END-- [ RunTime:0.001125s ]
SQL: SHOW COLUMNS FROM `vii_share` [ RunTime:0.004839s ]
SQL: UPDATE `vii_share` SET `is_check`=1,`status`=0 WHERE ( `id` = 3 ) [ RunTime:0.000908s ]

[ 2014-11-05T08:56:11+08:00 ] 127.0.0.1 /Zoneadmin/Zone/shareLists
INFO: [ route_check ] --START--
INFO: CheckRoute Behavior ::run [ RunTime:0.000962s ]
INFO: [ route_check ] --END-- [ RunTime:0.001100s ]
INFO: [ app_begin ] --START--
INFO: ReadHtmlCache Behavior ::run [ RunTime:0.000800s ]
INFO: [ app_begin ] --END-- [ RunTime:0.000909s ]
SQL: SHOW COLUMNS FROM `vii_share` [ RunTime:0.003855s ]
SQL: SHOW COLUMNS FROM `vii_users` [ RunTime:0.003381s ]
NOTIC: [8] Undefined variable: where D:\wamp\www\viiz\viizone\Lib\Action\Zoneadmin\ZoneAction.class.php 第 45 行.
SQL: SELECT COUNT(*) AS tp_count FROM `vii_share` LIMIT 1   [ RunTime:0.000369s ]
NOTIC: [8] Undefined variable: where D:\wamp\www\viiz\viizone\Lib\Action\Zoneadmin\ZoneAction.class.php 第 49 行.
SQL: SELECT * FROM `vii_share` ORDER BY id DESC LIMIT 0,20   [ RunTime:0.000494s ]
SQL: SELECT `nickname` FROM `vii_users` WHERE ( `id` = 0 ) LIMIT 1   [ RunTime:0.000266s ]
SQL: SELECT `nickname` FROM `vii_users` WHERE ( `id` = 0 ) LIMIT 1   [ RunTime:0.000150s ]
SQL: SELECT `nickname` FROM `vii_users` WHERE ( `id` = 0 ) LIMIT 1   [ RunTime:0.000143s ]
SQL: SELECT `nickname` FROM `vii_users` WHERE ( `id` = 0 ) LIMIT 1   [ RunTime:0.000143s ]
SQL: SELECT `nickname` FROM `vii_users` WHERE ( `id` = 0 ) LIMIT 1   [ RunTime:0.000142s ]
SQL: SELECT `nickname` FROM `vii_users` WHERE ( `id` = 1 ) LIMIT 1   [ RunTime:0.000172s ]
SQL: SELECT `nickname` FROM `vii_users` WHERE ( `id` = 0 ) LIMIT 1   [ RunTime:0.000149s ]
SQL: SELECT `nickname` FROM `vii_users` WHERE ( `id` = 0 ) LIMIT 1   [ RunTime:0.000146s ]
INFO: [ view_parse ] --START--
NOTIC: [8] Use of undefined constant index - assumed 'index' D:\wamp\www\viiz\viizone\Runtime\Cache\Zoneadmin\85bb3e2cc0e88d2614fe515448a85372.php 第 68 行.
NOTIC: [8] Use of undefined constant admin - assumed 'admin' D:\wamp\www\viiz\viizone\Runtime\Cache\Zoneadmin\85bb3e2cc0e88d2614fe515448a85372.php 第 71 行.
NOTIC: [8] Use of undefined constant member - assumed 'member' D:\wamp\www\viiz\viizone\Runtime\Cache\Zoneadmin\85bb3e2cc0e88d2614fe515448a85372.php 第 77 行.
NOTIC: [8] Use of undefined constant zone - assumed 'zone' D:\wamp\www\viiz\viizone\Runtime\Cache\Zoneadmin\85bb3e2cc0e88d2614fe515448a85372.php 第 83 行.
NOTIC: [8] Undefined variable: admins D:\wamp\www\viiz\viizone\Runtime\Cache\Zoneadmin\85bb3e2cc0e88d2614fe515448a85372.php 第 187 行.
NOTIC: [8] Undefined variable: admins D:\wamp\www\viiz\viizone\Runtime\Cache\Zoneadmin\85bb3e2cc0e88d2614fe515448a85372.php 第 187 行.
NOTIC: [8] Undefined variable: admins D:\wamp\www\viiz\viizone\Runtime\Cache\Zoneadmin\85bb3e2cc0e88d2614fe515448a85372.php 第 187 行.
NOTIC: [8] Undefined variable: admins D:\wamp\www\viiz\viizone\Runtime\Cache\Zoneadmin\85bb3e2cc0e88d2614fe515448a85372.php 第 187 行.
NOTIC: [8] Undefined variable: admins D:\wamp\www\viiz\viizone\Runtime\Cache\Zoneadmin\85bb3e2cc0e88d2614fe515448a85372.php 第 187 行.
NOTIC: [8] Undefined variable: admins D:\wamp\www\viiz\viizone\Runtime\Cache\Zoneadmin\85bb3e2cc0e88d2614fe515448a85372.php 第 187 行.
NOTIC: [8] Undefined variable: admins D:\wamp\www\viiz\viizone\Runtime\Cache\Zoneadmin\85bb3e2cc0e88d2614fe515448a85372.php 第 187 行.
NOTIC: [8] Undefined variable: admins D:\wamp\www\viiz\viizone\Runtime\Cache\Zoneadmin\85bb3e2cc0e88d2614fe515448a85372.php 第 187 行.
INFO: ParseTemplate Behavior ::run [ RunTime:0.020880s ]
INFO: [ view_parse ] --END-- [ RunTime:0.021007s ]
INFO: [ view_filter ] --START--
INFO: ContentReplace Behavior ::run [ RunTime:0.000787s ]
INFO: TokenBuild Behavior ::run [ RunTime:0.000616s ]
INFO: WriteHtmlCache Behavior ::run [ RunTime:0.000470s ]
INFO: ShowRuntime Behavior ::run [ RunTime:0.000715s ]
INFO: [ view_filter ] --END-- [ RunTime:0.002879s ]
INFO: [ view_end ] --START--
INFO: ShowPageTrace Behavior ::run [ RunTime:0.000774s ]
INFO: [ view_end ] --END-- [ RunTime:0.000881s ]

[ 2014-11-05T09:14:51+08:00 ] 127.0.0.1 /Zoneadmin/Zone/shareLists
INFO: [ route_check ] --START--
INFO: CheckRoute Behavior ::run [ RunTime:0.001090s ]
INFO: [ route_check ] --END-- [ RunTime:0.001248s ]
INFO: [ app_begin ] --START--
INFO: ReadHtmlCache Behavior ::run [ RunTime:0.000867s ]
INFO: [ app_begin ] --END-- [ RunTime:0.000982s ]
SQL: SHOW COLUMNS FROM `vii_share` [ RunTime:0.003509s ]
SQL: SHOW COLUMNS FROM `vii_users` [ RunTime:0.003467s ]
NOTIC: [8] Undefined variable: where D:\wamp\www\viiz\viizone\Lib\Action\Zoneadmin\ZoneAction.class.php 第 45 行.
SQL: SELECT COUNT(*) AS tp_count FROM `vii_share` LIMIT 1   [ RunTime:0.000234s ]
NOTIC: [8] Undefined variable: where D:\wamp\www\viiz\viizone\Lib\Action\Zoneadmin\ZoneAction.class.php 第 49 行.
SQL: SELECT * FROM `vii_share` ORDER BY id DESC LIMIT 0,20   [ RunTime:0.000384s ]
SQL: SELECT `nickname` FROM `vii_users` WHERE ( `id` = 0 ) LIMIT 1   [ RunTime:0.000175s ]
SQL: SELECT `nickname` FROM `vii_users` WHERE ( `id` = 0 ) LIMIT 1   [ RunTime:0.000145s ]
SQL: SELECT `nickname` FROM `vii_users` WHERE ( `id` = 0 ) LIMIT 1   [ RunTime:0.000144s ]
SQL: SELECT `nickname` FROM `vii_users` WHERE ( `id` = 0 ) LIMIT 1   [ RunTime:0.000143s ]
SQL: SELECT `nickname` FROM `vii_users` WHERE ( `id` = 0 ) LIMIT 1   [ RunTime:0.000143s ]
SQL: SELECT `nickname` FROM `vii_users` WHERE ( `id` = 1 ) LIMIT 1   [ RunTime:0.000167s ]
SQL: SELECT `nickname` FROM `vii_users` WHERE ( `id` = 0 ) LIMIT 1   [ RunTime:0.000151s ]
SQL: SELECT `nickname` FROM `vii_users` WHERE ( `id` = 0 ) LIMIT 1   [ RunTime:0.000142s ]
INFO: [ view_parse ] --START--
NOTIC: [8] Use of undefined constant index - assumed 'index' D:\wamp\www\viiz\viizone\Runtime\Cache\Zoneadmin\85bb3e2cc0e88d2614fe515448a85372.php 第 68 行.
NOTIC: [8] Use of undefined constant admin - assumed 'admin' D:\wamp\www\viiz\viizone\Runtime\Cache\Zoneadmin\85bb3e2cc0e88d2614fe515448a85372.php 第 71 行.
NOTIC: [8] Use of undefined constant member - assumed 'member' D:\wamp\www\viiz\viizone\Runtime\Cache\Zoneadmin\85bb3e2cc0e88d2614fe515448a85372.php 第 77 行.
NOTIC: [8] Use of undefined constant zone - assumed 'zone' D:\wamp\www\viiz\viizone\Runtime\Cache\Zoneadmin\85bb3e2cc0e88d2614fe515448a85372.php 第 83 行.
NOTIC: [8] Undefined variable: admins D:\wamp\www\viiz\viizone\Runtime\Cache\Zoneadmin\85bb3e2cc0e88d2614fe515448a85372.php 第 187 行.
NOTIC: [8] Undefined variable: admins D:\wamp\www\viiz\viizone\Runtime\Cache\Zoneadmin\85bb3e2cc0e88d2614fe515448a85372.php 第 187 行.
NOTIC: [8] Undefined variable: admins D:\wamp\www\viiz\viizone\Runtime\Cache\Zoneadmin\85bb3e2cc0e88d2614fe515448a85372.php 第 187 行.
NOTIC: [8] Undefined variable: admins D:\wamp\www\viiz\viizone\Runtime\Cache\Zoneadmin\85bb3e2cc0e88d2614fe515448a85372.php 第 187 行.
NOTIC: [8] Undefined variable: admins D:\wamp\www\viiz\viizone\Runtime\Cache\Zoneadmin\85bb3e2cc0e88d2614fe515448a85372.php 第 187 行.
NOTIC: [8] Undefined variable: admins D:\wamp\www\viiz\viizone\Runtime\Cache\Zoneadmin\85bb3e2cc0e88d2614fe515448a85372.php 第 187 行.
NOTIC: [8] Undefined variable: admins D:\wamp\www\viiz\viizone\Runtime\Cache\Zoneadmin\85bb3e2cc0e88d2614fe515448a85372.php 第 187 行.
NOTIC: [8] Undefined variable: admins D:\wamp\www\viiz\viizone\Runtime\Cache\Zoneadmin\85bb3e2cc0e88d2614fe515448a85372.php 第 187 行.
INFO: ParseTemplate Behavior ::run [ RunTime:0.022097s ]
INFO: [ view_parse ] --END-- [ RunTime:0.022220s ]
INFO: [ view_filter ] --START--
INFO: ContentReplace Behavior ::run [ RunTime:0.000929s ]
INFO: TokenBuild Behavior ::run [ RunTime:0.000714s ]
INFO: WriteHtmlCache Behavior ::run [ RunTime:0.000553s ]
INFO: ShowRuntime Behavior ::run [ RunTime:0.000803s ]
INFO: [ view_filter ] --END-- [ RunTime:0.003285s ]
INFO: [ view_end ] --START--
INFO: ShowPageTrace Behavior ::run [ RunTime:0.000817s ]
INFO: [ view_end ] --END-- [ RunTime:0.000918s ]

[ 2014-11-05T09:14:55+08:00 ] 127.0.0.1 /Zoneadmin/Zone/ajax.html
INFO: [ route_check ] --START--
INFO: CheckRoute Behavior ::run [ RunTime:0.001503s ]
INFO: [ route_check ] --END-- [ RunTime:0.001732s ]
INFO: [ app_begin ] --START--
INFO: ReadHtmlCache Behavior ::run [ RunTime:0.001328s ]
INFO: [ app_begin ] --END-- [ RunTime:0.001512s ]
SQL: SHOW COLUMNS FROM `vii_share` [ RunTime:0.007586s ]
SQL: SELECT * FROM `vii_share` WHERE ( `id` = 13 ) LIMIT 1   [ RunTime:0.001049s ]
SQL: DELETE FROM `vii_share` WHERE ( `id` = 13 ) [ RunTime:0.027314s ]

[ 2014-11-05T09:14:57+08:00 ] 127.0.0.1 /Zoneadmin/Zone/shareLists
INFO: [ route_check ] --START--
INFO: CheckRoute Behavior ::run [ RunTime:0.001017s ]
INFO: [ route_check ] --END-- [ RunTime:0.001145s ]
INFO: [ app_begin ] --START--
INFO: ReadHtmlCache Behavior ::run [ RunTime:0.000723s ]
INFO: [ app_begin ] --END-- [ RunTime:0.000825s ]
SQL: SHOW COLUMNS FROM `vii_share` [ RunTime:0.003688s ]
SQL: SHOW COLUMNS FROM `vii_users` [ RunTime:0.002989s ]
NOTIC: [8] Undefined variable: where D:\wamp\www\viiz\viizone\Lib\Action\Zoneadmin\ZoneAction.class.php 第 45 行.
SQL: SELECT COUNT(*) AS tp_count FROM `vii_share` LIMIT 1   [ RunTime:0.000374s ]
NOTIC: [8] Undefined variable: where D:\wamp\www\viiz\viizone\Lib\Action\Zoneadmin\ZoneAction.class.php 第 49 行.
SQL: SELECT * FROM `vii_share` ORDER BY id DESC LIMIT 0,20   [ RunTime:0.000603s ]
SQL: SELECT `nickname` FROM `vii_users` WHERE ( `id` = 0 ) LIMIT 1   [ RunTime:0.000245s ]
SQL: SELECT `nickname` FROM `vii_users` WHERE ( `id` = 0 ) LIMIT 1   [ RunTime:0.000196s ]
SQL: SELECT `nickname` FROM `vii_users` WHERE ( `id` = 0 ) LIMIT 1   [ RunTime:0.000216s ]
SQL: SELECT `nickname` FROM `vii_users` WHERE ( `id` = 0 ) LIMIT 1   [ RunTime:0.000200s ]
SQL: SELECT `nickname` FROM `vii_users` WHERE ( `id` = 1 ) LIMIT 1   [ RunTime:0.000253s ]
SQL: SELECT `nickname` FROM `vii_users` WHERE ( `id` = 0 ) LIMIT 1   [ RunTime:0.000152s ]
SQL: SELECT `nickname` FROM `vii_users` WHERE ( `id` = 0 ) LIMIT 1   [ RunTime:0.000145s ]
INFO: [ view_parse ] --START--
NOTIC: [8] Use of undefined constant index - assumed 'index' D:\wamp\www\viiz\viizone\Runtime\Cache\Zoneadmin\85bb3e2cc0e88d2614fe515448a85372.php 第 68 行.
NOTIC: [8] Use of undefined constant admin - assumed 'admin' D:\wamp\www\viiz\viizone\Runtime\Cache\Zoneadmin\85bb3e2cc0e88d2614fe515448a85372.php 第 71 行.
NOTIC: [8] Use of undefined constant member - assumed 'member' D:\wamp\www\viiz\viizone\Runtime\Cache\Zoneadmin\85bb3e2cc0e88d2614fe515448a85372.php 第 77 行.
NOTIC: [8] Use of undefined constant zone - assumed 'zone' D:\wamp\www\viiz\viizone\Runtime\Cache\Zoneadmin\85bb3e2cc0e88d2614fe515448a85372.php 第 83 行.
NOTIC: [8] Undefined variable: admins D:\wamp\www\viiz\viizone\Runtime\Cache\Zoneadmin\85bb3e2cc0e88d2614fe515448a85372.php 第 187 行.
NOTIC: [8] Undefined variable: admins D:\wamp\www\viiz\viizone\Runtime\Cache\Zoneadmin\85bb3e2cc0e88d2614fe515448a85372.php 第 187 行.
NOTIC: [8] Undefined variable: admins D:\wamp\www\viiz\viizone\Runtime\Cache\Zoneadmin\85bb3e2cc0e88d2614fe515448a85372.php 第 187 行.
NOTIC: [8] Undefined variable: admins D:\wamp\www\viiz\viizone\Runtime\Cache\Zoneadmin\85bb3e2cc0e88d2614fe515448a85372.php 第 187 行.
NOTIC: [8] Undefined variable: admins D:\wamp\www\viiz\viizone\Runtime\Cache\Zoneadmin\85bb3e2cc0e88d2614fe515448a85372.php 第 187 行.
NOTIC: [8] Undefined variable: admins D:\wamp\www\viiz\viizone\Runtime\Cache\Zoneadmin\85bb3e2cc0e88d2614fe515448a85372.php 第 187 行.
NOTIC: [8] Undefined variable: admins D:\wamp\www\viiz\viizone\Runtime\Cache\Zoneadmin\85bb3e2cc0e88d2614fe515448a85372.php 第 187 行.
INFO: ParseTemplate Behavior ::run [ RunTime:0.020489s ]
INFO: [ view_parse ] --END-- [ RunTime:0.020609s ]
INFO: [ view_filter ] --START--
INFO: ContentReplace Behavior ::run [ RunTime:0.000808s ]
INFO: TokenBuild Behavior ::run [ RunTime:0.000642s ]
INFO: WriteHtmlCache Behavior ::run [ RunTime:0.000503s ]
INFO: ShowRuntime Behavior ::run [ RunTime:0.000729s ]
INFO: [ view_filter ] --END-- [ RunTime:0.002959s ]
INFO: [ view_end ] --START--
INFO: ShowPageTrace Behavior ::run [ RunTime:0.000771s ]
INFO: [ view_end ] --END-- [ RunTime:0.000876s ]

[ 2014-11-05T09:16:41+08:00 ] 127.0.0.1 /Zoneadmin/Zone/articleLists
INFO: [ route_check ] --START--
INFO: CheckRoute Behavior ::run [ RunTime:0.001020s ]
INFO: [ route_check ] --END-- [ RunTime:0.001150s ]
INFO: [ app_begin ] --START--
INFO: ReadHtmlCache Behavior ::run [ RunTime:0.000719s ]
INFO: [ app_begin ] --END-- [ RunTime:0.000825s ]
SQL: SHOW COLUMNS FROM `vii_share` [ RunTime:0.003883s ]
SQL: SHOW COLUMNS FROM `vii_users` [ RunTime:0.003415s ]
NOTIC: [8] Undefined variable: where D:\wamp\www\viiz\viizone\Lib\Action\Zoneadmin\ZoneAction.class.php 第 270 行.
SQL: SELECT COUNT(*) AS tp_count FROM `vii_share` LIMIT 1   [ RunTime:0.000287s ]
NOTIC: [8] Undefined variable: where D:\wamp\www\viiz\viizone\Lib\Action\Zoneadmin\ZoneAction.class.php 第 274 行.
SQL: SELECT * FROM `vii_share` ORDER BY id DESC LIMIT 0,20   [ RunTime:0.000447s ]
SQL: SELECT `nickname` FROM `vii_users` WHERE ( `id` = 0 ) LIMIT 1   [ RunTime:0.000209s ]
SQL: SELECT `nickname` FROM `vii_users` WHERE ( `id` = 0 ) LIMIT 1   [ RunTime:0.000148s ]
SQL: SELECT `nickname` FROM `vii_users` WHERE ( `id` = 0 ) LIMIT 1   [ RunTime:0.000150s ]
SQL: SELECT `nickname` FROM `vii_users` WHERE ( `id` = 0 ) LIMIT 1   [ RunTime:0.000148s ]
SQL: SELECT `nickname` FROM `vii_users` WHERE ( `id` = 1 ) LIMIT 1   [ RunTime:0.000183s ]
SQL: SELECT `nickname` FROM `vii_users` WHERE ( `id` = 0 ) LIMIT 1   [ RunTime:0.000179s ]
SQL: SELECT `nickname` FROM `vii_users` WHERE ( `id` = 0 ) LIMIT 1   [ RunTime:0.000178s ]
INFO: [ view_parse ] --START--
NOTIC: [8] Use of undefined constant index - assumed 'index' D:\wamp\www\viiz\viizone\Runtime\Cache\Zoneadmin\b7db3f053f331638b4ee20ad62697079.php 第 71 行.
NOTIC: [8] Use of undefined constant admin - assumed 'admin' D:\wamp\www\viiz\viizone\Runtime\Cache\Zoneadmin\b7db3f053f331638b4ee20ad62697079.php 第 74 行.
NOTIC: [8] Use of undefined constant member - assumed 'member' D:\wamp\www\viiz\viizone\Runtime\Cache\Zoneadmin\b7db3f053f331638b4ee20ad62697079.php 第 80 行.
NOTIC: [8] Use of undefined constant zone - assumed 'zone' D:\wamp\www\viiz\viizone\Runtime\Cache\Zoneadmin\b7db3f053f331638b4ee20ad62697079.php 第 86 行.
NOTIC: [8] Undefined variable: admins D:\wamp\www\viiz\viizone\Runtime\Cache\Zoneadmin\b7db3f053f331638b4ee20ad62697079.php 第 190 行.
NOTIC: [8] Undefined variable: admins D:\wamp\www\viiz\viizone\Runtime\Cache\Zoneadmin\b7db3f053f331638b4ee20ad62697079.php 第 190 行.
NOTIC: [8] Undefined variable: admins D:\wamp\www\viiz\viizone\Runtime\Cache\Zoneadmin\b7db3f053f331638b4ee20ad62697079.php 第 190 行.
NOTIC: [8] Undefined variable: admins D:\wamp\www\viiz\viizone\Runtime\Cache\Zoneadmin\b7db3f053f331638b4ee20ad62697079.php 第 190 行.
NOTIC: [8] Undefined variable: admins D:\wamp\www\viiz\viizone\Runtime\Cache\Zoneadmin\b7db3f053f331638b4ee20ad62697079.php 第 190 行.
NOTIC: [8] Undefined variable: admins D:\wamp\www\viiz\viizone\Runtime\Cache\Zoneadmin\b7db3f053f331638b4ee20ad62697079.php 第 190 行.
NOTIC: [8] Undefined variable: admins D:\wamp\www\viiz\viizone\Runtime\Cache\Zoneadmin\b7db3f053f331638b4ee20ad62697079.php 第 190 行.
INFO: ParseTemplate Behavior ::run [ RunTime:0.019982s ]
INFO: [ view_parse ] --END-- [ RunTime:0.020104s ]
INFO: [ view_filter ] --START--
INFO: ContentReplace Behavior ::run [ RunTime:0.000791s ]
INFO: TokenBuild Behavior ::run [ RunTime:0.000656s ]
INFO: WriteHtmlCache Behavior ::run [ RunTime:0.000493s ]
INFO: ShowRuntime Behavior ::run [ RunTime:0.000733s ]
INFO: [ view_filter ] --END-- [ RunTime:0.002951s ]
INFO: [ view_end ] --START--
INFO: ShowPageTrace Behavior ::run [ RunTime:0.000756s ]
INFO: [ view_end ] --END-- [ RunTime:0.000854s ]

[ 2014-11-05T09:16:44+08:00 ] 127.0.0.1 /Zoneadmin/Zone/addArticle
INFO: [ route_check ] --START--
INFO: CheckRoute Behavior ::run [ RunTime:0.000818s ]
INFO: [ route_check ] --END-- [ RunTime:0.000956s ]
INFO: [ app_begin ] --START--
INFO: ReadHtmlCache Behavior ::run [ RunTime:0.000635s ]
INFO: [ app_begin ] --END-- [ RunTime:0.000739s ]
INFO: [ view_parse ] --START--
NOTIC: [8] Use of undefined constant index - assumed 'index' D:\wamp\www\viiz\viizone\Runtime\Cache\Zoneadmin\e4dc8c5239a9b6f8a4e580f4ade635e3.php 第 71 行.
NOTIC: [8] Use of undefined constant admin - assumed 'admin' D:\wamp\www\viiz\viizone\Runtime\Cache\Zoneadmin\e4dc8c5239a9b6f8a4e580f4ade635e3.php 第 74 行.
NOTIC: [8] Use of undefined constant member - assumed 'member' D:\wamp\www\viiz\viizone\Runtime\Cache\Zoneadmin\e4dc8c5239a9b6f8a4e580f4ade635e3.php 第 80 行.
NOTIC: [8] Use of undefined constant zone - assumed 'zone' D:\wamp\www\viiz\viizone\Runtime\Cache\Zoneadmin\e4dc8c5239a9b6f8a4e580f4ade635e3.php 第 86 行.
INFO: ParseTemplate Behavior ::run [ RunTime:0.011256s ]
INFO: [ view_parse ] --END-- [ RunTime:0.011384s ]
INFO: [ view_filter ] --START--
INFO: ContentReplace Behavior ::run [ RunTime:0.000571s ]
INFO: TokenBuild Behavior ::run [ RunTime:0.000521s ]
INFO: WriteHtmlCache Behavior ::run [ RunTime:0.000393s ]
INFO: ShowRuntime Behavior ::run [ RunTime:0.000614s ]
INFO: [ view_filter ] --END-- [ RunTime:0.002373s ]
INFO: [ view_end ] --START--
INFO: ShowPageTrace Behavior ::run [ RunTime:0.000639s ]
INFO: [ view_end ] --END-- [ RunTime:0.000743s ]

[ 2014-11-05T09:21:33+08:00 ] 127.0.0.1 /Zoneadmin/Zone/addArticle
INFO: [ route_check ] --START--
INFO: CheckRoute Behavior ::run [ RunTime:0.004931s ]
INFO: [ route_check ] --END-- [ RunTime:0.005337s ]
INFO: [ app_begin ] --START--
INFO: ReadHtmlCache Behavior ::run [ RunTime:0.002365s ]
INFO: [ app_begin ] --END-- [ RunTime:0.002666s ]
INFO: [ view_parse ] --START--
NOTIC: [8] Use of undefined constant index - assumed 'index' D:\wamp\www\viiz\viizone\Runtime\Cache\Zoneadmin\e4dc8c5239a9b6f8a4e580f4ade635e3.php 第 71 行.
NOTIC: [8] Use of undefined constant admin - assumed 'admin' D:\wamp\www\viiz\viizone\Runtime\Cache\Zoneadmin\e4dc8c5239a9b6f8a4e580f4ade635e3.php 第 74 行.
NOTIC: [8] Use of undefined constant member - assumed 'member' D:\wamp\www\viiz\viizone\Runtime\Cache\Zoneadmin\e4dc8c5239a9b6f8a4e580f4ade635e3.php 第 80 行.
NOTIC: [8] Use of undefined constant zone - assumed 'zone' D:\wamp\www\viiz\viizone\Runtime\Cache\Zoneadmin\e4dc8c5239a9b6f8a4e580f4ade635e3.php 第 86 行.
INFO: ParseTemplate Behavior ::run [ RunTime:0.022366s ]
INFO: [ view_parse ] --END-- [ RunTime:0.022687s ]
INFO: [ view_filter ] --START--
INFO: ContentReplace Behavior ::run [ RunTime:0.002180s ]
INFO: TokenBuild Behavior ::run [ RunTime:0.002026s ]
INFO: WriteHtmlCache Behavior ::run [ RunTime:0.001951s ]
INFO: ShowRuntime Behavior ::run [ RunTime:0.002414s ]
INFO: [ view_filter ] --END-- [ RunTime:0.009494s ]
INFO: [ view_end ] --START--
INFO: ShowPageTrace Behavior ::run [ RunTime:0.001825s ]
INFO: [ view_end ] --END-- [ RunTime:0.002051s ]

[ 2014-11-05T14:33:16+08:00 ] 127.0.0.1 /Zoneadmin/Zone/addArticle
INFO: [ route_check ] --START--
INFO: CheckRoute Behavior ::run [ RunTime:0.002303s ]
INFO: [ route_check ] --END-- [ RunTime:0.002591s ]
INFO: [ app_begin ] --START--
INFO: ReadHtmlCache Behavior ::run [ RunTime:0.001668s ]
INFO: [ app_begin ] --END-- [ RunTime:0.001943s ]
INFO: [ view_parse ] --START--
NOTIC: [8] Use of undefined constant index - assumed 'index' D:\wamp\www\viiz\viizone\Runtime\Cache\Zoneadmin\e4dc8c5239a9b6f8a4e580f4ade635e3.php 第 71 行.
NOTIC: [8] Use of undefined constant admin - assumed 'admin' D:\wamp\www\viiz\viizone\Runtime\Cache\Zoneadmin\e4dc8c5239a9b6f8a4e580f4ade635e3.php 第 74 行.
NOTIC: [8] Use of undefined constant member - assumed 'member' D:\wamp\www\viiz\viizone\Runtime\Cache\Zoneadmin\e4dc8c5239a9b6f8a4e580f4ade635e3.php 第 80 行.
NOTIC: [8] Use of undefined constant zone - assumed 'zone' D:\wamp\www\viiz\viizone\Runtime\Cache\Zoneadmin\e4dc8c5239a9b6f8a4e580f4ade635e3.php 第 86 行.
INFO: ParseTemplate Behavior ::run [ RunTime:0.090055s ]
INFO: [ view_parse ] --END-- [ RunTime:0.090304s ]
INFO: [ view_filter ] --START--
INFO: ContentReplace Behavior ::run [ RunTime:0.000956s ]
INFO: TokenBuild Behavior ::run [ RunTime:0.000886s ]
INFO: WriteHtmlCache Behavior ::run [ RunTime:0.000702s ]
INFO: ShowRuntime Behavior ::run [ RunTime:0.001023s ]
INFO: [ view_filter ] --END-- [ RunTime:0.003971s ]
INFO: [ view_end ] --START--
INFO: ShowPageTrace Behavior ::run [ RunTime:0.001185s ]
INFO: [ view_end ] --END-- [ RunTime:0.001335s ]

[ 2014-11-05T14:55:31+08:00 ] 127.0.0.1 /Zoneadmin/Zone/addArticle
INFO: [ route_check ] --START--
INFO: CheckRoute Behavior ::run [ RunTime:0.001166s ]
INFO: [ route_check ] --END-- [ RunTime:0.001334s ]
INFO: [ app_begin ] --START--
INFO: ReadHtmlCache Behavior ::run [ RunTime:0.000898s ]
INFO: [ app_begin ] --END-- [ RunTime:0.001022s ]
INFO: [ view_parse ] --START--
NOTIC: [8] Use of undefined constant index - assumed 'index' D:\wamp\www\viiz\viizone\Runtime\Cache\Zoneadmin\e4dc8c5239a9b6f8a4e580f4ade635e3.php 第 71 行.
NOTIC: [8] Use of undefined constant admin - assumed 'admin' D:\wamp\www\viiz\viizone\Runtime\Cache\Zoneadmin\e4dc8c5239a9b6f8a4e580f4ade635e3.php 第 74 行.
NOTIC: [8] Use of undefined constant member - assumed 'member' D:\wamp\www\viiz\viizone\Runtime\Cache\Zoneadmin\e4dc8c5239a9b6f8a4e580f4ade635e3.php 第 80 行.
NOTIC: [8] Use of undefined constant zone - assumed 'zone' D:\wamp\www\viiz\viizone\Runtime\Cache\Zoneadmin\e4dc8c5239a9b6f8a4e580f4ade635e3.php 第 86 行.
INFO: ParseTemplate Behavior ::run [ RunTime:0.024012s ]
INFO: [ view_parse ] --END-- [ RunTime:0.024148s ]
INFO: [ view_filter ] --START--
INFO: ContentReplace Behavior ::run [ RunTime:0.000682s ]
INFO: TokenBuild Behavior ::run [ RunTime:0.000632s ]
INFO: WriteHtmlCache Behavior ::run [ RunTime:0.000498s ]
INFO: ShowRuntime Behavior ::run [ RunTime:0.000722s ]
INFO: [ view_filter ] --END-- [ RunTime:0.002805s ]
INFO: [ view_end ] --START--
INFO: ShowPageTrace Behavior ::run [ RunTime:0.000872s ]
INFO: [ view_end ] --END-- [ RunTime:0.000974s ]

[ 2014-11-05T14:55:36+08:00 ] 127.0.0.1 /Zoneadmin/Zone/articleLists
INFO: [ route_check ] --START--
INFO: CheckRoute Behavior ::run [ RunTime:0.002589s ]
INFO: [ route_check ] --END-- [ RunTime:0.002901s ]
INFO: [ app_begin ] --START--
INFO: ReadHtmlCache Behavior ::run [ RunTime:0.001705s ]
INFO: [ app_begin ] --END-- [ RunTime:0.001958s ]
SQL: SHOW COLUMNS FROM `vii_share` [ RunTime:0.041584s ]
SQL: SHOW COLUMNS FROM `vii_users` [ RunTime:0.089772s ]
NOTIC: [8] Undefined variable: where D:\wamp\www\viiz\viizone\Lib\Action\Zoneadmin\ZoneAction.class.php 第 270 行.
SQL: SELECT COUNT(*) AS tp_count FROM `vii_share` LIMIT 1   [ RunTime:0.000446s ]
NOTIC: [8] Undefined variable: where D:\wamp\www\viiz\viizone\Lib\Action\Zoneadmin\ZoneAction.class.php 第 274 行.
SQL: SELECT * FROM `vii_share` ORDER BY id DESC LIMIT 0,20   [ RunTime:0.001155s ]
SQL: SELECT `nickname` FROM `vii_users` WHERE ( `id` = 0 ) LIMIT 1   [ RunTime:0.058302s ]
SQL: SELECT `nickname` FROM `vii_users` WHERE ( `id` = 0 ) LIMIT 1   [ RunTime:0.000462s ]
SQL: SELECT `nickname` FROM `vii_users` WHERE ( `id` = 0 ) LIMIT 1   [ RunTime:0.000337s ]
SQL: SELECT `nickname` FROM `vii_users` WHERE ( `id` = 0 ) LIMIT 1   [ RunTime:0.000348s ]
SQL: SELECT `nickname` FROM `vii_users` WHERE ( `id` = 1 ) LIMIT 1   [ RunTime:0.017707s ]
SQL: SELECT `nickname` FROM `vii_users` WHERE ( `id` = 0 ) LIMIT 1   [ RunTime:0.000389s ]
SQL: SELECT `nickname` FROM `vii_users` WHERE ( `id` = 0 ) LIMIT 1   [ RunTime:0.000389s ]
INFO: [ view_parse ] --START--
NOTIC: [8] Use of undefined constant index - assumed 'index' D:\wamp\www\viiz\viizone\Runtime\Cache\Zoneadmin\b7db3f053f331638b4ee20ad62697079.php 第 71 行.
NOTIC: [8] Use of undefined constant admin - assumed 'admin' D:\wamp\www\viiz\viizone\Runtime\Cache\Zoneadmin\b7db3f053f331638b4ee20ad62697079.php 第 74 行.
NOTIC: [8] Use of undefined constant member - assumed 'member' D:\wamp\www\viiz\viizone\Runtime\Cache\Zoneadmin\b7db3f053f331638b4ee20ad62697079.php 第 80 行.
NOTIC: [8] Use of undefined constant zone - assumed 'zone' D:\wamp\www\viiz\viizone\Runtime\Cache\Zoneadmin\b7db3f053f331638b4ee20ad62697079.php 第 86 行.
NOTIC: [8] Undefined variable: admins D:\wamp\www\viiz\viizone\Runtime\Cache\Zoneadmin\b7db3f053f331638b4ee20ad62697079.php 第 190 行.
NOTIC: [8] Undefined variable: admins D:\wamp\www\viiz\viizone\Runtime\Cache\Zoneadmin\b7db3f053f331638b4ee20ad62697079.php 第 190 行.
NOTIC: [8] Undefined variable: admins D:\wamp\www\viiz\viizone\Runtime\Cache\Zoneadmin\b7db3f053f331638b4ee20ad62697079.php 第 190 行.
NOTIC: [8] Undefined variable: admins D:\wamp\www\viiz\viizone\Runtime\Cache\Zoneadmin\b7db3f053f331638b4ee20ad62697079.php 第 190 行.
NOTIC: [8] Undefined variable: admins D:\wamp\www\viiz\viizone\Runtime\Cache\Zoneadmin\b7db3f053f331638b4ee20ad62697079.php 第 190 行.
NOTIC: [8] Undefined variable: admins D:\wamp\www\viiz\viizone\Runtime\Cache\Zoneadmin\b7db3f053f331638b4ee20ad62697079.php 第 190 行.
NOTIC: [8] Undefined variable: admins D:\wamp\www\viiz\viizone\Runtime\Cache\Zoneadmin\b7db3f053f331638b4ee20ad62697079.php 第 190 行.
INFO: ParseTemplate Behavior ::run [ RunTime:0.059615s ]
INFO: [ view_parse ] --END-- [ RunTime:0.059872s ]
INFO: [ view_filter ] --START--
INFO: ContentReplace Behavior ::run [ RunTime:0.002108s ]
INFO: TokenBuild Behavior ::run [ RunTime:0.001468s ]
INFO: WriteHtmlCache Behavior ::run [ RunTime:0.001124s ]
INFO: ShowRuntime Behavior ::run [ RunTime:0.001690s ]
INFO: [ view_filter ] --END-- [ RunTime:0.007046s ]
INFO: [ view_end ] --START--
INFO: ShowPageTrace Behavior ::run [ RunTime:0.001008s ]
INFO: [ view_end ] --END-- [ RunTime:0.001141s ]

[ 2014-11-05T14:55:39+08:00 ] 127.0.0.1 /Zoneadmin/Zone/addArticle
INFO: [ route_check ] --START--
INFO: CheckRoute Behavior ::run [ RunTime:0.001351s ]
INFO: [ route_check ] --END-- [ RunTime:0.001536s ]
INFO: [ app_begin ] --START--
INFO: ReadHtmlCache Behavior ::run [ RunTime:0.000914s ]
INFO: [ app_begin ] --END-- [ RunTime:0.001035s ]
INFO: [ view_parse ] --START--
NOTIC: [8] Use of undefined constant index - assumed 'index' D:\wamp\www\viiz\viizone\Runtime\Cache\Zoneadmin\e4dc8c5239a9b6f8a4e580f4ade635e3.php 第 71 行.
NOTIC: [8] Use of undefined constant admin - assumed 'admin' D:\wamp\www\viiz\viizone\Runtime\Cache\Zoneadmin\e4dc8c5239a9b6f8a4e580f4ade635e3.php 第 74 行.
NOTIC: [8] Use of undefined constant member - assumed 'member' D:\wamp\www\viiz\viizone\Runtime\Cache\Zoneadmin\e4dc8c5239a9b6f8a4e580f4ade635e3.php 第 80 行.
NOTIC: [8] Use of undefined constant zone - assumed 'zone' D:\wamp\www\viiz\viizone\Runtime\Cache\Zoneadmin\e4dc8c5239a9b6f8a4e580f4ade635e3.php 第 86 行.
INFO: ParseTemplate Behavior ::run [ RunTime:0.012487s ]
INFO: [ view_parse ] --END-- [ RunTime:0.012612s ]
INFO: [ view_filter ] --START--
INFO: ContentReplace Behavior ::run [ RunTime:0.000655s ]
INFO: TokenBuild Behavior ::run [ RunTime:0.000677s ]
INFO: WriteHtmlCache Behavior ::run [ RunTime:0.000507s ]
INFO: ShowRuntime Behavior ::run [ RunTime:0.000725s ]
INFO: [ view_filter ] --END-- [ RunTime:0.002835s ]
INFO: [ view_end ] --START--
INFO: ShowPageTrace Behavior ::run [ RunTime:0.000757s ]
INFO: [ view_end ] --END-- [ RunTime:0.000857s ]

[ 2014-11-05T15:02:35+08:00 ] 127.0.0.1 /Zoneadmin/Zone/articleLists
INFO: [ route_check ] --START--
INFO: CheckRoute Behavior ::run [ RunTime:0.001355s ]
INFO: [ route_check ] --END-- [ RunTime:0.001526s ]
INFO: [ app_begin ] --START--
INFO: ReadHtmlCache Behavior ::run [ RunTime:0.001084s ]
INFO: [ app_begin ] --END-- [ RunTime:0.001222s ]

[ 2014-11-05T15:02:35+08:00 ] 127.0.0.1 /Zoneadmin/Enter/login.html
INFO: [ route_check ] --START--
INFO: CheckRoute Behavior ::run [ RunTime:0.001111s ]
INFO: [ route_check ] --END-- [ RunTime:0.001259s ]
INFO: [ app_begin ] --START--
INFO: ReadHtmlCache Behavior ::run [ RunTime:0.000968s ]
INFO: [ app_begin ] --END-- [ RunTime:0.001086s ]
INFO: [ view_parse ] --START--
INFO: ParseTemplate Behavior ::run [ RunTime:0.012881s ]
INFO: [ view_parse ] --END-- [ RunTime:0.013043s ]
INFO: [ view_filter ] --START--
INFO: ContentReplace Behavior ::run [ RunTime:0.000731s ]
INFO: TokenBuild Behavior ::run [ RunTime:0.000751s ]
INFO: WriteHtmlCache Behavior ::run [ RunTime:0.000628s ]
INFO: ShowRuntime Behavior ::run [ RunTime:0.000864s ]
INFO: [ view_filter ] --END-- [ RunTime:0.003283s ]
INFO: [ view_end ] --START--
INFO: ShowPageTrace Behavior ::run [ RunTime:0.000934s ]
INFO: [ view_end ] --END-- [ RunTime:0.001057s ]

[ 2014-11-05T15:02:37+08:00 ] 127.0.0.1 /Zoneadmin/Enter/login_act
INFO: [ route_check ] --START--
INFO: CheckRoute Behavior ::run [ RunTime:0.001163s ]
INFO: [ route_check ] --END-- [ RunTime:0.001340s ]
INFO: [ app_begin ] --START--
INFO: ReadHtmlCache Behavior ::run [ RunTime:0.000939s ]
INFO: [ app_begin ] --END-- [ RunTime:0.001063s ]
SQL: SHOW COLUMNS FROM `vii_admin` [ RunTime:0.116602s ]
SQL: SELECT * FROM `vii_admin` WHERE ( `admin_name` = 'super' ) AND ( `lock` = 0 ) LIMIT 1   [ RunTime:0.171867s ]

[ 2014-11-05T15:02:38+08:00 ] 127.0.0.1 /Zoneadmin/Index/index.html
INFO: [ route_check ] --START--
INFO: CheckRoute Behavior ::run [ RunTime:0.001137s ]
INFO: [ route_check ] --END-- [ RunTime:0.001294s ]
INFO: [ app_begin ] --START--
INFO: ReadHtmlCache Behavior ::run [ RunTime:0.000925s ]
INFO: [ app_begin ] --END-- [ RunTime:0.001048s ]
INFO: [ view_parse ] --START--
NOTIC: [8] Use of undefined constant index - assumed 'index' D:\wamp\www\viiz\viizone\Runtime\Cache\Zoneadmin\255d260018ad53235ecd1299478919f2.php 第 64 行.
NOTIC: [8] Undefined variable: position D:\wamp\www\viiz\viizone\Runtime\Cache\Zoneadmin\255d260018ad53235ecd1299478919f2.php 第 64 行.
NOTIC: [8] Use of undefined constant admin - assumed 'admin' D:\wamp\www\viiz\viizone\Runtime\Cache\Zoneadmin\255d260018ad53235ecd1299478919f2.php 第 67 行.
NOTIC: [8] Undefined variable: position D:\wamp\www\viiz\viizone\Runtime\Cache\Zoneadmin\255d260018ad53235ecd1299478919f2.php 第 67 行.
NOTIC: [8] Use of undefined constant member - assumed 'member' D:\wamp\www\viiz\viizone\Runtime\Cache\Zoneadmin\255d260018ad53235ecd1299478919f2.php 第 73 行.
NOTIC: [8] Undefined variable: position D:\wamp\www\viiz\viizone\Runtime\Cache\Zoneadmin\255d260018ad53235ecd1299478919f2.php 第 73 行.
NOTIC: [8] Use of undefined constant zone - assumed 'zone' D:\wamp\www\viiz\viizone\Runtime\Cache\Zoneadmin\255d260018ad53235ecd1299478919f2.php 第 79 行.
NOTIC: [8] Undefined variable: position D:\wamp\www\viiz\viizone\Runtime\Cache\Zoneadmin\255d260018ad53235ecd1299478919f2.php 第 79 行.
INFO: ParseTemplate Behavior ::run [ RunTime:0.048455s ]
INFO: [ view_parse ] --END-- [ RunTime:0.048620s ]
INFO: [ view_filter ] --START--
INFO: ContentReplace Behavior ::run [ RunTime:0.000947s ]
INFO: TokenBuild Behavior ::run [ RunTime:0.001002s ]
INFO: WriteHtmlCache Behavior ::run [ RunTime:0.000623s ]
INFO: ShowRuntime Behavior ::run [ RunTime:0.000921s ]
INFO: [ view_filter ] --END-- [ RunTime:0.003810s ]
INFO: [ view_end ] --START--
INFO: ShowPageTrace Behavior ::run [ RunTime:0.000930s ]
INFO: [ view_end ] --END-- [ RunTime:0.001057s ]

[ 2014-11-05T15:02:45+08:00 ] 127.0.0.1 /Zoneadmin/Index/charts.html
INFO: [ route_check ] --START--
INFO: CheckRoute Behavior ::run [ RunTime:0.001345s ]
INFO: [ route_check ] --END-- [ RunTime:0.001572s ]
INFO: [ app_begin ] --START--
INFO: ReadHtmlCache Behavior ::run [ RunTime:0.001121s ]
INFO: [ app_begin ] --END-- [ RunTime:0.001252s ]
ERR: 非法操作:charts

[ 2014-11-05T15:05:23+08:00 ] 127.0.0.1 /Zoneadmin/Zone/addArticle
INFO: [ route_check ] --START--
INFO: CheckRoute Behavior ::run [ RunTime:0.001194s ]
INFO: [ route_check ] --END-- [ RunTime:0.001340s ]
INFO: [ app_begin ] --START--
INFO: ReadHtmlCache Behavior ::run [ RunTime:0.000978s ]
INFO: [ app_begin ] --END-- [ RunTime:0.001096s ]
INFO: [ view_parse ] --START--
NOTIC: [8] Use of undefined constant index - assumed 'index' D:\wamp\www\viiz\viizone\Runtime\Cache\Zoneadmin\e4dc8c5239a9b6f8a4e580f4ade635e3.php 第 71 行.
NOTIC: [8] Use of undefined constant admin - assumed 'admin' D:\wamp\www\viiz\viizone\Runtime\Cache\Zoneadmin\e4dc8c5239a9b6f8a4e580f4ade635e3.php 第 74 行.
NOTIC: [8] Use of undefined constant member - assumed 'member' D:\wamp\www\viiz\viizone\Runtime\Cache\Zoneadmin\e4dc8c5239a9b6f8a4e580f4ade635e3.php 第 80 行.
NOTIC: [8] Use of undefined constant zone - assumed 'zone' D:\wamp\www\viiz\viizone\Runtime\Cache\Zoneadmin\e4dc8c5239a9b6f8a4e580f4ade635e3.php 第 86 行.
INFO: ParseTemplate Behavior ::run [ RunTime:0.015042s ]
INFO: [ view_parse ] --END-- [ RunTime:0.015191s ]
INFO: [ view_filter ] --START--
INFO: ContentReplace Behavior ::run [ RunTime:0.000898s ]
INFO: TokenBuild Behavior ::run [ RunTime:0.000796s ]
INFO: WriteHtmlCache Behavior ::run [ RunTime:0.000618s ]
INFO: ShowRuntime Behavior ::run [ RunTime:0.000859s ]
INFO: [ view_filter ] --END-- [ RunTime:0.003483s ]
INFO: [ view_end ] --START--
INFO: ShowPageTrace Behavior ::run [ RunTime:0.000883s ]
INFO: [ view_end ] --END-- [ RunTime:0.001021s ]

[ 2014-11-05T15:05:25+08:00 ] 127.0.0.1 /Zoneadmin/Zone/addArticle
INFO: [ route_check ] --START--
INFO: CheckRoute Behavior ::run [ RunTime:0.001029s ]
INFO: [ route_check ] --END-- [ RunTime:0.001172s ]
INFO: [ app_begin ] --START--
INFO: ReadHtmlCache Behavior ::run [ RunTime:0.000860s ]
INFO: [ app_begin ] --END-- [ RunTime:0.000972s ]
INFO: [ view_parse ] --START--
NOTIC: [8] Use of undefined constant index - assumed 'index' D:\wamp\www\viiz\viizone\Runtime\Cache\Zoneadmin\e4dc8c5239a9b6f8a4e580f4ade635e3.php 第 71 行.
NOTIC: [8] Use of undefined constant admin - assumed 'admin' D:\wamp\www\viiz\viizone\Runtime\Cache\Zoneadmin\e4dc8c5239a9b6f8a4e580f4ade635e3.php 第 74 行.
NOTIC: [8] Use of undefined constant member - assumed 'member' D:\wamp\www\viiz\viizone\Runtime\Cache\Zoneadmin\e4dc8c5239a9b6f8a4e580f4ade635e3.php 第 80 行.
NOTIC: [8] Use of undefined constant zone - assumed 'zone' D:\wamp\www\viiz\viizone\Runtime\Cache\Zoneadmin\e4dc8c5239a9b6f8a4e580f4ade635e3.php 第 86 行.
INFO: ParseTemplate Behavior ::run [ RunTime:0.017024s ]
INFO: [ view_parse ] --END-- [ RunTime:0.017168s ]
INFO: [ view_filter ] --START--
INFO: ContentReplace Behavior ::run [ RunTime:0.000817s ]
INFO: TokenBuild Behavior ::run [ RunTime:0.000847s ]
INFO: WriteHtmlCache Behavior ::run [ RunTime:0.000643s ]
INFO: ShowRuntime Behavior ::run [ RunTime:0.000864s ]
INFO: [ view_filter ] --END-- [ RunTime:0.003492s ]
INFO: [ view_end ] --START--
INFO: ShowPageTrace Behavior ::run [ RunTime:0.000897s ]
INFO: [ view_end ] --END-- [ RunTime:0.001012s ]

[ 2014-11-05T16:28:37+08:00 ] 127.0.0.1 /Zoneadmin
INFO: [ route_check ] --START--
INFO: CheckRoute Behavior ::run [ RunTime:0.015004s ]
INFO: [ route_check ] --END-- [ RunTime:0.033765s ]
INFO: [ app_begin ] --START--
INFO: ReadHtmlCache Behavior ::run [ RunTime:0.001214s ]
INFO: [ app_begin ] --END-- [ RunTime:0.001388s ]
INFO: [ view_parse ] --START--
NOTIC: [8] Use of undefined constant index - assumed 'index' D:\wamp\www\viiz\viizone\Runtime\Cache\Zoneadmin\255d260018ad53235ecd1299478919f2.php 第 64 行.
NOTIC: [8] Undefined variable: position D:\wamp\www\viiz\viizone\Runtime\Cache\Zoneadmin\255d260018ad53235ecd1299478919f2.php 第 64 行.
NOTIC: [8] Use of undefined constant admin - assumed 'admin' D:\wamp\www\viiz\viizone\Runtime\Cache\Zoneadmin\255d260018ad53235ecd1299478919f2.php 第 67 行.
NOTIC: [8] Undefined variable: position D:\wamp\www\viiz\viizone\Runtime\Cache\Zoneadmin\255d260018ad53235ecd1299478919f2.php 第 67 行.
NOTIC: [8] Use of undefined constant member - assumed 'member' D:\wamp\www\viiz\viizone\Runtime\Cache\Zoneadmin\255d260018ad53235ecd1299478919f2.php 第 73 行.
NOTIC: [8] Undefined variable: position D:\wamp\www\viiz\viizone\Runtime\Cache\Zoneadmin\255d260018ad53235ecd1299478919f2.php 第 73 行.
NOTIC: [8] Use of undefined constant zone - assumed 'zone' D:\wamp\www\viiz\viizone\Runtime\Cache\Zoneadmin\255d260018ad53235ecd1299478919f2.php 第 79 行.
NOTIC: [8] Undefined variable: position D:\wamp\www\viiz\viizone\Runtime\Cache\Zoneadmin\255d260018ad53235ecd1299478919f2.php 第 79 行.
INFO: ParseTemplate Behavior ::run [ RunTime:0.258293s ]
INFO: [ view_parse ] --END-- [ RunTime:0.258541s ]
INFO: [ view_filter ] --START--
INFO: ContentReplace Behavior ::run [ RunTime:0.001764s ]
INFO: TokenBuild Behavior ::run [ RunTime:0.001540s ]
INFO: WriteHtmlCache Behavior ::run [ RunTime:0.001190s ]
INFO: ShowRuntime Behavior ::run [ RunTime:0.001799s ]
INFO: [ view_filter ] --END-- [ RunTime:0.007002s ]
INFO: [ view_end ] --START--
INFO: ShowPageTrace Behavior ::run [ RunTime:0.001813s ]
INFO: [ view_end ] --END-- [ RunTime:0.002083s ]

[ 2014-11-05T16:28:49+08:00 ] 127.0.0.1 /Zoneadmin/Zone/shareLists
INFO: [ route_check ] --START--
INFO: CheckRoute Behavior ::run [ RunTime:0.000816s ]
INFO: [ route_check ] --END-- [ RunTime:0.000953s ]
INFO: [ app_begin ] --START--
INFO: ReadHtmlCache Behavior ::run [ RunTime:0.000647s ]
INFO: [ app_begin ] --END-- [ RunTime:0.000756s ]
SQL: SHOW COLUMNS FROM `vii_share` [ RunTime:0.327327s ]
SQL: SHOW COLUMNS FROM `vii_users` [ RunTime:0.060390s ]
NOTIC: [8] Undefined variable: where D:\wamp\www\viiz\viizone\Lib\Action\Zoneadmin\ZoneAction.class.php 第 45 行.
SQL: SELECT COUNT(*) AS tp_count FROM `vii_share` LIMIT 1   [ RunTime:0.009121s ]
NOTIC: [8] Undefined variable: where D:\wamp\www\viiz\viizone\Lib\Action\Zoneadmin\ZoneAction.class.php 第 49 行.
SQL: SELECT * FROM `vii_share` ORDER BY id DESC LIMIT 0,20   [ RunTime:0.001460s ]
SQL: SELECT `nickname` FROM `vii_users` WHERE ( `id` = 0 ) LIMIT 1   [ RunTime:0.069699s ]
SQL: SELECT `nickname` FROM `vii_users` WHERE ( `id` = 0 ) LIMIT 1   [ RunTime:0.000313s ]
SQL: SELECT `nickname` FROM `vii_users` WHERE ( `id` = 0 ) LIMIT 1   [ RunTime:0.000152s ]
SQL: SELECT `nickname` FROM `vii_users` WHERE ( `id` = 0 ) LIMIT 1   [ RunTime:0.000155s ]
SQL: SELECT `nickname` FROM `vii_users` WHERE ( `id` = 1 ) LIMIT 1   [ RunTime:0.006091s ]
SQL: SELECT `nickname` FROM `vii_users` WHERE ( `id` = 0 ) LIMIT 1   [ RunTime:0.000226s ]
SQL: SELECT `nickname` FROM `vii_users` WHERE ( `id` = 0 ) LIMIT 1   [ RunTime:0.000209s ]
INFO: [ view_parse ] --START--
NOTIC: [8] Use of undefined constant index - assumed 'index' D:\wamp\www\viiz\viizone\Runtime\Cache\Zoneadmin\85bb3e2cc0e88d2614fe515448a85372.php 第 68 行.
NOTIC: [8] Use of undefined constant admin - assumed 'admin' D:\wamp\www\viiz\viizone\Runtime\Cache\Zoneadmin\85bb3e2cc0e88d2614fe515448a85372.php 第 71 行.
NOTIC: [8] Use of undefined constant member - assumed 'member' D:\wamp\www\viiz\viizone\Runtime\Cache\Zoneadmin\85bb3e2cc0e88d2614fe515448a85372.php 第 77 行.
NOTIC: [8] Use of undefined constant zone - assumed 'zone' D:\wamp\www\viiz\viizone\Runtime\Cache\Zoneadmin\85bb3e2cc0e88d2614fe515448a85372.php 第 83 行.
NOTIC: [8] Undefined variable: admins D:\wamp\www\viiz\viizone\Runtime\Cache\Zoneadmin\85bb3e2cc0e88d2614fe515448a85372.php 第 187 行.
NOTIC: [8] Undefined variable: admins D:\wamp\www\viiz\viizone\Runtime\Cache\Zoneadmin\85bb3e2cc0e88d2614fe515448a85372.php 第 187 行.
NOTIC: [8] Undefined variable: admins D:\wamp\www\viiz\viizone\Runtime\Cache\Zoneadmin\85bb3e2cc0e88d2614fe515448a85372.php 第 187 行.
NOTIC: [8] Undefined variable: admins D:\wamp\www\viiz\viizone\Runtime\Cache\Zoneadmin\85bb3e2cc0e88d2614fe515448a85372.php 第 187 行.
NOTIC: [8] Undefined variable: admins D:\wamp\www\viiz\viizone\Runtime\Cache\Zoneadmin\85bb3e2cc0e88d2614fe515448a85372.php 第 187 行.
NOTIC: [8] Undefined variable: admins D:\wamp\www\viiz\viizone\Runtime\Cache\Zoneadmin\85bb3e2cc0e88d2614fe515448a85372.php 第 187 行.
NOTIC: [8] Undefined variable: admins D:\wamp\www\viiz\viizone\Runtime\Cache\Zoneadmin\85bb3e2cc0e88d2614fe515448a85372.php 第 187 行.
INFO: ParseTemplate Behavior ::run [ RunTime:0.050129s ]
INFO: [ view_parse ] --END-- [ RunTime:0.050313s ]
INFO: [ view_filter ] --START--
INFO: ContentReplace Behavior ::run [ RunTime:0.000885s ]
INFO: TokenBuild Behavior ::run [ RunTime:0.000619s ]
INFO: WriteHtmlCache Behavior ::run [ RunTime:0.000443s ]
INFO: ShowRuntime Behavior ::run [ RunTime:0.000699s ]
INFO: [ view_filter ] --END-- [ RunTime:0.002955s ]
INFO: [ view_end ] --START--
INFO: ShowPageTrace Behavior ::run [ RunTime:0.000919s ]
INFO: [ view_end ] --END-- [ RunTime:0.001034s ]

[ 2014-11-05T16:31:39+08:00 ] 127.0.0.1 /Zoneadmin/Zone/addshare
INFO: [ route_check ] --START--
INFO: CheckRoute Behavior ::run [ RunTime:0.001031s ]
INFO: [ route_check ] --END-- [ RunTime:0.001168s ]
INFO: [ app_begin ] --START--
INFO: ReadHtmlCache Behavior ::run [ RunTime:0.000744s ]
INFO: [ app_begin ] --END-- [ RunTime:0.000853s ]
INFO: [ view_parse ] --START--
NOTIC: [8] Use of undefined constant index - assumed 'index' D:\wamp\www\viiz\viizone\Runtime\Cache\Zoneadmin\83b623f6a0707ce6fe849645bcceef65.php 第 71 行.
NOTIC: [8] Use of undefined constant admin - assumed 'admin' D:\wamp\www\viiz\viizone\Runtime\Cache\Zoneadmin\83b623f6a0707ce6fe849645bcceef65.php 第 74 行.
NOTIC: [8] Use of undefined constant member - assumed 'member' D:\wamp\www\viiz\viizone\Runtime\Cache\Zoneadmin\83b623f6a0707ce6fe849645bcceef65.php 第 80 行.
NOTIC: [8] Use of undefined constant zone - assumed 'zone' D:\wamp\www\viiz\viizone\Runtime\Cache\Zoneadmin\83b623f6a0707ce6fe849645bcceef65.php 第 86 行.
INFO: ParseTemplate Behavior ::run [ RunTime:0.029985s ]
INFO: [ view_parse ] --END-- [ RunTime:0.030191s ]
INFO: [ view_filter ] --START--
INFO: ContentReplace Behavior ::run [ RunTime:0.000743s ]
INFO: TokenBuild Behavior ::run [ RunTime:0.000660s ]
INFO: WriteHtmlCache Behavior ::run [ RunTime:0.000515s ]
INFO: ShowRuntime Behavior ::run [ RunTime:0.000766s ]
INFO: [ view_filter ] --END-- [ RunTime:0.002992s ]
INFO: [ view_end ] --START--
INFO: ShowPageTrace Behavior ::run [ RunTime:0.000824s ]
INFO: [ view_end ] --END-- [ RunTime:0.000937s ]

